 Plugin registered: inventory
 Plugin registered: shop
 Plugin registered: prompt-manager
 Plugin registered: chat-plugin
 Plugin registered: time-plugin
 Plugin registered: achievement
 Plugin registered: adult-tags
 Plugin registered: simple-story
 Plugin registered: character-editor
 所有模块加载完成
 Inventory plugin loaded
 Shop plugin loaded
 [提示词管理] 插件已加载
 [提示词管理] 模板加载完成
 Chat plugin loaded
 Time plugin loaded
 Achievement plugin loaded
 Adult-tags plugin loaded
 Simple-story plugin loaded
 Character editor plugin loaded
 All plugins initialized
  [TimePlugin] 尝试加载关系库失败: /C:/Users/yf217/Desktop/aichat/%E5%BC%80%E5%8F%91/%E5%BC%80%E5%8F%915.0%EF%BC%88%E6%95%85%E4%BA%8B%E7%94%9F%E6%88%90%E5%99%A8%EF%BC%89/14.0/js/plugins/time-plugin/user-content/relationships.txt 
_loadRelationTypes @ index.js:218
await in _loadRelationTypes
init @ index.js:1265
init @ plugin.js:60
await in init
init @ app.js:34
init @ app.js:60
  [TimePlugin] 所有路径都失败，使用默认关系
_loadRelationTypes @ index.js:222
await in _loadRelationTypes
init @ index.js:1265
init @ plugin.js:60
await in init
init @ app.js:34
init @ app.js:60
  Failed to load achievements from /C:/Users/yf217/Desktop/aichat/%E5%BC%80%E5%8F%91/%E5%BC%80%E5%8F%915.0%EF%BC%88%E6%95%85%E4%BA%8B%E7%94%9F%E6%88%90%E5%99%A8%EF%BC%89/14.0/js/plugins/achievement/user-content/achievements.txt 
_initDefaultLibrary @ index.js:57
await in _initDefaultLibrary
init @ index.js:7
init @ plugin.js:60
await in init
init @ app.js:34
init @ app.js:60
  Failed to load tags from /C:/Users/yf217/Desktop/aichat/%E5%BC%80%E5%8F%91/%E5%BC%80%E5%8F%915.0%EF%BC%88%E6%95%85%E4%BA%8B%E7%94%9F%E6%88%90%E5%99%A8%EF%BC%89/14.0/js/plugins/adult-tags/user-content/1.txt 
_loadTagsFromFile @ index.js:158
await in _loadTagsFromFile
_initTagLibrary @ index.js:29
init @ index.js:9
init @ plugin.js:60
await in init
init @ app.js:34
init @ app.js:60
  [小故事] 加载文件失败: ./js/plugins/simple-story/user-content/姿势/01_基础体位.txt 
_loadCategoryTags @ index.js:164
await in _loadCategoryTags
(匿名) @ index.js:121
_loadAllCategoryData @ index.js:121
init @ index.js:85
init @ plugin.js:60
await in init
init @ app.js:34
init @ app.js:60
  [小故事] 加载文件失败: ./js/plugins/simple-story/user-content/表情/01_含羞.txt 
_loadCategoryTags @ index.js:164
await in _loadCategoryTags
(匿名) @ index.js:121
_loadAllCategoryData @ index.js:121
init @ index.js:85
init @ plugin.js:60
await in init
init @ app.js:34
init @ app.js:60
  [小故事] 加载文件失败: ./js/plugins/simple-story/user-content/服装/01_露乳服装设计.txt 
_loadCategoryTags @ index.js:164
await in _loadCategoryTags
(匿名) @ index.js:121
_loadAllCategoryData @ index.js:121
init @ index.js:85
init @ plugin.js:60
await in init
init @ app.js:34
init @ app.js:60
  [小故事] 加载文件失败: ./js/plugins/simple-story/user-content/玩法/01_SM束缚玩法.txt 
_loadCategoryTags @ index.js:164
await in _loadCategoryTags
(匿名) @ index.js:121
_loadAllCategoryData @ index.js:121
init @ index.js:85
init @ plugin.js:60
await in init
init @ app.js:34
init @ app.js:60
  [小故事] 加载文件失败: ./js/plugins/simple-story/user-content/道具/01_入门级按摩棒.txt 
_loadCategoryTags @ index.js:164
await in _loadCategoryTags
(匿名) @ index.js:121
_loadAllCategoryData @ index.js:121
init @ index.js:85
init @ plugin.js:60
await in init
init @ app.js:34
init @ app.js:60
  [小故事] 加载文件失败: ./js/plugins/simple-story/user-content/节日/01_情人节.txt 
_loadCategoryTags @ index.js:164
await in _loadCategoryTags
(匿名) @ index.js:121
_loadAllCategoryData @ index.js:121
init @ index.js:85
init @ plugin.js:60
await in init
init @ app.js:34
init @ app.js:60
  [小故事] 加载文件失败: ./js/plugins/simple-story/user-content/挑战/01_30秒挑战.txt 
_loadCategoryTags @ index.js:164
await in _loadCategoryTags
(匿名) @ index.js:121
_loadAllCategoryData @ index.js:121
init @ index.js:85
init @ plugin.js:60
await in init
init @ app.js:34
init @ app.js:60
  [小故事] 加载文件失败: ./js/plugins/simple-story/user-content/异族娘/01_狐妖娘.txt 
_loadCategoryTags @ index.js:164
await in _loadCategoryTags
(匿名) @ index.js:121
_loadAllCategoryData @ index.js:121
init @ index.js:85
init @ plugin.js:60
await in init
init @ app.js:34
init @ app.js:60
  Failed to load tags from /C:/Users/yf217/Desktop/aichat/%E5%BC%80%E5%8F%91/%E5%BC%80%E5%8F%915.0%EF%BC%88%E6%95%85%E4%BA%8B%E7%94%9F%E6%88%90%E5%99%A8%EF%BC%89/14.0/js/plugins/adult-tags/user-content/2.txt 
_loadTagsFromFile @ index.js:158
await in _loadTagsFromFile
_initTagLibrary @ index.js:29
init @ index.js:9
init @ plugin.js:60
await in init
init @ app.js:34
init @ app.js:60
  [小故事] 加载文件失败: ./js/plugins/simple-story/user-content/姿势/02_后入体位.txt 
_loadCategoryTags @ index.js:164
await in _loadCategoryTags
(匿名) @ index.js:121
_loadAllCategoryData @ index.js:121
init @ index.js:85
init @ plugin.js:60
await in init
init @ app.js:34
init @ app.js:60
  [小故事] 加载文件失败: ./js/plugins/simple-story/user-content/表情/02_期待.txt 
_loadCategoryTags @ index.js:164
await in _loadCategoryTags
(匿名) @ index.js:121
_loadAllCategoryData @ index.js:121
init @ index.js:85
init @ plugin.js:60
await in init
init @ app.js:34
init @ app.js:60
  [小故事] 加载文件失败: ./js/plugins/simple-story/user-content/服装/02_情趣服装.txt 
_loadCategoryTags @ index.js:164
await in _loadCategoryTags
(匿名) @ index.js:121
_loadAllCategoryData @ index.js:121
init @ index.js:85
init @ plugin.js:60
await in init
init @ app.js:34
init @ app.js:60
  [小故事] 加载文件失败: ./js/plugins/simple-story/user-content/玩法/02_户外公共玩法.txt 
_loadCategoryTags @ index.js:164
await in _loadCategoryTags
(匿名) @ index.js:121
_loadAllCategoryData @ index.js:121
init @ index.js:85
init @ plugin.js:60
await in init
init @ app.js:34
init @ app.js:60
  [小故事] 加载文件失败: ./js/plugins/simple-story/user-content/道具/02_基础入门款.txt 
_loadCategoryTags @ index.js:164
await in _loadCategoryTags
(匿名) @ index.js:121
_loadAllCategoryData @ index.js:121
init @ index.js:85
init @ plugin.js:60
await in init
init @ app.js:34
init @ app.js:60
  [小故事] 加载文件失败: ./js/plugins/simple-story/user-content/节日/02_七夕节.txt 
_loadCategoryTags @ index.js:164
await in _loadCategoryTags
(匿名) @ index.js:121
_loadAllCategoryData @ index.js:121
init @ index.js:85
init @ plugin.js:60
await in init
init @ app.js:34
init @ app.js:60
  [小故事] 加载文件失败: ./js/plugins/simple-story/user-content/挑战/02_1分钟挑战.txt 
_loadCategoryTags @ index.js:164
await in _loadCategoryTags
(匿名) @ index.js:121
_loadAllCategoryData @ index.js:121
init @ index.js:85
init @ plugin.js:60
await in init
init @ app.js:34
init @ app.js:60
  [小故事] 加载文件失败: ./js/plugins/simple-story/user-content/异族娘/02_猫娘.txt 
_loadCategoryTags @ index.js:164
await in _loadCategoryTags
(匿名) @ index.js:121
_loadAllCategoryData @ index.js:121
init @ index.js:85
init @ plugin.js:60
await in init
init @ app.js:34
init @ app.js:60
  Failed to load tags from /C:/Users/yf217/Desktop/aichat/%E5%BC%80%E5%8F%91/%E5%BC%80%E5%8F%915.0%EF%BC%88%E6%95%85%E4%BA%8B%E7%94%9F%E6%88%90%E5%99%A8%EF%BC%89/14.0/js/plugins/adult-tags/user-content/3.txt 
_loadTagsFromFile @ index.js:158
await in _loadTagsFromFile
_initTagLibrary @ index.js:29
init @ index.js:9
init @ plugin.js:60
await in init
init @ app.js:34
init @ app.js:60
  [小故事] 加载文件失败: ./js/plugins/simple-story/user-content/姿势/03_传教士体位.txt 
_loadCategoryTags @ index.js:164
await in _loadCategoryTags
(匿名) @ index.js:121
_loadAllCategoryData @ index.js:121
init @ index.js:85
init @ plugin.js:60
await in init
init @ app.js:34
init @ app.js:60
  [小故事] 加载文件失败: ./js/plugins/simple-story/user-content/表情/03_享受.txt 
_loadCategoryTags @ index.js:164
await in _loadCategoryTags
(匿名) @ index.js:121
_loadAllCategoryData @ index.js:121
init @ index.js:85
init @ plugin.js:60
await in init
init @ app.js:34
init @ app.js:60
  [小故事] 加载文件失败: ./js/plugins/simple-story/user-content/服装/03_服装设计.txt 
_loadCategoryTags @ index.js:164
await in _loadCategoryTags
(匿名) @ index.js:121
_loadAllCategoryData @ index.js:121
init @ index.js:85
init @ plugin.js:60
await in init
init @ app.js:34
init @ app.js:60
  [小故事] 加载文件失败: ./js/plugins/simple-story/user-content/玩法/03_鬼魂主题玩法.txt 
_loadCategoryTags @ index.js:164
await in _loadCategoryTags
(匿名) @ index.js:121
_loadAllCategoryData @ index.js:121
init @ index.js:85
init @ plugin.js:60
await in init
init @ app.js:34
init @ app.js:60
  [小故事] 加载文件失败: ./js/plugins/simple-story/user-content/道具/03_跳蛋系列.txt 
_loadCategoryTags @ index.js:164
await in _loadCategoryTags
(匿名) @ index.js:121
_loadAllCategoryData @ index.js:121
init @ index.js:85
init @ plugin.js:60
await in init
init @ app.js:34
init @ app.js:60
  [小故事] 加载文件失败: ./js/plugins/simple-story/user-content/节日/03_圣诞节.txt 
_loadCategoryTags @ index.js:164
await in _loadCategoryTags
(匿名) @ index.js:121
_loadAllCategoryData @ index.js:121
init @ index.js:85
init @ plugin.js:60
await in init
init @ app.js:34
init @ app.js:60
  [小故事] 加载文件失败: ./js/plugins/simple-story/user-content/挑战/03_5分钟挑战.txt 
_loadCategoryTags @ index.js:164
await in _loadCategoryTags
(匿名) @ index.js:121
_loadAllCategoryData @ index.js:121
init @ index.js:85
init @ plugin.js:60
await in init
init @ app.js:34
init @ app.js:60
  [小故事] 加载文件失败: ./js/plugins/simple-story/user-content/异族娘/03_兔娘.txt 
_loadCategoryTags @ index.js:164
await in _loadCategoryTags
(匿名) @ index.js:121
_loadAllCategoryData @ index.js:121
init @ index.js:85
init @ plugin.js:60
await in init
init @ app.js:34
init @ app.js:60
  Failed to load tags from /C:/Users/yf217/Desktop/aichat/%E5%BC%80%E5%8F%91/%E5%BC%80%E5%8F%915.0%EF%BC%88%E6%95%85%E4%BA%8B%E7%94%9F%E6%88%90%E5%99%A8%EF%BC%89/14.0/js/plugins/adult-tags/user-content/4.txt 
_loadTagsFromFile @ index.js:158
await in _loadTagsFromFile
_initTagLibrary @ index.js:29
init @ index.js:9
init @ plugin.js:60
await in init
init @ app.js:34
init @ app.js:60
  [小故事] 加载文件失败: ./js/plugins/simple-story/user-content/姿势/04_女上位.txt 
_loadCategoryTags @ index.js:164
await in _loadCategoryTags
(匿名) @ index.js:121
_loadAllCategoryData @ index.js:121
init @ index.js:85
init @ plugin.js:60
await in init
init @ app.js:34
init @ app.js:60
  [小故事] 加载文件失败: ./js/plugins/simple-story/user-content/表情/04_痛苦.txt 
_loadCategoryTags @ index.js:164
await in _loadCategoryTags
(匿名) @ index.js:121
_loadAllCategoryData @ index.js:121
init @ index.js:85
init @ plugin.js:60
await in init
init @ app.js:34
init @ app.js:60
  [小故事] 加载文件失败: ./js/plugins/simple-story/user-content/服装/04_反差服装.txt 
_loadCategoryTags @ index.js:164
await in _loadCategoryTags
(匿名) @ index.js:121
_loadAllCategoryData @ index.js:121
init @ index.js:85
init @ plugin.js:60
await in init
init @ app.js:34
init @ app.js:60
  [小故事] 加载文件失败: ./js/plugins/simple-story/user-content/玩法/04_角色扮演玩法.txt 
_loadCategoryTags @ index.js:164
await in _loadCategoryTags
(匿名) @ index.js:121
_loadAllCategoryData @ index.js:121
init @ index.js:85
init @ plugin.js:60
await in init
init @ app.js:34
init @ app.js:60
  [小故事] 加载文件失败: ./js/plugins/simple-story/user-content/道具/04_乳夹系列.txt 
_loadCategoryTags @ index.js:164
await in _loadCategoryTags
(匿名) @ index.js:121
_loadAllCategoryData @ index.js:121
init @ index.js:85
init @ plugin.js:60
await in init
init @ app.js:34
init @ app.js:60
  [小故事] 加载文件失败: ./js/plugins/simple-story/user-content/节日/04_元旦.txt 
_loadCategoryTags @ index.js:164
await in _loadCategoryTags
(匿名) @ index.js:121
_loadAllCategoryData @ index.js:121
init @ index.js:85
init @ plugin.js:60
await in init
init @ app.js:34
init @ app.js:60
  [小故事] 加载文件失败: ./js/plugins/simple-story/user-content/挑战/04_高潮挑战.txt 
_loadCategoryTags @ index.js:164
await in _loadCategoryTags
(匿名) @ index.js:121
_loadAllCategoryData @ index.js:121
init @ index.js:85
init @ plugin.js:60
await in init
init @ app.js:34
init @ app.js:60
  [小故事] 加载文件失败: ./js/plugins/simple-story/user-content/异族娘/04_龙娘.txt 
_loadCategoryTags @ index.js:164
await in _loadCategoryTags
(匿名) @ index.js:121
_loadAllCategoryData @ index.js:121
init @ index.js:85
init @ plugin.js:60
await in init
init @ app.js:34
init @ app.js:60
  Failed to load tags from /C:/Users/yf217/Desktop/aichat/%E5%BC%80%E5%8F%91/%E5%BC%80%E5%8F%915.0%EF%BC%88%E6%95%85%E4%BA%8B%E7%94%9F%E6%88%90%E5%99%A8%EF%BC%89/14.0/js/plugins/adult-tags/user-content/5.txt 
_loadTagsFromFile @ index.js:158
await in _loadTagsFromFile
_initTagLibrary @ index.js:29
init @ index.js:9
init @ plugin.js:60
await in init
init @ app.js:34
init @ app.js:60
  [小故事] 加载文件失败: ./js/plugins/simple-story/user-content/姿势/05_69姿势.txt 
_loadCategoryTags @ index.js:164
await in _loadCategoryTags
(匿名) @ index.js:121
_loadAllCategoryData @ index.js:121
init @ index.js:85
init @ plugin.js:60
await in init
init @ app.js:34
init @ app.js:60
  [小故事] 加载文件失败: ./js/plugins/simple-story/user-content/表情/05_惊讶.txt 
_loadCategoryTags @ index.js:164
await in _loadCategoryTags
(匿名) @ index.js:121
_loadAllCategoryData @ index.js:121
init @ index.js:85
init @ plugin.js:60
await in init
init @ app.js:34
init @ app.js:60
  [小故事] 加载文件失败: ./js/plugins/simple-story/user-content/服装/05_角色扮演服装.txt 
_loadCategoryTags @ index.js:164
await in _loadCategoryTags
(匿名) @ index.js:121
_loadAllCategoryData @ index.js:121
init @ index.js:85
init @ plugin.js:60
await in init
init @ app.js:34
init @ app.js:60
  [小故事] 加载文件失败: ./js/plugins/simple-story/user-content/玩法/05_校园缩小玩法.txt 
_loadCategoryTags @ index.js:164
await in _loadCategoryTags
(匿名) @ index.js:121
_loadAllCategoryData @ index.js:121
init @ index.js:85
init @ plugin.js:60
await in init
init @ app.js:34
init @ app.js:60
  [小故事] 加载文件失败: ./js/plugins/simple-story/user-content/道具/05_乳夹震动.txt 
_loadCategoryTags @ index.js:164
await in _loadCategoryTags
(匿名) @ index.js:121
_loadAllCategoryData @ index.js:121
init @ index.js:85
init @ plugin.js:60
await in init
init @ app.js:34
init @ app.js:60
  [小故事] 加载文件失败: ./js/plugins/simple-story/user-content/节日/05_春节.txt 
_loadCategoryTags @ index.js:164
await in _loadCategoryTags
(匿名) @ index.js:121
_loadAllCategoryData @ index.js:121
init @ index.js:85
init @ plugin.js:60
await in init
init @ app.js:34
init @ app.js:60
  [小故事] 加载文件失败: ./js/plugins/simple-story/user-content/挑战/05_连续高潮挑战.txt 
_loadCategoryTags @ index.js:164
await in _loadCategoryTags
(匿名) @ index.js:121
_loadAllCategoryData @ index.js:121
init @ index.js:85
init @ plugin.js:60
await in init
init @ app.js:34
init @ app.js:60
  [小故事] 加载文件失败: ./js/plugins/simple-story/user-content/异族娘/05_人鱼娘.txt 
_loadCategoryTags @ index.js:164
await in _loadCategoryTags
(匿名) @ index.js:121
_loadAllCategoryData @ index.js:121
init @ index.js:85
init @ plugin.js:60
await in init
init @ app.js:34
init @ app.js:60
  Failed to load tags from /C:/Users/yf217/Desktop/aichat/%E5%BC%80%E5%8F%91/%E5%BC%80%E5%8F%915.0%EF%BC%88%E6%95%85%E4%BA%8B%E7%94%9F%E6%88%90%E5%99%A8%EF%BC%89/14.0/js/plugins/adult-tags/user-content/6.txt 
_loadTagsFromFile @ index.js:158
await in _loadTagsFromFile
_initTagLibrary @ index.js:29
init @ index.js:9
init @ plugin.js:60
await in init
init @ app.js:34
init @ app.js:60
  [小故事] 加载文件失败: ./js/plugins/simple-story/user-content/姿势/06_站立姿势.txt 
_loadCategoryTags @ index.js:164
await in _loadCategoryTags
(匿名) @ index.js:121
_loadAllCategoryData @ index.js:121
init @ index.js:85
init @ plugin.js:60
await in init
init @ app.js:34
init @ app.js:60
  [小故事] 加载文件失败: ./js/plugins/simple-story/user-content/表情/06_拒绝.txt 
_loadCategoryTags @ index.js:164
await in _loadCategoryTags
(匿名) @ index.js:121
_loadAllCategoryData @ index.js:121
init @ index.js:85
init @ plugin.js:60
await in init
init @ app.js:34
init @ app.js:60
  [小故事] 加载文件失败: ./js/plugins/simple-story/user-content/服装/06_丝袜系列.txt 
_loadCategoryTags @ index.js:164
await in _loadCategoryTags
(匿名) @ index.js:121
_loadAllCategoryData @ index.js:121
init @ index.js:85
init @ plugin.js:60
await in init
init @ app.js:34
init @ app.js:60
  [小故事] 加载文件失败: ./js/plugins/simple-story/user-content/玩法/06_校园情景玩法.txt 
_loadCategoryTags @ index.js:164
await in _loadCategoryTags
(匿名) @ index.js:121
_loadAllCategoryData @ index.js:121
init @ index.js:85
init @ plugin.js:60
await in init
init @ app.js:34
init @ app.js:60
  [小故事] 加载文件失败: ./js/plugins/simple-story/user-content/道具/06_阴蒂玩具.txt 
_loadCategoryTags @ index.js:164
await in _loadCategoryTags
(匿名) @ index.js:121
_loadAllCategoryData @ index.js:121
init @ index.js:85
init @ plugin.js:60
await in init
init @ app.js:34
init @ app.js:60
  [小故事] 加载文件失败: ./js/plugins/simple-story/user-content/节日/06_元宵节.txt 
_loadCategoryTags @ index.js:164
await in _loadCategoryTags
(匿名) @ index.js:121
_loadAllCategoryData @ index.js:121
init @ index.js:85
init @ plugin.js:60
await in init
init @ app.js:34
init @ app.js:60
  [小故事] 加载文件失败: ./js/plugins/simple-story/user-content/挑战/06_延时挑战.txt 
_loadCategoryTags @ index.js:164
await in _loadCategoryTags
(匿名) @ index.js:121
_loadAllCategoryData @ index.js:121
init @ index.js:85
init @ plugin.js:60
await in init
init @ app.js:34
init @ app.js:60
  [小故事] 加载文件失败: ./js/plugins/simple-story/user-content/异族娘/06_精灵娘.txt 
_loadCategoryTags @ index.js:164
await in _loadCategoryTags
(匿名) @ index.js:121
_loadAllCategoryData @ index.js:121
init @ index.js:85
init @ plugin.js:60
await in init
init @ app.js:34
init @ app.js:60
  Failed to load tags from /C:/Users/yf217/Desktop/aichat/%E5%BC%80%E5%8F%91/%E5%BC%80%E5%8F%915.0%EF%BC%88%E6%95%85%E4%BA%8B%E7%94%9F%E6%88%90%E5%99%A8%EF%BC%89/14.0/js/plugins/adult-tags/user-content/7.txt 
_loadTagsFromFile @ index.js:158
await in _loadTagsFromFile
_initTagLibrary @ index.js:29
init @ index.js:9
init @ plugin.js:60
await in init
init @ app.js:34
init @ app.js:60
  [小故事] 加载文件失败: ./js/plugins/simple-story/user-content/姿势/07_侧卧姿势.txt 
_loadCategoryTags @ index.js:164
await in _loadCategoryTags
(匿名) @ index.js:121
_loadAllCategoryData @ index.js:121
init @ index.js:85
init @ plugin.js:60
await in init
init @ app.js:34
init @ app.js:60
  [小故事] 加载文件失败: ./js/plugins/simple-story/user-content/表情/07_舒服.txt 
_loadCategoryTags @ index.js:164
await in _loadCategoryTags
(匿名) @ index.js:121
_loadAllCategoryData @ index.js:121
init @ index.js:85
init @ plugin.js:60
await in init
init @ app.js:34
init @ app.js:60
  [小故事] 加载文件失败: ./js/plugins/simple-story/user-content/服装/07_紧身乳胶衣.txt 
_loadCategoryTags @ index.js:164
await in _loadCategoryTags
(匿名) @ index.js:121
_loadAllCategoryData @ index.js:121
init @ index.js:85
init @ plugin.js:60
await in init
init @ app.js:34
init @ app.js:60
  [小故事] 加载文件失败: ./js/plugins/simple-story/user-content/玩法/07_奇幻魔法玩法.txt 
_loadCategoryTags @ index.js:164
await in _loadCategoryTags
(匿名) @ index.js:121
_loadAllCategoryData @ index.js:121
init @ index.js:85
init @ plugin.js:60
await in init
init @ app.js:34
init @ app.js:60
  [小故事] 加载文件失败: ./js/plugins/simple-story/user-content/道具/07_肛塞系列.txt 
_loadCategoryTags @ index.js:164
await in _loadCategoryTags
(匿名) @ index.js:121
_loadAllCategoryData @ index.js:121
init @ index.js:85
init @ plugin.js:60
await in init
init @ app.js:34
init @ app.js:60
  [小故事] 加载文件失败: ./js/plugins/simple-story/user-content/节日/07_白色情人节.txt 
_loadCategoryTags @ index.js:164
await in _loadCategoryTags
(匿名) @ index.js:121
_loadAllCategoryData @ index.js:121
init @ index.js:85
init @ plugin.js:60
await in init
init @ app.js:34
init @ app.js:60
  [小故事] 加载文件失败: ./js/plugins/simple-story/user-content/挑战/07_不射挑战.txt 
_loadCategoryTags @ index.js:164
await in _loadCategoryTags
(匿名) @ index.js:121
_loadAllCategoryData @ index.js:121
init @ index.js:85
init @ plugin.js:60
await in init
init @ app.js:34
init @ app.js:60
  [小故事] 加载文件失败: ./js/plugins/simple-story/user-content/异族娘/07_天使娘.txt 
_loadCategoryTags @ index.js:164
await in _loadCategoryTags
(匿名) @ index.js:121
_loadAllCategoryData @ index.js:121
init @ index.js:85
init @ plugin.js:60
await in init
init @ app.js:34
init @ app.js:60
  Failed to load tags from /C:/Users/yf217/Desktop/aichat/%E5%BC%80%E5%8F%91/%E5%BC%80%E5%8F%915.0%EF%BC%88%E6%95%85%E4%BA%8B%E7%94%9F%E6%88%90%E5%99%A8%EF%BC%89/14.0/js/plugins/adult-tags/user-content/8.txt 
_loadTagsFromFile @ index.js:158
await in _loadTagsFromFile
_initTagLibrary @ index.js:29
init @ index.js:9
init @ plugin.js:60
await in init
init @ app.js:34
init @ app.js:60
  [小故事] 加载文件失败: ./js/plugins/simple-story/user-content/姿势/08_椅子姿势.txt 
_loadCategoryTags @ index.js:164
await in _loadCategoryTags
(匿名) @ index.js:121
_loadAllCategoryData @ index.js:121
init @ index.js:85
init @ plugin.js:60
await in init
init @ app.js:34
init @ app.js:60
  [小故事] 加载文件失败: ./js/plugins/simple-story/user-content/表情/08_陶醉.txt 
_loadCategoryTags @ index.js:164
await in _loadCategoryTags
(匿名) @ index.js:121
_loadAllCategoryData @ index.js:121
init @ index.js:85
init @ plugin.js:60
await in init
init @ app.js:34
init @ app.js:60
  [小故事] 加载文件失败: ./js/plugins/simple-story/user-content/服装/08_水手海军风格.txt 
_loadCategoryTags @ index.js:164
await in _loadCategoryTags
(匿名) @ index.js:121
_loadAllCategoryData @ index.js:121
init @ index.js:85
init @ plugin.js:60
await in init
init @ app.js:34
init @ app.js:60
  [小故事] 加载文件失败: ./js/plugins/simple-story/user-content/玩法/08_公共场所玩法.txt 
_loadCategoryTags @ index.js:164
await in _loadCategoryTags
(匿名) @ index.js:121
_loadAllCategoryData @ index.js:121
init @ index.js:85
init @ plugin.js:60
await in init
init @ app.js:34
init @ app.js:60
  [小故事] 加载文件失败: ./js/plugins/simple-story/user-content/道具/08_仿真阴茎.txt 
_loadCategoryTags @ index.js:164
await in _loadCategoryTags
(匿名) @ index.js:121
_loadAllCategoryData @ index.js:121
init @ index.js:85
init @ plugin.js:60
await in init
init @ app.js:34
init @ app.js:60
  [小故事] 加载文件失败: ./js/plugins/simple-story/user-content/节日/08_520网络情人节.txt 
_loadCategoryTags @ index.js:164
await in _loadCategoryTags
(匿名) @ index.js:121
_loadAllCategoryData @ index.js:121
init @ index.js:85
init @ plugin.js:60
await in init
init @ app.js:34
init @ app.js:60
  [小故事] 加载文件失败: ./js/plugins/simple-story/user-content/挑战/08_姿势数量挑战.txt 
_loadCategoryTags @ index.js:164
await in _loadCategoryTags
(匿名) @ index.js:121
_loadAllCategoryData @ index.js:121
init @ index.js:85
init @ plugin.js:60
await in init
init @ app.js:34
init @ app.js:60
  [小故事] 加载文件失败: ./js/plugins/simple-story/user-content/异族娘/08_恶魔娘.txt 
_loadCategoryTags @ index.js:164
await in _loadCategoryTags
(匿名) @ index.js:121
_loadAllCategoryData @ index.js:121
init @ index.js:85
init @ plugin.js:60
await in init
init @ app.js:34
init @ app.js:60
  Failed to load tags from /C:/Users/yf217/Desktop/aichat/%E5%BC%80%E5%8F%91/%E5%BC%80%E5%8F%915.0%EF%BC%88%E6%95%85%E4%BA%8B%E7%94%9F%E6%88%90%E5%99%A8%EF%BC%89/14.0/js/plugins/adult-tags/user-content/9.txt 
_loadTagsFromFile @ index.js:158
await in _loadTagsFromFile
_initTagLibrary @ index.js:29
init @ index.js:9
init @ plugin.js:60
await in init
init @ app.js:34
init @ app.js:60
  [小故事] 加载文件失败: ./js/plugins/simple-story/user-content/姿势/09_桌面姿势.txt 
_loadCategoryTags @ index.js:164
await in _loadCategoryTags
(匿名) @ index.js:121
_loadAllCategoryData @ index.js:121
init @ index.js:85
init @ plugin.js:60
await in init
init @ app.js:34
init @ app.js:60
  [小故事] 加载文件失败: ./js/plugins/simple-story/user-content/表情/09_迷恋.txt 
_loadCategoryTags @ index.js:164
await in _loadCategoryTags
(匿名) @ index.js:121
_loadAllCategoryData @ index.js:121
init @ index.js:85
init @ plugin.js:60
await in init
init @ app.js:34
init @ app.js:60
  [小故事] 加载文件失败: ./js/plugins/simple-story/user-content/服装/09_和服浴衣.txt 
_loadCategoryTags @ index.js:164
await in _loadCategoryTags
(匿名) @ index.js:121
_loadAllCategoryData @ index.js:121
init @ index.js:85
init @ plugin.js:60
await in init
init @ app.js:34
init @ app.js:60
  [小故事] 加载文件失败: ./js/plugins/simple-story/user-content/玩法/09_角色扮演日常玩法.txt 
_loadCategoryTags @ index.js:164
await in _loadCategoryTags
(匿名) @ index.js:121
_loadAllCategoryData @ index.js:121
init @ index.js:85
init @ plugin.js:60
await in init
init @ app.js:34
init @ app.js:60
  [小故事] 加载文件失败: ./js/plugins/simple-story/user-content/道具/09_辅助道具.txt 
_loadCategoryTags @ index.js:164
await in _loadCategoryTags
(匿名) @ index.js:121
_loadAllCategoryData @ index.js:121
init @ index.js:85
init @ plugin.js:60
await in init
init @ app.js:34
init @ app.js:60
  [小故事] 加载文件失败: ./js/plugins/simple-story/user-content/节日/09_生日.txt 
_loadCategoryTags @ index.js:164
await in _loadCategoryTags
(匿名) @ index.js:121
_loadAllCategoryData @ index.js:121
init @ index.js:85
init @ plugin.js:60
await in init
init @ app.js:34
init @ app.js:60
  [小故事] 加载文件失败: ./js/plugins/simple-story/user-content/挑战/09_言语挑战.txt 
_loadCategoryTags @ index.js:164
await in _loadCategoryTags
(匿名) @ index.js:121
_loadAllCategoryData @ index.js:121
init @ index.js:85
init @ plugin.js:60
await in init
init @ app.js:34
init @ app.js:60
  [小故事] 加载文件失败: ./js/plugins/simple-story/user-content/异族娘/09_女仆娘.txt 
_loadCategoryTags @ index.js:164
await in _loadCategoryTags
(匿名) @ index.js:121
_loadAllCategoryData @ index.js:121
init @ index.js:85
init @ plugin.js:60
await in init
init @ app.js:34
init @ app.js:60
  Failed to load tags from /C:/Users/yf217/Desktop/aichat/%E5%BC%80%E5%8F%91/%E5%BC%80%E5%8F%915.0%EF%BC%88%E6%95%85%E4%BA%8B%E7%94%9F%E6%88%90%E5%99%A8%EF%BC%89/14.0/js/plugins/adult-tags/user-content/10.txt 
_loadTagsFromFile @ index.js:158
await in _loadTagsFromFile
_initTagLibrary @ index.js:29
init @ index.js:9
init @ plugin.js:60
await in init
init @ app.js:34
init @ app.js:60
  [小故事] 加载文件失败: ./js/plugins/simple-story/user-content/姿势/10_浴室姿势.txt 
_loadCategoryTags @ index.js:164
await in _loadCategoryTags
(匿名) @ index.js:121
_loadAllCategoryData @ index.js:121
init @ index.js:85
init @ plugin.js:60
await in init
init @ app.js:34
init @ app.js:60
  [小故事] 加载文件失败: ./js/plugins/simple-story/user-content/表情/10_慵懒.txt 
_loadCategoryTags @ index.js:164
await in _loadCategoryTags
(匿名) @ index.js:121
_loadAllCategoryData @ index.js:121
init @ index.js:85
init @ plugin.js:60
await in init
init @ app.js:34
init @ app.js:60
  [小故事] 加载文件失败: ./js/plugins/simple-story/user-content/服装/10_情趣睡裙.txt 
_loadCategoryTags @ index.js:164
await in _loadCategoryTags
(匿名) @ index.js:121
_loadAllCategoryData @ index.js:121
init @ index.js:85
init @ plugin.js:60
await in init
init @ app.js:34
init @ app.js:60
  [小故事] 加载文件失败: ./js/plugins/simple-story/user-content/玩法/10_羞耻日常玩法.txt 
_loadCategoryTags @ index.js:164
await in _loadCategoryTags
(匿名) @ index.js:121
_loadAllCategoryData @ index.js:121
init @ index.js:85
init @ plugin.js:60
await in init
init @ app.js:34
init @ app.js:60
  [小故事] 加载文件失败: ./js/plugins/simple-story/user-content/道具/10_润滑液.txt 
_loadCategoryTags @ index.js:164
await in _loadCategoryTags
(匿名) @ index.js:121
_loadAllCategoryData @ index.js:121
init @ index.js:85
init @ plugin.js:60
await in init
init @ app.js:34
init @ app.js:60
  [小故事] 加载文件失败: ./js/plugins/simple-story/user-content/节日/10_纪念日.txt 
_loadCategoryTags @ index.js:164
await in _loadCategoryTags
(匿名) @ index.js:121
_loadAllCategoryData @ index.js:121
init @ index.js:85
init @ plugin.js:60
await in init
init @ app.js:34
init @ app.js:60
  [小故事] 加载文件失败: ./js/plugins/simple-story/user-content/挑战/10_公共场所挑战.txt 
_loadCategoryTags @ index.js:164
await in _loadCategoryTags
(匿名) @ index.js:121
_loadAllCategoryData @ index.js:121
init @ index.js:85
init @ plugin.js:60
await in init
init @ app.js:34
init @ app.js:60
  [小故事] 加载文件失败: ./js/plugins/simple-story/user-content/异族娘/10_蜥蜴娘.txt 
_loadCategoryTags @ index.js:164
await in _loadCategoryTags
(匿名) @ index.js:121
_loadAllCategoryData @ index.js:121
init @ index.js:85
init @ plugin.js:60
await in init
init @ app.js:34
init @ app.js:60
  Failed to load tags from /C:/Users/yf217/Desktop/aichat/%E5%BC%80%E5%8F%91/%E5%BC%80%E5%8F%915.0%EF%BC%88%E6%95%85%E4%BA%8B%E7%94%9F%E6%88%90%E5%99%A8%EF%BC%89/14.0/js/plugins/adult-tags/user-content/11.txt 
_loadTagsFromFile @ index.js:158
await in _loadTagsFromFile
_initTagLibrary @ index.js:29
init @ index.js:9
init @ plugin.js:60
await in init
init @ app.js:34
init @ app.js:60
  [小故事] 加载文件失败: ./js/plugins/simple-story/user-content/姿势/11_沙发姿势.txt 
_loadCategoryTags @ index.js:164
await in _loadCategoryTags
(匿名) @ index.js:121
_loadAllCategoryData @ index.js:121
init @ index.js:85
init @ plugin.js:60
await in init
init @ app.js:34
init @ app.js:60
  [小故事] 加载文件失败: ./js/plugins/simple-story/user-content/表情/11_紧张.txt 
_loadCategoryTags @ index.js:164
await in _loadCategoryTags
(匿名) @ index.js:121
_loadAllCategoryData @ index.js:121
init @ index.js:85
init @ plugin.js:60
await in init
init @ app.js:34
init @ app.js:60
  [小故事] 加载文件失败: ./js/plugins/simple-story/user-content/服装/11_情趣套装.txt 
_loadCategoryTags @ index.js:164
await in _loadCategoryTags
(匿名) @ index.js:121
_loadAllCategoryData @ index.js:121
init @ index.js:85
init @ plugin.js:60
await in init
init @ app.js:34
init @ app.js:60
  [小故事] 加载文件失败: ./js/plugins/simple-story/user-content/玩法/11_户外自然玩法.txt 
_loadCategoryTags @ index.js:164
await in _loadCategoryTags
(匿名) @ index.js:121
_loadAllCategoryData @ index.js:121
init @ index.js:85
init @ plugin.js:60
await in init
init @ app.js:34
init @ app.js:60
  [小故事] 加载文件失败: ./js/plugins/simple-story/user-content/道具/11_飞机杯.txt 
_loadCategoryTags @ index.js:164
await in _loadCategoryTags
(匿名) @ index.js:121
_loadAllCategoryData @ index.js:121
init @ index.js:85
init @ plugin.js:60
await in init
init @ app.js:34
init @ app.js:60
  [小故事] 加载文件失败: ./js/plugins/simple-story/user-content/节日/11_万圣节.txt 
_loadCategoryTags @ index.js:164
await in _loadCategoryTags
(匿名) @ index.js:121
_loadAllCategoryData @ index.js:121
init @ index.js:85
init @ plugin.js:60
await in init
init @ app.js:34
init @ app.js:60
  [小故事] 加载文件失败: ./js/plugins/simple-story/user-content/挑战/11_水下挑战.txt 
_loadCategoryTags @ index.js:164
await in _loadCategoryTags
(匿名) @ index.js:121
_loadAllCategoryData @ index.js:121
init @ index.js:85
init @ plugin.js:60
await in init
init @ app.js:34
init @ app.js:60
index.js:164  [小故事] 加载文件失败: ./js/plugins/simple-story/user-content/异族娘/11_蛇娘.txt TypeError: Failed to fetch
    at Object._loadCategoryTags (index.js:157:48)
    at async Promise.all (index 7)
    at async Object._loadAllCategoryData (index.js:122:9)
_loadCategoryTags @ index.js:164
await in _loadCategoryTags
(匿名) @ index.js:121
_loadAllCategoryData @ index.js:121
init @ index.js:85
init @ plugin.js:60
await in init
init @ app.js:34
init @ app.js:60
index.js:158  Failed to load tags from /C:/Users/yf217/Desktop/aichat/%E5%BC%80%E5%8F%91/%E5%BC%80%E5%8F%915.0%EF%BC%88%E6%95%85%E4%BA%8B%E7%94%9F%E6%88%90%E5%99%A8%EF%BC%89/14.0/js/plugins/adult-tags/user-content/12.txt TypeError: Failed to fetch
    at Object._loadTagsFromFile (index.js:136:44)
_loadTagsFromFile @ index.js:158
await in _loadTagsFromFile
_initTagLibrary @ index.js:29
init @ index.js:9
init @ plugin.js:60
await in init
init @ app.js:34
init @ app.js:60
index.js:164  [小故事] 加载文件失败: ./js/plugins/simple-story/user-content/姿势/12_床铺姿势.txt TypeError: Failed to fetch
    at Object._loadCategoryTags (index.js:157:48)
    at async Promise.all (index 0)
    at async Object._loadAllCategoryData (index.js:122:9)
_loadCategoryTags @ index.js:164
await in _loadCategoryTags
(匿名) @ index.js:121
_loadAllCategoryData @ index.js:121
init @ index.js:85
init @ plugin.js:60
await in init
init @ app.js:34
init @ app.js:60
index.js:164  [小故事] 加载文件失败: ./js/plugins/simple-story/user-content/表情/12_别扭.txt TypeError: Failed to fetch
    at Object._loadCategoryTags (index.js:157:48)
    at async Promise.all (index 1)
    at async Object._loadAllCategoryData (index.js:122:9)
_loadCategoryTags @ index.js:164
await in _loadCategoryTags
(匿名) @ index.js:121
_loadAllCategoryData @ index.js:121
init @ index.js:85
init @ plugin.js:60
await in init
init @ app.js:34
init @ app.js:60
index.js:164  [小故事] 加载文件失败: ./js/plugins/simple-story/user-content/服装/12_情趣胸罩.txt TypeError: Failed to fetch
    at Object._loadCategoryTags (index.js:157:48)
    at async Promise.all (index 2)
    at async Object._loadAllCategoryData (index.js:122:9)
_loadCategoryTags @ index.js:164
await in _loadCategoryTags
(匿名) @ index.js:121
_loadAllCategoryData @ index.js:121
init @ index.js:85
init @ plugin.js:60
await in init
init @ app.js:34
init @ app.js:60
index.js:164  [小故事] 加载文件失败: ./js/plugins/simple-story/user-content/玩法/12_自慰场景玩法.txt TypeError: Failed to fetch
    at Object._loadCategoryTags (index.js:157:48)
    at async Promise.all (index 3)
    at async Object._loadAllCategoryData (index.js:122:9)
_loadCategoryTags @ index.js:164
await in _loadCategoryTags
(匿名) @ index.js:121
_loadAllCategoryData @ index.js:121
init @ index.js:85
init @ plugin.js:60
await in init
init @ app.js:34
init @ app.js:60
index.js:164  [小故事] 加载文件失败: ./js/plugins/simple-story/user-content/道具/12_夹子系列.txt TypeError: Failed to fetch
    at Object._loadCategoryTags (index.js:157:48)
    at async Promise.all (index 4)
    at async Object._loadAllCategoryData (index.js:122:9)
_loadCategoryTags @ index.js:164
await in _loadCategoryTags
(匿名) @ index.js:121
_loadAllCategoryData @ index.js:121
init @ index.js:85
init @ plugin.js:60
await in init
init @ app.js:34
init @ app.js:60
index.js:164  [小故事] 加载文件失败: ./js/plugins/simple-story/user-content/节日/12_感恩节.txt TypeError: Failed to fetch
    at Object._loadCategoryTags (index.js:157:48)
    at async Promise.all (index 5)
    at async Object._loadAllCategoryData (index.js:122:9)
_loadCategoryTags @ index.js:164
await in _loadCategoryTags
(匿名) @ index.js:121
_loadAllCategoryData @ index.js:121
init @ index.js:85
init @ plugin.js:60
await in init
init @ app.js:34
init @ app.js:60
index.js:164  [小故事] 加载文件失败: ./js/plugins/simple-story/user-content/挑战/12_蒙眼挑战.txt TypeError: Failed to fetch
    at Object._loadCategoryTags (index.js:157:48)
    at async Promise.all (index 6)
    at async Object._loadAllCategoryData (index.js:122:9)
_loadCategoryTags @ index.js:164
await in _loadCategoryTags
(匿名) @ index.js:121
_loadAllCategoryData @ index.js:121
init @ index.js:85
init @ plugin.js:60
await in init
init @ app.js:34
init @ app.js:60
index.js:164  [小故事] 加载文件失败: ./js/plugins/simple-story/user-content/异族娘/12_蝴蝶娘.txt TypeError: Failed to fetch
    at Object._loadCategoryTags (index.js:157:48)
    at async Promise.all (index 7)
    at async Object._loadAllCategoryData (index.js:122:9)
_loadCategoryTags @ index.js:164
await in _loadCategoryTags
(匿名) @ index.js:121
_loadAllCategoryData @ index.js:121
init @ index.js:85
init @ plugin.js:60
await in init
init @ app.js:34
init @ app.js:60
index.js:158  Failed to load tags from /C:/Users/yf217/Desktop/aichat/%E5%BC%80%E5%8F%91/%E5%BC%80%E5%8F%915.0%EF%BC%88%E6%95%85%E4%BA%8B%E7%94%9F%E6%88%90%E5%99%A8%EF%BC%89/14.0/js/plugins/adult-tags/user-content/13.txt TypeError: Failed to fetch
    at Object._loadTagsFromFile (index.js:136:44)
_loadTagsFromFile @ index.js:158
await in _loadTagsFromFile
_initTagLibrary @ index.js:29
init @ index.js:9
init @ plugin.js:60
await in init
init @ app.js:34
init @ app.js:60
index.js:164  [小故事] 加载文件失败: ./js/plugins/simple-story/user-content/姿势/13_户外姿势.txt TypeError: Failed to fetch
    at Object._loadCategoryTags (index.js:157:48)
    at async Promise.all (index 0)
    at async Object._loadAllCategoryData (index.js:122:9)
_loadCategoryTags @ index.js:164
await in _loadCategoryTags
(匿名) @ index.js:121
_loadAllCategoryData @ index.js:121
init @ index.js:85
init @ plugin.js:60
await in init
init @ app.js:34
init @ app.js:60
index.js:164  [小故事] 加载文件失败: ./js/plugins/simple-story/user-content/表情/13_哭泣.txt TypeError: Failed to fetch
    at Object._loadCategoryTags (index.js:157:48)
    at async Promise.all (index 1)
    at async Object._loadAllCategoryData (index.js:122:9)
_loadCategoryTags @ index.js:164
await in _loadCategoryTags
(匿名) @ index.js:121
_loadAllCategoryData @ index.js:121
init @ index.js:85
init @ plugin.js:60
await in init
init @ app.js:34
init @ app.js:60
index.js:164  [小故事] 加载文件失败: ./js/plugins/simple-story/user-content/服装/13_丁字裤系列.txt TypeError: Failed to fetch
    at Object._loadCategoryTags (index.js:157:48)
    at async Promise.all (index 2)
    at async Object._loadAllCategoryData (index.js:122:9)
_loadCategoryTags @ index.js:164
await in _loadCategoryTags
(匿名) @ index.js:121
_loadAllCategoryData @ index.js:121
init @ index.js:85
init @ plugin.js:60
await in init
init @ app.js:34
init @ app.js:60
index.js:164  [小故事] 加载文件失败: ./js/plugins/simple-story/user-content/玩法/13_隐蔽自慰玩法.txt TypeError: Failed to fetch
    at Object._loadCategoryTags (index.js:157:48)
    at async Promise.all (index 3)
    at async Object._loadAllCategoryData (index.js:122:9)
_loadCategoryTags @ index.js:164
await in _loadCategoryTags
(匿名) @ index.js:121
_loadAllCategoryData @ index.js:121
init @ index.js:85
init @ plugin.js:60
await in init
init @ app.js:34
init @ app.js:60
index.js:164  [小故事] 加载文件失败: ./js/plugins/simple-story/user-content/道具/13_辅助工具.txt TypeError: Failed to fetch
    at Object._loadCategoryTags (index.js:157:48)
    at async Promise.all (index 4)
    at async Object._loadAllCategoryData (index.js:122:9)
_loadCategoryTags @ index.js:164
await in _loadCategoryTags
(匿名) @ index.js:121
_loadAllCategoryData @ index.js:121
init @ index.js:85
init @ plugin.js:60
await in init
init @ app.js:34
init @ app.js:60
index.js:164  [小故事] 加载文件失败: ./js/plugins/simple-story/user-content/节日/13_复活节.txt TypeError: Failed to fetch
    at Object._loadCategoryTags (index.js:157:48)
    at async Promise.all (index 5)
    at async Object._loadAllCategoryData (index.js:122:9)
_loadCategoryTags @ index.js:164
await in _loadCategoryTags
(匿名) @ index.js:121
_loadAllCategoryData @ index.js:121
init @ index.js:85
init @ plugin.js:60
await in init
init @ app.js:34
init @ app.js:60
index.js:164  [小故事] 加载文件失败: ./js/plugins/simple-story/user-content/挑战/13_禁言挑战.txt TypeError: Failed to fetch
    at Object._loadCategoryTags (index.js:157:48)
    at async Promise.all (index 6)
    at async Object._loadAllCategoryData (index.js:122:9)
_loadCategoryTags @ index.js:164
await in _loadCategoryTags
(匿名) @ index.js:121
_loadAllCategoryData @ index.js:121
init @ index.js:85
init @ plugin.js:60
await in init
init @ app.js:34
init @ app.js:60
index.js:164  [小故事] 加载文件失败: ./js/plugins/simple-story/user-content/异族娘/13_狼娘.txt TypeError: Failed to fetch
    at Object._loadCategoryTags (index.js:157:48)
    at async Promise.all (index 7)
    at async Object._loadAllCategoryData (index.js:122:9)
_loadCategoryTags @ index.js:164
await in _loadCategoryTags
(匿名) @ index.js:121
_loadAllCategoryData @ index.js:121
init @ index.js:85
init @ plugin.js:60
await in init
init @ app.js:34
init @ app.js:60
index.js:158  Failed to load tags from /C:/Users/yf217/Desktop/aichat/%E5%BC%80%E5%8F%91/%E5%BC%80%E5%8F%915.0%EF%BC%88%E6%95%85%E4%BA%8B%E7%94%9F%E6%88%90%E5%99%A8%EF%BC%89/14.0/js/plugins/adult-tags/user-content/14.txt TypeError: Failed to fetch
    at Object._loadTagsFromFile (index.js:136:44)
_loadTagsFromFile @ index.js:158
await in _loadTagsFromFile
_initTagLibrary @ index.js:29
init @ index.js:9
init @ plugin.js:60
await in init
init @ app.js:34
init @ app.js:60
index.js:164  [小故事] 加载文件失败: ./js/plugins/simple-story/user-content/姿势/14_楼梯姿势.txt TypeError: Failed to fetch
    at Object._loadCategoryTags (index.js:157:48)
    at async Promise.all (index 0)
    at async Object._loadAllCategoryData (index.js:122:9)
_loadCategoryTags @ index.js:164
await in _loadCategoryTags
(匿名) @ index.js:121
_loadAllCategoryData @ index.js:121
init @ index.js:85
init @ plugin.js:60
await in init
init @ app.js:34
init @ app.js:60
index.js:164  [小故事] 加载文件失败: ./js/plugins/simple-story/user-content/表情/14_挑逗.txt TypeError: Failed to fetch
    at Object._loadCategoryTags (index.js:157:48)
    at async Promise.all (index 1)
    at async Object._loadAllCategoryData (index.js:122:9)
_loadCategoryTags @ index.js:164
await in _loadCategoryTags
(匿名) @ index.js:121
_loadAllCategoryData @ index.js:121
init @ index.js:85
init @ plugin.js:60
await in init
init @ app.js:34
init @ app.js:60
index.js:164  [小故事] 加载文件失败: ./js/plugins/simple-story/user-content/服装/14_情趣泳装.txt TypeError: Failed to fetch
    at Object._loadCategoryTags (index.js:157:48)
    at async Promise.all (index 2)
    at async Object._loadAllCategoryData (index.js:122:9)
_loadCategoryTags @ index.js:164
await in _loadCategoryTags
(匿名) @ index.js:121
_loadAllCategoryData @ index.js:121
init @ index.js:85
init @ plugin.js:60
await in init
init @ app.js:34
init @ app.js:60
index.js:164  [小故事] 加载文件失败: ./js/plugins/simple-story/user-content/玩法/14_日常训练挑战.txt TypeError: Failed to fetch
    at Object._loadCategoryTags (index.js:157:48)
    at async Promise.all (index 3)
    at async Object._loadAllCategoryData (index.js:122:9)
_loadCategoryTags @ index.js:164
await in _loadCategoryTags
(匿名) @ index.js:121
_loadAllCategoryData @ index.js:121
init @ index.js:85
init @ plugin.js:60
await in init
init @ app.js:34
init @ app.js:60
index.js:164  [小故事] 加载文件失败: ./js/plugins/simple-story/user-content/道具/14_缩阴球.txt TypeError: Failed to fetch
    at Object._loadCategoryTags (index.js:157:48)
    at async Promise.all (index 4)
    at async Object._loadAllCategoryData (index.js:122:9)
_loadCategoryTags @ index.js:164
await in _loadCategoryTags
(匿名) @ index.js:121
_loadAllCategoryData @ index.js:121
init @ index.js:85
init @ plugin.js:60
await in init
init @ app.js:34
init @ app.js:60
index.js:164  [小故事] 加载文件失败: ./js/plugins/simple-story/user-content/节日/14_愚人节.txt TypeError: Failed to fetch
    at Object._loadCategoryTags (index.js:157:48)
    at async Promise.all (index 5)
    at async Object._loadAllCategoryData (index.js:122:9)
_loadCategoryTags @ index.js:164
await in _loadCategoryTags
(匿名) @ index.js:121
_loadAllCategoryData @ index.js:121
init @ index.js:85
init @ plugin.js:60
await in init
init @ app.js:34
init @ app.js:60
index.js:164  [小故事] 加载文件失败: ./js/plugins/simple-story/user-content/挑战/14_捆绑挑战.txt TypeError: Failed to fetch
    at Object._loadCategoryTags (index.js:157:48)
    at async Promise.all (index 6)
    at async Object._loadAllCategoryData (index.js:122:9)
_loadCategoryTags @ index.js:164
await in _loadCategoryTags
(匿名) @ index.js:121
_loadAllCategoryData @ index.js:121
init @ index.js:85
init @ plugin.js:60
await in init
init @ app.js:34
init @ app.js:60
index.js:164  [小故事] 加载文件失败: ./js/plugins/simple-story/user-content/异族娘/14_豹娘.txt TypeError: Failed to fetch
    at Object._loadCategoryTags (index.js:157:48)
    at async Promise.all (index 7)
    at async Object._loadAllCategoryData (index.js:122:9)
_loadCategoryTags @ index.js:164
await in _loadCategoryTags
(匿名) @ index.js:121
_loadAllCategoryData @ index.js:121
init @ index.js:85
init @ plugin.js:60
await in init
init @ app.js:34
init @ app.js:60
index.js:158  Failed to load tags from /C:/Users/yf217/Desktop/aichat/%E5%BC%80%E5%8F%91/%E5%BC%80%E5%8F%915.0%EF%BC%88%E6%95%85%E4%BA%8B%E7%94%9F%E6%88%90%E5%99%A8%EF%BC%89/14.0/js/plugins/adult-tags/user-content/15.txt TypeError: Failed to fetch
    at Object._loadTagsFromFile (index.js:136:44)
_loadTagsFromFile @ index.js:158
await in _loadTagsFromFile
_initTagLibrary @ index.js:29
init @ index.js:9
init @ plugin.js:60
await in init
init @ app.js:34
init @ app.js:60
index.js:164  [小故事] 加载文件失败: ./js/plugins/simple-story/user-content/姿势/15_椅子姿势.txt TypeError: Failed to fetch
    at Object._loadCategoryTags (index.js:157:48)
    at async Promise.all (index 0)
    at async Object._loadAllCategoryData (index.js:122:9)
_loadCategoryTags @ index.js:164
await in _loadCategoryTags
(匿名) @ index.js:121
_loadAllCategoryData @ index.js:121
init @ index.js:85
init @ plugin.js:60
await in init
init @ app.js:34
init @ app.js:60
index.js:164  [小故事] 加载文件失败: ./js/plugins/simple-story/user-content/表情/15_浪叫.txt TypeError: Failed to fetch
    at Object._loadCategoryTags (index.js:157:48)
    at async Promise.all (index 1)
    at async Object._loadAllCategoryData (index.js:122:9)
_loadCategoryTags @ index.js:164
await in _loadCategoryTags
(匿名) @ index.js:121
_loadAllCategoryData @ index.js:121
init @ index.js:85
init @ plugin.js:60
await in init
init @ app.js:34
init @ app.js:60
index.js:164  [小故事] 加载文件失败: ./js/plugins/simple-story/user-content/服装/15_派对服装.txt TypeError: Failed to fetch
    at Object._loadCategoryTags (index.js:157:48)
    at async Promise.all (index 2)
    at async Object._loadAllCategoryData (index.js:122:9)
_loadCategoryTags @ index.js:164
await in _loadCategoryTags
(匿名) @ index.js:121
_loadAllCategoryData @ index.js:121
init @ index.js:85
init @ plugin.js:60
await in init
init @ app.js:34
init @ app.js:60
index.js:164  [小故事] 加载文件失败: ./js/plugins/simple-story/user-content/玩法/15_乳交玩法.txt TypeError: Failed to fetch
    at Object._loadCategoryTags (index.js:157:48)
    at async Promise.all (index 3)
    at async Object._loadAllCategoryData (index.js:122:9)
_loadCategoryTags @ index.js:164
await in _loadCategoryTags
(匿名) @ index.js:121
_loadAllCategoryData @ index.js:121
init @ index.js:85
init @ plugin.js:60
await in init
init @ app.js:34
init @ app.js:60
index.js:164  [小故事] 加载文件失败: ./js/plugins/simple-story/user-content/道具/15_后庭训练.txt TypeError: Failed to fetch
    at Object._loadCategoryTags (index.js:157:48)
    at async Promise.all (index 4)
    at async Object._loadAllCategoryData (index.js:122:9)
_loadCategoryTags @ index.js:164
await in _loadCategoryTags
(匿名) @ index.js:121
_loadAllCategoryData @ index.js:121
init @ index.js:85
init @ plugin.js:60
await in init
init @ app.js:34
init @ app.js:60
index.js:164  [小故事] 加载文件失败: ./js/plugins/simple-story/user-content/节日/15_劳动节.txt TypeError: Failed to fetch
    at Object._loadCategoryTags (index.js:157:48)
    at async Promise.all (index 5)
    at async Object._loadAllCategoryData (index.js:122:9)
_loadCategoryTags @ index.js:164
await in _loadCategoryTags
(匿名) @ index.js:121
_loadAllCategoryData @ index.js:121
init @ index.js:85
init @ plugin.js:60
await in init
init @ app.js:34
init @ app.js:60
index.js:164  [小故事] 加载文件失败: ./js/plugins/simple-story/user-content/挑战/15_冰火挑战.txt TypeError: Failed to fetch
    at Object._loadCategoryTags (index.js:157:48)
    at async Promise.all (index 6)
    at async Object._loadAllCategoryData (index.js:122:9)
_loadCategoryTags @ index.js:164
await in _loadCategoryTags
(匿名) @ index.js:121
_loadAllCategoryData @ index.js:121
init @ index.js:85
init @ plugin.js:60
await in init
init @ app.js:34
init @ app.js:60
index.js:164  [小故事] 加载文件失败: ./js/plugins/simple-story/user-content/异族娘/15_鹰娘.txt TypeError: Failed to fetch
    at Object._loadCategoryTags (index.js:157:48)
    at async Promise.all (index 7)
    at async Object._loadAllCategoryData (index.js:122:9)
_loadCategoryTags @ index.js:164
await in _loadCategoryTags
(匿名) @ index.js:121
_loadAllCategoryData @ index.js:121
init @ index.js:85
init @ plugin.js:60
await in init
init @ app.js:34
init @ app.js:60
index.js:158  Failed to load tags from /C:/Users/yf217/Desktop/aichat/%E5%BC%80%E5%8F%91/%E5%BC%80%E5%8F%915.0%EF%BC%88%E6%95%85%E4%BA%8B%E7%94%9F%E6%88%90%E5%99%A8%EF%BC%89/14.0/js/plugins/adult-tags/user-content/16.txt TypeError: Failed to fetch
    at Object._loadTagsFromFile (index.js:136:44)
_loadTagsFromFile @ index.js:158
await in _loadTagsFromFile
_initTagLibrary @ index.js:29
init @ index.js:9
init @ plugin.js:60
await in init
init @ app.js:34
init @ app.js:60
index.js:164  [小故事] 加载文件失败: ./js/plugins/simple-story/user-content/姿势/16_厨房姿势.txt TypeError: Failed to fetch
    at Object._loadCategoryTags (index.js:157:48)
    at async Promise.all (index 0)
    at async Object._loadAllCategoryData (index.js:122:9)
_loadCategoryTags @ index.js:164
await in _loadCategoryTags
(匿名) @ index.js:121
_loadAllCategoryData @ index.js:121
init @ index.js:85
init @ plugin.js:60
await in init
init @ app.js:34
init @ app.js:60
index.js:164  [小故事] 加载文件失败: ./js/plugins/simple-story/user-content/表情/16_酥麻.txt TypeError: Failed to fetch
    at Object._loadCategoryTags (index.js:157:48)
    at async Promise.all (index 1)
    at async Object._loadAllCategoryData (index.js:122:9)
_loadCategoryTags @ index.js:164
await in _loadCategoryTags
(匿名) @ index.js:121
_loadAllCategoryData @ index.js:121
init @ index.js:85
init @ plugin.js:60
await in init
init @ app.js:34
init @ app.js:60
index.js:164  [小故事] 加载文件失败: ./js/plugins/simple-story/user-content/服装/16_女王服装.txt TypeError: Failed to fetch
    at Object._loadCategoryTags (index.js:157:48)
    at async Promise.all (index 2)
    at async Object._loadAllCategoryData (index.js:122:9)
_loadCategoryTags @ index.js:164
await in _loadCategoryTags
(匿名) @ index.js:121
_loadAllCategoryData @ index.js:121
init @ index.js:85
init @ plugin.js:60
await in init
init @ app.js:34
init @ app.js:60
index.js:164  [小故事] 加载文件失败: ./js/plugins/simple-story/user-content/玩法/16_口交技巧.txt TypeError: Failed to fetch
    at Object._loadCategoryTags (index.js:157:48)
    at async Promise.all (index 3)
    at async Object._loadAllCategoryData (index.js:122:9)
_loadCategoryTags @ index.js:164
await in _loadCategoryTags
(匿名) @ index.js:121
_loadAllCategoryData @ index.js:121
init @ index.js:85
init @ plugin.js:60
await in init
init @ app.js:34
init @ app.js:60
index.js:164  [小故事] 加载文件失败: ./js/plugins/simple-story/user-content/道具/16_人形道具.txt TypeError: Failed to fetch
    at Object._loadCategoryTags (index.js:157:48)
    at async Promise.all (index 4)
    at async Object._loadAllCategoryData (index.js:122:9)
_loadCategoryTags @ index.js:164
await in _loadCategoryTags
(匿名) @ index.js:121
_loadAllCategoryData @ index.js:121
init @ index.js:85
init @ plugin.js:60
await in init
init @ app.js:34
init @ app.js:60
index.js:164  [小故事] 加载文件失败: ./js/plugins/simple-story/user-content/节日/16_国庆节.txt TypeError: Failed to fetch
    at Object._loadCategoryTags (index.js:157:48)
    at async Promise.all (index 5)
    at async Object._loadAllCategoryData (index.js:122:9)
_loadCategoryTags @ index.js:164
await in _loadCategoryTags
(匿名) @ index.js:121
_loadAllCategoryData @ index.js:121
init @ index.js:85
init @ plugin.js:60
await in init
init @ app.js:34
init @ app.js:60
index.js:164  [小故事] 加载文件失败: ./js/plugins/simple-story/user-content/挑战/16_静音挑战.txt TypeError: Failed to fetch
    at Object._loadCategoryTags (index.js:157:48)
    at async Promise.all (index 6)
    at async Object._loadAllCategoryData (index.js:122:9)
_loadCategoryTags @ index.js:164
await in _loadCategoryTags
(匿名) @ index.js:121
_loadAllCategoryData @ index.js:121
init @ index.js:85
init @ plugin.js:60
await in init
init @ app.js:34
init @ app.js:60
index.js:164  [小故事] 加载文件失败: ./js/plugins/simple-story/user-content/异族娘/16_蜘蛛娘.txt TypeError: Failed to fetch
    at Object._loadCategoryTags (index.js:157:48)
    at async Promise.all (index 7)
    at async Object._loadAllCategoryData (index.js:122:9)
_loadCategoryTags @ index.js:164
await in _loadCategoryTags
(匿名) @ index.js:121
_loadAllCategoryData @ index.js:121
init @ index.js:85
init @ plugin.js:60
await in init
init @ app.js:34
init @ app.js:60
index.js:158  Failed to load tags from /C:/Users/yf217/Desktop/aichat/%E5%BC%80%E5%8F%91/%E5%BC%80%E5%8F%915.0%EF%BC%88%E6%95%85%E4%BA%8B%E7%94%9F%E6%88%90%E5%99%A8%EF%BC%89/14.0/js/plugins/adult-tags/user-content/17.txt TypeError: Failed to fetch
    at Object._loadTagsFromFile (index.js:136:44)
_loadTagsFromFile @ index.js:158
await in _loadTagsFromFile
_initTagLibrary @ index.js:29
init @ index.js:9
init @ plugin.js:60
await in init
init @ app.js:34
init @ app.js:60
index.js:164  [小故事] 加载文件失败: ./js/plugins/simple-story/user-content/姿势/17_组合姿势.txt TypeError: Failed to fetch
    at Object._loadCategoryTags (index.js:157:48)
    at async Promise.all (index 0)
    at async Object._loadAllCategoryData (index.js:122:9)
_loadCategoryTags @ index.js:164
await in _loadCategoryTags
(匿名) @ index.js:121
_loadAllCategoryData @ index.js:121
init @ index.js:85
init @ plugin.js:60
await in init
init @ app.js:34
init @ app.js:60
index.js:164  [小故事] 加载文件失败: ./js/plugins/simple-story/user-content/表情/17_高潮.txt TypeError: Failed to fetch
    at Object._loadCategoryTags (index.js:157:48)
    at async Promise.all (index 1)
    at async Object._loadAllCategoryData (index.js:122:9)
_loadCategoryTags @ index.js:164
await in _loadCategoryTags
(匿名) @ index.js:121
_loadAllCategoryData @ index.js:121
init @ index.js:85
init @ plugin.js:60
await in init
init @ app.js:34
init @ app.js:60
index.js:164  [小故事] 加载文件失败: ./js/plugins/simple-story/user-content/服装/17_囚犯服装.txt TypeError: Failed to fetch
    at Object._loadCategoryTags (index.js:157:48)
    at async Promise.all (index 2)
    at async Object._loadAllCategoryData (index.js:122:9)
_loadCategoryTags @ index.js:164
await in _loadCategoryTags
(匿名) @ index.js:121
_loadAllCategoryData @ index.js:121
init @ index.js:85
init @ plugin.js:60
await in init
init @ app.js:34
init @ app.js:60
index.js:164  [小故事] 加载文件失败: ./js/plugins/simple-story/user-content/玩法/17_颜射内射.txt TypeError: Failed to fetch
    at Object._loadCategoryTags (index.js:157:48)
    at async Promise.all (index 3)
    at async Object._loadAllCategoryData (index.js:122:9)
_loadCategoryTags @ index.js:164
await in _loadCategoryTags
(匿名) @ index.js:121
_loadAllCategoryData @ index.js:121
init @ index.js:85
init @ plugin.js:60
await in init
init @ app.js:34
init @ app.js:60
index.js:164  [小故事] 加载文件失败: ./js/plugins/simple-story/user-content/道具/17_疼痛道具.txt TypeError: Failed to fetch
    at Object._loadCategoryTags (index.js:157:48)
    at async Promise.all (index 4)
    at async Object._loadAllCategoryData (index.js:122:9)
_loadCategoryTags @ index.js:164
await in _loadCategoryTags
(匿名) @ index.js:121
_loadAllCategoryData @ index.js:121
init @ index.js:85
init @ plugin.js:60
await in init
init @ app.js:34
init @ app.js:60
index.js:164  [小故事] 加载文件失败: ./js/plugins/simple-story/user-content/节日/17_中秋节.txt TypeError: Failed to fetch
    at Object._loadCategoryTags (index.js:157:48)
    at async Promise.all (index 5)
    at async Object._loadAllCategoryData (index.js:122:9)
_loadCategoryTags @ index.js:164
await in _loadCategoryTags
(匿名) @ index.js:121
_loadAllCategoryData @ index.js:121
init @ index.js:85
init @ plugin.js:60
await in init
init @ app.js:34
init @ app.js:60
index.js:164  [小故事] 加载文件失败: ./js/plugins/simple-story/user-content/挑战/17_站立挑战.txt TypeError: Failed to fetch
    at Object._loadCategoryTags (index.js:157:48)
    at async Promise.all (index 6)
    at async Object._loadAllCategoryData (index.js:122:9)
_loadCategoryTags @ index.js:164
await in _loadCategoryTags
(匿名) @ index.js:121
_loadAllCategoryData @ index.js:121
init @ index.js:85
init @ plugin.js:60
await in init
init @ app.js:34
init @ app.js:60
index.js:164  [小故事] 加载文件失败: ./js/plugins/simple-story/user-content/异族娘/17_兔子娘.txt TypeError: Failed to fetch
    at Object._loadCategoryTags (index.js:157:48)
    at async Promise.all (index 7)
    at async Object._loadAllCategoryData (index.js:122:9)
_loadCategoryTags @ index.js:164
await in _loadCategoryTags
(匿名) @ index.js:121
_loadAllCategoryData @ index.js:121
init @ index.js:85
init @ plugin.js:60
await in init
init @ app.js:34
init @ app.js:60
index.js:158  Failed to load tags from /C:/Users/yf217/Desktop/aichat/%E5%BC%80%E5%8F%91/%E5%BC%80%E5%8F%915.0%EF%BC%88%E6%95%85%E4%BA%8B%E7%94%9F%E6%88%90%E5%99%A8%EF%BC%89/14.0/js/plugins/adult-tags/user-content/18.txt TypeError: Failed to fetch
    at Object._loadTagsFromFile (index.js:136:44)
_loadTagsFromFile @ index.js:158
await in _loadTagsFromFile
_initTagLibrary @ index.js:29
init @ index.js:9
init @ plugin.js:60
await in init
init @ app.js:34
init @ app.js:60
index.js:164  [小故事] 加载文件失败: ./js/plugins/simple-story/user-content/姿势/18_按摩姿势.txt TypeError: Failed to fetch
    at Object._loadCategoryTags (index.js:157:48)
    at async Promise.all (index 0)
    at async Object._loadAllCategoryData (index.js:122:9)
_loadCategoryTags @ index.js:164
await in _loadCategoryTags
(匿名) @ index.js:121
_loadAllCategoryData @ index.js:121
init @ index.js:85
init @ plugin.js:60
await in init
init @ app.js:34
init @ app.js:60
index.js:164  [小故事] 加载文件失败: ./js/plugins/simple-story/user-content/表情/18_失神.txt TypeError: Failed to fetch
    at Object._loadCategoryTags (index.js:157:48)
    at async Promise.all (index 1)
    at async Object._loadAllCategoryData (index.js:122:9)
_loadCategoryTags @ index.js:164
await in _loadCategoryTags
(匿名) @ index.js:121
_loadAllCategoryData @ index.js:121
init @ index.js:85
init @ plugin.js:60
await in init
init @ app.js:34
init @ app.js:60
index.js:164  [小故事] 加载文件失败: ./js/plugins/simple-story/user-content/服装/18_动漫角色.txt TypeError: Failed to fetch
    at Object._loadCategoryTags (index.js:157:48)
    at async Promise.all (index 2)
    at async Object._loadAllCategoryData (index.js:122:9)
_loadCategoryTags @ index.js:164
await in _loadCategoryTags
(匿名) @ index.js:121
_loadAllCategoryData @ index.js:121
init @ index.js:85
init @ plugin.js:60
await in init
init @ app.js:34
init @ app.js:60
index.js:164  [小故事] 加载文件失败: ./js/plugins/simple-story/user-content/玩法/18_潮吹喷水.txt TypeError: Failed to fetch
    at Object._loadCategoryTags (index.js:157:48)
    at async Promise.all (index 3)
    at async Object._loadAllCategoryData (index.js:122:9)
_loadCategoryTags @ index.js:164
await in _loadCategoryTags
(匿名) @ index.js:121
_loadAllCategoryData @ index.js:121
init @ index.js:85
init @ plugin.js:60
await in init
init @ app.js:34
init @ app.js:60
index.js:164  [小故事] 加载文件失败: ./js/plugins/simple-story/user-content/道具/18_辅助器具.txt TypeError: Failed to fetch
    at Object._loadCategoryTags (index.js:157:48)
    at async Promise.all (index 4)
    at async Object._loadAllCategoryData (index.js:122:9)
_loadCategoryTags @ index.js:164
await in _loadCategoryTags
(匿名) @ index.js:121
_loadAllCategoryData @ index.js:121
init @ index.js:85
init @ plugin.js:60
await in init
init @ app.js:34
init @ app.js:60
index.js:164  [小故事] 加载文件失败: ./js/plugins/simple-story/user-content/节日/18_端午节.txt TypeError: Failed to fetch
    at Object._loadCategoryTags (index.js:157:48)
    at async Promise.all (index 5)
    at async Object._loadAllCategoryData (index.js:122:9)
_loadCategoryTags @ index.js:164
await in _loadCategoryTags
(匿名) @ index.js:121
_loadAllCategoryData @ index.js:121
init @ index.js:85
init @ plugin.js:60
await in init
init @ app.js:34
init @ app.js:60
index.js:164  [小故事] 加载文件失败: ./js/plugins/simple-story/user-content/挑战/18_负重挑战.txt TypeError: Failed to fetch
    at Object._loadCategoryTags (index.js:157:48)
    at async Promise.all (index 6)
    at async Object._loadAllCategoryData (index.js:122:9)
_loadCategoryTags @ index.js:164
await in _loadCategoryTags
(匿名) @ index.js:121
_loadAllCategoryData @ index.js:121
init @ index.js:85
init @ plugin.js:60
await in init
init @ app.js:34
init @ app.js:60
app.js:62 应用初始化完成
index.js:164  [小故事] 加载文件失败: ./js/plugins/simple-story/user-content/异族娘/18_狐狸娘.txt TypeError: Failed to fetch
    at Object._loadCategoryTags (index.js:157:48)
    at async Promise.all (index 7)
    at async Object._loadAllCategoryData (index.js:122:9)
_loadCategoryTags @ index.js:164
await in _loadCategoryTags
(匿名) @ index.js:121
_loadAllCategoryData @ index.js:121
init @ index.js:85
init @ plugin.js:60
await in init
init @ app.js:34
init @ app.js:60
  Failed to load tags from /C:/Users/yf217/Desktop/aichat/%E5%BC%80%E5%8F%91/%E5%BC%80%E5%8F%915.0%EF%BC%88%E6%95%85%E4%BA%8B%E7%94%9F%E6%88%90%E5%99%A8%EF%BC%89/14.0/js/plugins/adult-tags/user-content/19.txt 
_loadTagsFromFile @ index.js:158
await in _loadTagsFromFile
_initTagLibrary @ index.js:29
init @ index.js:9
init @ plugin.js:60
await in init
init @ app.js:34
init @ app.js:60
  [小故事] 加载文件失败: ./js/plugins/simple-story/user-content/姿势/19_口交姿势.txt 
_loadCategoryTags @ index.js:164
await in _loadCategoryTags
(匿名) @ index.js:121
_loadAllCategoryData @ index.js:121
init @ index.js:85
init @ plugin.js:60
await in init
init @ app.js:34
init @ app.js:60
  [小故事] 加载文件失败: ./js/plugins/simple-story/user-content/表情/19_幸福.txt 
_loadCategoryTags @ index.js:164
await in _loadCategoryTags
(匿名) @ index.js:121
_loadAllCategoryData @ index.js:121
init @ index.js:85
init @ plugin.js:60
await in init
init @ app.js:34
init @ app.js:60
  [小故事] 加载文件失败: ./js/plugins/simple-story/user-content/服装/19_圣诞节日.txt 
_loadCategoryTags @ index.js:164
await in _loadCategoryTags
(匿名) @ index.js:121
_loadAllCategoryData @ index.js:121
init @ index.js:85
init @ plugin.js:60
await in init
init @ app.js:34
init @ app.js:60
  [小故事] 加载文件失败: ./js/plugins/simple-story/user-content/玩法/19_调教指令.txt 
_loadCategoryTags @ index.js:164
await in _loadCategoryTags
(匿名) @ index.js:121
_loadAllCategoryData @ index.js:121
init @ index.js:85
init @ plugin.js:60
await in init
init @ app.js:34
init @ app.js:60
  [小故事] 加载文件失败: ./js/plugins/simple-story/user-content/道具/19_乳胶系列.txt 
_loadCategoryTags @ index.js:164
await in _loadCategoryTags
(匿名) @ index.js:121
_loadAllCategoryData @ index.js:121
init @ index.js:85
init @ plugin.js:60
await in init
init @ app.js:34
init @ app.js:60
  [小故事] 加载文件失败: ./js/plugins/simple-story/user-content/节日/19_儿童节.txt 
_loadCategoryTags @ index.js:164
await in _loadCategoryTags
(匿名) @ index.js:121
_loadAllCategoryData @ index.js:121
init @ index.js:85
init @ plugin.js:60
await in init
init @ app.js:34
init @ app.js:60
  [小故事] 加载文件失败: ./js/plugins/simple-story/user-content/挑战/19_24小时挑战.txt 
_loadCategoryTags @ index.js:164
await in _loadCategoryTags
(匿名) @ index.js:121
_loadAllCategoryData @ index.js:121
init @ index.js:85
init @ plugin.js:60
await in init
init @ app.js:34
init @ app.js:60
  [小故事] 加载文件失败: ./js/plugins/simple-story/user-content/异族娘/19_南瓜娘.txt 
_loadCategoryTags @ index.js:164
await in _loadCategoryTags
(匿名) @ index.js:121
_loadAllCategoryData @ index.js:121
init @ index.js:85
init @ plugin.js:60
await in init
init @ app.js:34
init @ app.js:60
  Failed to load tags from /C:/Users/yf217/Desktop/aichat/%E5%BC%80%E5%8F%91/%E5%BC%80%E5%8F%915.0%EF%BC%88%E6%95%85%E4%BA%8B%E7%94%9F%E6%88%90%E5%99%A8%EF%BC%89/14.0/js/plugins/adult-tags/user-content/20.txt 
_loadTagsFromFile @ index.js:158
await in _loadTagsFromFile
_initTagLibrary @ index.js:29
init @ index.js:9
init @ plugin.js:60
await in init
init @ app.js:34
init @ app.js:60
  [小故事] 加载文件失败: ./js/plugins/simple-story/user-content/姿势/20_后庭姿势.txt 
_loadCategoryTags @ index.js:164
await in _loadCategoryTags
(匿名) @ index.js:121
_loadAllCategoryData @ index.js:121
init @ index.js:85
init @ plugin.js:60
await in init
init @ app.js:34
init @ app.js:60
  [小故事] 加载文件失败: ./js/plugins/simple-story/user-content/表情/20_勾引.txt 
_loadCategoryTags @ index.js:164
await in _loadCategoryTags
(匿名) @ index.js:121
_loadAllCategoryData @ index.js:121
init @ index.js:85
init @ plugin.js:60
await in init
init @ app.js:34
init @ app.js:60
  [小故事] 加载文件失败: ./js/plugins/simple-story/user-content/服装/20_贵族服饰.txt 
_loadCategoryTags @ index.js:164
await in _loadCategoryTags
(匿名) @ index.js:121
_loadAllCategoryData @ index.js:121
init @ index.js:85
init @ plugin.js:60
await in init
init @ app.js:34
init @ app.js:60
  [小故事] 加载文件失败: ./js/plugins/simple-story/user-content/玩法/20_放置惩罚.txt 
_loadCategoryTags @ index.js:164
await in _loadCategoryTags
(匿名) @ index.js:121
_loadAllCategoryData @ index.js:121
init @ index.js:85
init @ plugin.js:60
await in init
init @ app.js:34
init @ app.js:60
  [小故事] 加载文件失败: ./js/plugins/simple-story/user-content/道具/20_清洁配件.txt 
_loadCategoryTags @ index.js:164
await in _loadCategoryTags
(匿名) @ index.js:121
_loadAllCategoryData @ index.js:121
init @ index.js:85
init @ plugin.js:60
await in init
init @ app.js:34
init @ app.js:60
  [小故事] 加载文件失败: ./js/plugins/simple-story/user-content/节日/20_平安夜.txt 
_loadCategoryTags @ index.js:164
await in _loadCategoryTags
(匿名) @ index.js:121
_loadAllCategoryData @ index.js:121
init @ index.js:85
init @ plugin.js:60
await in init
init @ app.js:34
init @ app.js:60
  [小故事] 加载文件失败: ./js/plugins/simple-story/user-content/挑战/20_终极挑战.txt 
_loadCategoryTags @ index.js:164
await in _loadCategoryTags
(匿名) @ index.js:121
_loadAllCategoryData @ index.js:121
init @ index.js:85
init @ plugin.js:60
await in init
init @ app.js:34
init @ app.js:60
  [小故事] 加载文件失败: ./js/plugins/simple-story/user-content/异族娘/20_猫头鹰娘.txt 
_loadCategoryTags @ index.js:164
await in _loadCategoryTags
(匿名) @ index.js:121
_loadAllCategoryData @ index.js:121
init @ index.js:85
init @ plugin.js:60
await in init
init @ app.js:34
init @ app.js:60
  Failed to load tags from /C:/Users/yf217/Desktop/aichat/%E5%BC%80%E5%8F%91/%E5%BC%80%E5%8F%915.0%EF%BC%88%E6%95%85%E4%BA%8B%E7%94%9F%E6%88%90%E5%99%A8%EF%BC%89/14.0/js/plugins/adult-tags/user-content/21.txt 
_loadTagsFromFile @ index.js:158
await in _loadTagsFromFile
_initTagLibrary @ index.js:29
init @ index.js:9
init @ plugin.js:60
await in init
init @ app.js:34
init @ app.js:60
  [小故事] 加载文件失败: ./js/plugins/simple-story/user-content/玩法/21_户外自慰.txt 
_loadCategoryTags @ index.js:164
await in _loadCategoryTags
(匿名) @ index.js:121
_loadAllCategoryData @ index.js:121
init @ index.js:85
init @ plugin.js:60
await in init
init @ app.js:34
init @ app.js:60
  [小故事] 加载文件失败: ./js/plugins/simple-story/user-content/道具/21_套装组合.txt 
_loadCategoryTags @ index.js:164
await in _loadCategoryTags
(匿名) @ index.js:121
_loadAllCategoryData @ index.js:121
init @ index.js:85
init @ plugin.js:60
await in init
init @ app.js:34
init @ app.js:60
  Failed to load tags from /C:/Users/yf217/Desktop/aichat/%E5%BC%80%E5%8F%91/%E5%BC%80%E5%8F%915.0%EF%BC%88%E6%95%85%E4%BA%8B%E7%94%9F%E6%88%90%E5%99%A8%EF%BC%89/14.0/js/plugins/adult-tags/user-content/22.txt 
_loadTagsFromFile @ index.js:158
await in _loadTagsFromFile
_initTagLibrary @ index.js:29
init @ index.js:9
init @ plugin.js:60
await in init
init @ app.js:34
init @ app.js:60
  [小故事] 加载文件失败: ./js/plugins/simple-story/user-content/玩法/22_公共场合自慰.txt 
_loadCategoryTags @ index.js:164
await in _loadCategoryTags
(匿名) @ index.js:121
_loadAllCategoryData @ index.js:121
init @ index.js:85
init @ plugin.js:60
await in init
init @ app.js:34
init @ app.js:60
  Failed to load tags from /C:/Users/yf217/Desktop/aichat/%E5%BC%80%E5%8F%91/%E5%BC%80%E5%8F%915.0%EF%BC%88%E6%95%85%E4%BA%8B%E7%94%9F%E6%88%90%E5%99%A8%EF%BC%89/14.0/js/plugins/adult-tags/user-content/23.txt 
_loadTagsFromFile @ index.js:158
await in _loadTagsFromFile
_initTagLibrary @ index.js:29
init @ index.js:9
init @ plugin.js:60
await in init
init @ app.js:34
init @ app.js:60
  [小故事] 加载文件失败: ./js/plugins/simple-story/user-content/玩法/23_壁尻.txt 
_loadCategoryTags @ index.js:164
await in _loadCategoryTags
(匿名) @ index.js:121
_loadAllCategoryData @ index.js:121
init @ index.js:85
init @ plugin.js:60
await in init
init @ app.js:34
init @ app.js:60
  Failed to load tags from /C:/Users/yf217/Desktop/aichat/%E5%BC%80%E5%8F%91/%E5%BC%80%E5%8F%915.0%EF%BC%88%E6%95%85%E4%BA%8B%E7%94%9F%E6%88%90%E5%99%A8%EF%BC%89/14.0/js/plugins/adult-tags/user-content/24.txt 
_loadTagsFromFile @ index.js:158
await in _loadTagsFromFile
_initTagLibrary @ index.js:29
init @ index.js:9
init @ plugin.js:60
await in init
init @ app.js:34
init @ app.js:60
  [小故事] 加载文件失败: ./js/plugins/simple-story/user-content/玩法/24_火车旅行.txt 
_loadCategoryTags @ index.js:164
await in _loadCategoryTags
(匿名) @ index.js:121
_loadAllCategoryData @ index.js:121
init @ index.js:85
init @ plugin.js:60
await in init
init @ app.js:34
init @ app.js:60
index.js:158  Failed to load tags from /C:/Users/yf217/Desktop/aichat/%E5%BC%80%E5%8F%91/%E5%BC%80%E5%8F%915.0%EF%BC%88%E6%95%85%E4%BA%8B%E7%94%9F%E6%88%90%E5%99%A8%EF%BC%89/14.0/js/plugins/adult-tags/user-content/25.txt TypeError: Failed to fetch
    at Object._loadTagsFromFile (index.js:136:44)
_loadTagsFromFile @ index.js:158
await in _loadTagsFromFile
_initTagLibrary @ index.js:29
init @ index.js:9
init @ plugin.js:60
await in init
init @ app.js:34
init @ app.js:60
index.js:164  [小故事] 加载文件失败: ./js/plugins/simple-story/user-content/玩法/25_露出直播.txt TypeError: Failed to fetch
    at Object._loadCategoryTags (index.js:157:48)
    at async Promise.all (index 3)
    at async Object._loadAllCategoryData (index.js:122:9)
_loadCategoryTags @ index.js:164
await in _loadCategoryTags
(匿名) @ index.js:121
_loadAllCategoryData @ index.js:121
init @ index.js:85
init @ plugin.js:60
await in init
init @ app.js:34
init @ app.js:60
index.js:158  Failed to load tags from /C:/Users/yf217/Desktop/aichat/%E5%BC%80%E5%8F%91/%E5%BC%80%E5%8F%915.0%EF%BC%88%E6%95%85%E4%BA%8B%E7%94%9F%E6%88%90%E5%99%A8%EF%BC%89/14.0/js/plugins/adult-tags/user-content/26.txt TypeError: Failed to fetch
    at Object._loadTagsFromFile (index.js:136:44)
_loadTagsFromFile @ index.js:158
await in _loadTagsFromFile
_initTagLibrary @ index.js:29
init @ index.js:9
init @ plugin.js:60
await in init
init @ app.js:34
init @ app.js:60
index.js:164  [小故事] 加载文件失败: ./js/plugins/simple-story/user-content/玩法/26_公共物品自慰.txt TypeError: Failed to fetch
    at Object._loadCategoryTags (index.js:157:48)
    at async Promise.all (index 3)
    at async Object._loadAllCategoryData (index.js:122:9)
_loadCategoryTags @ index.js:164
await in _loadCategoryTags
(匿名) @ index.js:121
_loadAllCategoryData @ index.js:121
init @ index.js:85
init @ plugin.js:60
await in init
init @ app.js:34
init @ app.js:60
index.js:158  Failed to load tags from /C:/Users/yf217/Desktop/aichat/%E5%BC%80%E5%8F%91/%E5%BC%80%E5%8F%915.0%EF%BC%88%E6%95%85%E4%BA%8B%E7%94%9F%E6%88%90%E5%99%A8%EF%BC%89/14.0/js/plugins/adult-tags/user-content/27.txt TypeError: Failed to fetch
    at Object._loadTagsFromFile (index.js:136:44)
_loadTagsFromFile @ index.js:158
await in _loadTagsFromFile
_initTagLibrary @ index.js:29
init @ index.js:9
init @ plugin.js:60
await in init
init @ app.js:34
init @ app.js:60
index.js:164  [小故事] 加载文件失败: ./js/plugins/simple-story/user-content/玩法/27_远程控制.txt TypeError: Failed to fetch
    at Object._loadCategoryTags (index.js:157:48)
    at async Promise.all (index 3)
    at async Object._loadAllCategoryData (index.js:122:9)
_loadCategoryTags @ index.js:164
await in _loadCategoryTags
(匿名) @ index.js:121
_loadAllCategoryData @ index.js:121
init @ index.js:85
init @ plugin.js:60
await in init
init @ app.js:34
init @ app.js:60
index.js:158  Failed to load tags from /C:/Users/yf217/Desktop/aichat/%E5%BC%80%E5%8F%91/%E5%BC%80%E5%8F%915.0%EF%BC%88%E6%95%85%E4%BA%8B%E7%94%9F%E6%88%90%E5%99%A8%EF%BC%89/14.0/js/plugins/adult-tags/user-content/28.txt TypeError: Failed to fetch
    at Object._loadTagsFromFile (index.js:136:44)
_loadTagsFromFile @ index.js:158
await in _loadTagsFromFile
_initTagLibrary @ index.js:29
init @ index.js:9
init @ plugin.js:60
await in init
init @ app.js:34
init @ app.js:60
index.js:164  [小故事] 加载文件失败: ./js/plugins/simple-story/user-content/玩法/28_伴侣辅助.txt TypeError: Failed to fetch
    at Object._loadCategoryTags (index.js:157:48)
    at async Promise.all (index 3)
    at async Object._loadAllCategoryData (index.js:122:9)
_loadCategoryTags @ index.js:164
await in _loadCategoryTags
(匿名) @ index.js:121
_loadAllCategoryData @ index.js:121
init @ index.js:85
init @ plugin.js:60
await in init
init @ app.js:34
init @ app.js:60
index.js:158  Failed to load tags from /C:/Users/yf217/Desktop/aichat/%E5%BC%80%E5%8F%91/%E5%BC%80%E5%8F%915.0%EF%BC%88%E6%95%85%E4%BA%8B%E7%94%9F%E6%88%90%E5%99%A8%EF%BC%89/14.0/js/plugins/adult-tags/user-content/29.txt TypeError: Failed to fetch
    at Object._loadTagsFromFile (index.js:136:44)
_loadTagsFromFile @ index.js:158
await in _loadTagsFromFile
_initTagLibrary @ index.js:29
init @ index.js:9
init @ plugin.js:60
await in init
init @ app.js:34
init @ app.js:60
index.js:164  [小故事] 加载文件失败: ./js/plugins/simple-story/user-content/玩法/29_公共厕所.txt TypeError: Failed to fetch
    at Object._loadCategoryTags (index.js:157:48)
    at async Promise.all (index 3)
    at async Object._loadAllCategoryData (index.js:122:9)
_loadCategoryTags @ index.js:164
await in _loadCategoryTags
(匿名) @ index.js:121
_loadAllCategoryData @ index.js:121
init @ index.js:85
init @ plugin.js:60
await in init
init @ app.js:34
init @ app.js:60
index.js:158  Failed to load tags from /C:/Users/yf217/Desktop/aichat/%E5%BC%80%E5%8F%91/%E5%BC%80%E5%8F%915.0%EF%BC%88%E6%95%85%E4%BA%8B%E7%94%9F%E6%88%90%E5%99%A8%EF%BC%89/14.0/js/plugins/adult-tags/user-content/30.txt TypeError: Failed to fetch
    at Object._loadTagsFromFile (index.js:136:44)
_loadTagsFromFile @ index.js:158
await in _loadTagsFromFile
_initTagLibrary @ index.js:29
init @ index.js:9
init @ plugin.js:60
await in init
init @ app.js:34
init @ app.js:60
index.js:164  [小故事] 加载文件失败: ./js/plugins/simple-story/user-content/玩法/30_地铁肉便器.txt TypeError: Failed to fetch
    at Object._loadCategoryTags (index.js:157:48)
    at async Promise.all (index 3)
    at async Object._loadAllCategoryData (index.js:122:9)
_loadCategoryTags @ index.js:164
await in _loadCategoryTags
(匿名) @ index.js:121
_loadAllCategoryData @ index.js:121
init @ index.js:85
init @ plugin.js:60
await in init
init @ app.js:34
init @ app.js:60
index.js:158  Failed to load tags from /C:/Users/yf217/Desktop/aichat/%E5%BC%80%E5%8F%91/%E5%BC%80%E5%8F%915.0%EF%BC%88%E6%95%85%E4%BA%8B%E7%94%9F%E6%88%90%E5%99%A8%EF%BC%89/14.0/js/plugins/adult-tags/user-content/31.txt TypeError: Failed to fetch
    at Object._loadTagsFromFile (index.js:136:44)
_loadTagsFromFile @ index.js:158
await in _loadTagsFromFile
_initTagLibrary @ index.js:29
init @ index.js:9
init @ plugin.js:60
await in init
init @ app.js:34
init @ app.js:60
index.js:164  [小故事] 加载文件失败: ./js/plugins/simple-story/user-content/玩法/31_路人诱惑直播.txt TypeError: Failed to fetch
    at Object._loadCategoryTags (index.js:157:48)
    at async Promise.all (index 3)
    at async Object._loadAllCategoryData (index.js:122:9)
_loadCategoryTags @ index.js:164
await in _loadCategoryTags
(匿名) @ index.js:121
_loadAllCategoryData @ index.js:121
init @ index.js:85
init @ plugin.js:60
await in init
init @ app.js:34
init @ app.js:60
index.js:158  Failed to load tags from /C:/Users/yf217/Desktop/aichat/%E5%BC%80%E5%8F%91/%E5%BC%80%E5%8F%915.0%EF%BC%88%E6%95%85%E4%BA%8B%E7%94%9F%E6%88%90%E5%99%A8%EF%BC%89/14.0/js/plugins/adult-tags/user-content/32.txt TypeError: Failed to fetch
    at Object._loadTagsFromFile (index.js:136:44)
_loadTagsFromFile @ index.js:158
await in _loadTagsFromFile
_initTagLibrary @ index.js:29
init @ index.js:9
init @ plugin.js:60
await in init
init @ app.js:34
init @ app.js:60
index.js:181 Adult tags library empty, waiting for manual addition
index.js:164  [小故事] 加载文件失败: ./js/plugins/simple-story/user-content/玩法/32_日常露出.txt TypeError: Failed to fetch
    at Object._loadCategoryTags (index.js:157:48)
    at async Promise.all (index 3)
    at async Object._loadAllCategoryData (index.js:122:9)
_loadCategoryTags @ index.js:164
await in _loadCategoryTags
(匿名) @ index.js:121
_loadAllCategoryData @ index.js:121
init @ index.js:85
init @ plugin.js:60
await in init
init @ app.js:34
init @ app.js:60
index.js:164  [小故事] 加载文件失败: ./js/plugins/simple-story/user-content/玩法/33_随机路人诱惑.txt TypeError: Failed to fetch
    at Object._loadCategoryTags (index.js:157:48)
    at async Promise.all (index 3)
    at async Object._loadAllCategoryData (index.js:122:9)
_loadCategoryTags @ index.js:164
await in _loadCategoryTags
(匿名) @ index.js:121
_loadAllCategoryData @ index.js:121
init @ index.js:85
init @ plugin.js:60
await in init
init @ app.js:34
init @ app.js:60
index.js:164  [小故事] 加载文件失败: ./js/plugins/simple-story/user-content/玩法/34_次日精液罐.txt TypeError: Failed to fetch
    at Object._loadCategoryTags (index.js:157:48)
    at async Promise.all (index 3)
    at async Object._loadAllCategoryData (index.js:122:9)
_loadCategoryTags @ index.js:164
await in _loadCategoryTags
(匿名) @ index.js:121
_loadAllCategoryData @ index.js:121
init @ index.js:85
init @ plugin.js:60
await in init
init @ app.js:34
init @ app.js:60
index.js:164  [小故事] 加载文件失败: ./js/plugins/simple-story/user-content/玩法/35_露出挑逗直播.txt TypeError: Failed to fetch
    at Object._loadCategoryTags (index.js:157:48)
    at async Promise.all (index 3)
    at async Object._loadAllCategoryData (index.js:122:9)
_loadCategoryTags @ index.js:164
await in _loadCategoryTags
(匿名) @ index.js:121
_loadAllCategoryData @ index.js:121
init @ index.js:85
init @ plugin.js:60
await in init
init @ app.js:34
init @ app.js:60
index.js:164  [小故事] 加载文件失败: ./js/plugins/simple-story/user-content/玩法/36_半公共辅助.txt TypeError: Failed to fetch
    at Object._loadCategoryTags (index.js:157:48)
    at async Promise.all (index 3)
    at async Object._loadAllCategoryData (index.js:122:9)
_loadCategoryTags @ index.js:164
await in _loadCategoryTags
(匿名) @ index.js:121
_loadAllCategoryData @ index.js:121
init @ index.js:85
init @ plugin.js:60
await in init
init @ app.js:34
init @ app.js:60
index.js:164  [小故事] 加载文件失败: ./js/plugins/simple-story/user-content/玩法/37_公共场合辅助.txt TypeError: Failed to fetch
    at Object._loadCategoryTags (index.js:157:48)
    at async Promise.all (index 3)
    at async Object._loadAllCategoryData (index.js:122:9)
_loadCategoryTags @ index.js:164
await in _loadCategoryTags
(匿名) @ index.js:121
_loadAllCategoryData @ index.js:121
init @ index.js:85
init @ plugin.js:60
await in init
init @ app.js:34
init @ app.js:60
index.js:164  [小故事] 加载文件失败: ./js/plugins/simple-story/user-content/玩法/38_极端火车.txt TypeError: Failed to fetch
    at Object._loadCategoryTags (index.js:157:48)
    at async Promise.all (index 3)
    at async Object._loadAllCategoryData (index.js:122:9)
_loadCategoryTags @ index.js:164
await in _loadCategoryTags
(匿名) @ index.js:121
_loadAllCategoryData @ index.js:121
init @ index.js:85
init @ plugin.js:60
await in init
init @ app.js:34
init @ app.js:60
index.js:164  [小故事] 加载文件失败: ./js/plugins/simple-story/user-content/玩法/39_直播互动.txt TypeError: Failed to fetch
    at Object._loadCategoryTags (index.js:157:48)
    at async Promise.all (index 3)
    at async Object._loadAllCategoryData (index.js:122:9)
_loadCategoryTags @ index.js:164
await in _loadCategoryTags
(匿名) @ index.js:121
_loadAllCategoryData @ index.js:121
init @ index.js:85
init @ plugin.js:60
await in init
init @ app.js:34
init @ app.js:60
index.js:164  [小故事] 加载文件失败: ./js/plugins/simple-story/user-content/玩法/40_壁尻精液罐.txt TypeError: Failed to fetch
    at Object._loadCategoryTags (index.js:157:48)
    at async Promise.all (index 3)
    at async Object._loadAllCategoryData (index.js:122:9)
_loadCategoryTags @ index.js:164
await in _loadCategoryTags
(匿名) @ index.js:121
_loadAllCategoryData @ index.js:121
init @ index.js:85
init @ plugin.js:60
await in init
init @ app.js:34
init @ app.js:60
index.js:164  [小故事] 加载文件失败: ./js/plugins/simple-story/user-content/玩法/41_声音露出玩法.txt TypeError: Failed to fetch
    at Object._loadCategoryTags (index.js:157:48)
    at async Promise.all (index 3)
    at async Object._loadAllCategoryData (index.js:122:9)
_loadCategoryTags @ index.js:164
await in _loadCategoryTags
(匿名) @ index.js:121
_loadAllCategoryData @ index.js:121
init @ index.js:85
init @ plugin.js:60
await in init
init @ app.js:34
init @ app.js:60
index.js:164  [小故事] 加载文件失败: ./js/plugins/simple-story/user-content/玩法/42_动物扮演玩法.txt TypeError: Failed to fetch
    at Object._loadCategoryTags (index.js:157:48)
    at async Promise.all (index 3)
    at async Object._loadAllCategoryData (index.js:122:9)
_loadCategoryTags @ index.js:164
await in _loadCategoryTags
(匿名) @ index.js:121
_loadAllCategoryData @ index.js:121
init @ index.js:85
init @ plugin.js:60
await in init
init @ app.js:34
init @ app.js:60
index.js:164  [小故事] 加载文件失败: ./js/plugins/simple-story/user-content/玩法/43_光荣洞玩法.txt TypeError: Failed to fetch
    at Object._loadCategoryTags (index.js:157:48)
    at async Promise.all (index 3)
    at async Object._loadAllCategoryData (index.js:122:9)
_loadCategoryTags @ index.js:164
await in _loadCategoryTags
(匿名) @ index.js:121
_loadAllCategoryData @ index.js:121
init @ index.js:85
init @ plugin.js:60
await in init
init @ app.js:34
init @ app.js:60
index.js:164  [小故事] 加载文件失败: ./js/plugins/simple-story/user-content/玩法/44_失禁玩法.txt TypeError: Failed to fetch
    at Object._loadCategoryTags (index.js:157:48)
    at async Promise.all (index 3)
    at async Object._loadAllCategoryData (index.js:122:9)
_loadCategoryTags @ index.js:164
await in _loadCategoryTags
(匿名) @ index.js:121
_loadAllCategoryData @ index.js:121
init @ index.js:85
init @ plugin.js:60
await in init
init @ app.js:34
init @ app.js:60
index.js:164  [小故事] 加载文件失败: ./js/plugins/simple-story/user-content/玩法/45_闷骚日常玩法.txt TypeError: Failed to fetch
    at Object._loadCategoryTags (index.js:157:48)
    at async Promise.all (index 3)
    at async Object._loadAllCategoryData (index.js:122:9)
_loadCategoryTags @ index.js:164
await in _loadCategoryTags
(匿名) @ index.js:121
_loadAllCategoryData @ index.js:121
init @ index.js:85
init @ plugin.js:60
await in init
init @ app.js:34
init @ app.js:60
index.js:164  [小故事] 加载文件失败: ./js/plugins/simple-story/user-content/玩法/46_运动裸体玩法.txt TypeError: Failed to fetch
    at Object._loadCategoryTags (index.js:157:48)
    at async Promise.all (index 3)
    at async Object._loadAllCategoryData (index.js:122:9)
_loadCategoryTags @ index.js:164
await in _loadCategoryTags
(匿名) @ index.js:121
_loadAllCategoryData @ index.js:121
init @ index.js:85
init @ plugin.js:60
await in init
init @ app.js:34
init @ app.js:60
index.js:164  [小故事] 加载文件失败: ./js/plugins/simple-story/user-content/玩法/47_超能力玩法.txt TypeError: Failed to fetch
    at Object._loadCategoryTags (index.js:157:48)
    at async Promise.all (index 3)
    at async Object._loadAllCategoryData (index.js:122:9)
_loadCategoryTags @ index.js:164
await in _loadCategoryTags
(匿名) @ index.js:121
_loadAllCategoryData @ index.js:121
init @ index.js:85
init @ plugin.js:60
await in init
init @ app.js:34
init @ app.js:60
index.js:164  [小故事] 加载文件失败: ./js/plugins/simple-story/user-content/玩法/48_常识错乱玩法.txt TypeError: Failed to fetch
    at Object._loadCategoryTags (index.js:157:48)
    at async Promise.all (index 3)
    at async Object._loadAllCategoryData (index.js:122:9)
_loadCategoryTags @ index.js:164
await in _loadCategoryTags
(匿名) @ index.js:121
_loadAllCategoryData @ index.js:121
init @ index.js:85
init @ plugin.js:60
await in init
init @ app.js:34
init @ app.js:60
index.js:164  [小故事] 加载文件失败: ./js/plugins/simple-story/user-content/玩法/49_异物插入玩法.txt TypeError: Failed to fetch
    at Object._loadCategoryTags (index.js:157:48)
    at async Promise.all (index 3)
    at async Object._loadAllCategoryData (index.js:122:9)
_loadCategoryTags @ index.js:164
await in _loadCategoryTags
(匿名) @ index.js:121
_loadAllCategoryData @ index.js:121
init @ index.js:85
init @ plugin.js:60
await in init
init @ app.js:34
init @ app.js:60
index.js:164  [小故事] 加载文件失败: ./js/plugins/simple-story/user-content/玩法/50_食物玩法.txt TypeError: Failed to fetch
    at Object._loadCategoryTags (index.js:157:48)
    at async Promise.all (index 3)
    at async Object._loadAllCategoryData (index.js:122:9)
_loadCategoryTags @ index.js:164
await in _loadCategoryTags
(匿名) @ index.js:121
_loadAllCategoryData @ index.js:121
init @ index.js:85
init @ plugin.js:60
await in init
init @ app.js:34
init @ app.js:60
index.js:164  [小故事] 加载文件失败: ./js/plugins/simple-story/user-content/玩法/51_公共场所任务玩法.txt TypeError: Failed to fetch
    at Object._loadCategoryTags (index.js:157:48)
    at async Promise.all (index 3)
    at async Object._loadAllCategoryData (index.js:122:9)
_loadCategoryTags @ index.js:164
await in _loadCategoryTags
(匿名) @ index.js:121
_loadAllCategoryData @ index.js:121
init @ index.js:85
init @ plugin.js:60
await in init
init @ app.js:34
init @ app.js:60
index.js:164  [小故事] 加载文件失败: ./js/plugins/simple-story/user-content/玩法/52_色气世界观.txt TypeError: Failed to fetch
    at Object._loadCategoryTags (index.js:157:48)
    at async Promise.all (index 3)
    at async Object._loadAllCategoryData (index.js:122:9)
_loadCategoryTags @ index.js:164
await in _loadCategoryTags
(匿名) @ index.js:121
_loadAllCategoryData @ index.js:121
init @ index.js:85
init @ plugin.js:60
await in init
init @ app.js:34
init @ app.js:60
index.js:164  [小故事] 加载文件失败: ./js/plugins/simple-story/user-content/玩法/53_职场运动玩法.txt TypeError: Failed to fetch
    at Object._loadCategoryTags (index.js:157:48)
    at async Promise.all (index 3)
    at async Object._loadAllCategoryData (index.js:122:9)
_loadCategoryTags @ index.js:164
await in _loadCategoryTags
(匿名) @ index.js:121
_loadAllCategoryData @ index.js:121
init @ index.js:85
init @ plugin.js:60
await in init
init @ app.js:34
init @ app.js:60
index.js:164  [小故事] 加载文件失败: ./js/plugins/simple-story/user-content/玩法/54_隔音场所玩法.txt TypeError: Failed to fetch
    at Object._loadCategoryTags (index.js:157:48)
    at async Promise.all (index 3)
    at async Object._loadAllCategoryData (index.js:122:9)
_loadCategoryTags @ index.js:164
await in _loadCategoryTags
(匿名) @ index.js:121
_loadAllCategoryData @ index.js:121
init @ index.js:85
init @ plugin.js:60
await in init
init @ app.js:34
init @ app.js:60
index.js:164  [小故事] 加载文件失败: ./js/plugins/simple-story/user-content/玩法/55_职业任务玩法.txt TypeError: Failed to fetch
    at Object._loadCategoryTags (index.js:157:48)
    at async Promise.all (index 3)
    at async Object._loadAllCategoryData (index.js:122:9)
_loadCategoryTags @ index.js:164
await in _loadCategoryTags
(匿名) @ index.js:121
_loadAllCategoryData @ index.js:121
init @ index.js:85
init @ plugin.js:60
await in init
init @ app.js:34
init @ app.js:60
index.js:164  [小故事] 加载文件失败: ./js/plugins/simple-story/user-content/玩法/56_路人参与玩法.txt TypeError: Failed to fetch
    at Object._loadCategoryTags (index.js:157:48)
    at async Promise.all (index 3)
    at async Object._loadAllCategoryData (index.js:122:9)
_loadCategoryTags @ index.js:164
await in _loadCategoryTags
(匿名) @ index.js:121
_loadAllCategoryData @ index.js:121
init @ index.js:85
init @ plugin.js:60
await in init
init @ app.js:34
init @ app.js:60
index.js:164  [小故事] 加载文件失败: ./js/plugins/simple-story/user-content/玩法/57_重口味体液玩法.txt TypeError: Failed to fetch
    at Object._loadCategoryTags (index.js:157:48)
    at async Promise.all (index 3)
    at async Object._loadAllCategoryData (index.js:122:9)
_loadCategoryTags @ index.js:164
await in _loadCategoryTags
(匿名) @ index.js:121
_loadAllCategoryData @ index.js:121
init @ index.js:85
init @ plugin.js:60
await in init
init @ app.js:34
init @ app.js:60
index.js:164  [小故事] 加载文件失败: ./js/plugins/simple-story/user-content/玩法/58_气味玩法.txt TypeError: Failed to fetch
    at Object._loadCategoryTags (index.js:157:48)
    at async Promise.all (index 3)
    at async Object._loadAllCategoryData (index.js:122:9)
_loadCategoryTags @ index.js:164
await in _loadCategoryTags
(匿名) @ index.js:121
_loadAllCategoryData @ index.js:121
init @ index.js:85
init @ plugin.js:60
await in init
init @ app.js:34
init @ app.js:60
index.js:164  [小故事] 加载文件失败: ./js/plugins/simple-story/user-content/玩法/59_尾巴肛塞玩法.txt TypeError: Failed to fetch
    at Object._loadCategoryTags (index.js:157:48)
    at async Promise.all (index 3)
    at async Object._loadAllCategoryData (index.js:122:9)
_loadCategoryTags @ index.js:164
await in _loadCategoryTags
(匿名) @ index.js:121
_loadAllCategoryData @ index.js:121
init @ index.js:85
init @ plugin.js:60
await in init
init @ app.js:34
init @ app.js:60
index.js:164  [小故事] 加载文件失败: ./js/plugins/simple-story/user-content/玩法/60_产卵玩法.txt TypeError: Failed to fetch
    at Object._loadCategoryTags (index.js:157:48)
    at async Promise.all (index 3)
    at async Object._loadAllCategoryData (index.js:122:9)
_loadCategoryTags @ index.js:164
await in _loadCategoryTags
(匿名) @ index.js:121
_loadAllCategoryData @ index.js:121
init @ index.js:85
init @ plugin.js:60
await in init
init @ app.js:34
init @ app.js:60
index.js:164  [小故事] 加载文件失败: ./js/plugins/simple-story/user-content/玩法/61_无意识露出玩法.txt TypeError: Failed to fetch
    at Object._loadCategoryTags (index.js:157:48)
    at async Promise.all (index 3)
    at async Object._loadAllCategoryData (index.js:122:9)
_loadCategoryTags @ index.js:164
await in _loadCategoryTags
(匿名) @ index.js:121
_loadAllCategoryData @ index.js:121
init @ index.js:85
init @ plugin.js:60
await in init
init @ app.js:34
init @ app.js:60
index.js:164  [小故事] 加载文件失败: ./js/plugins/simple-story/user-content/玩法/62_职业尿失禁玩法.txt TypeError: Failed to fetch
    at Object._loadCategoryTags (index.js:157:48)
    at async Promise.all (index 3)
    at async Object._loadAllCategoryData (index.js:122:9)
_loadCategoryTags @ index.js:164
await in _loadCategoryTags
(匿名) @ index.js:121
_loadAllCategoryData @ index.js:121
init @ index.js:85
init @ plugin.js:60
await in init
init @ app.js:34
init @ app.js:60
index.js:164  [小故事] 加载文件失败: ./js/plugins/simple-story/user-content/玩法/63_深夜场所玩法.txt TypeError: Failed to fetch
    at Object._loadCategoryTags (index.js:157:48)
    at async Promise.all (index 3)
    at async Object._loadAllCategoryData (index.js:122:9)
_loadCategoryTags @ index.js:164
await in _loadCategoryTags
(匿名) @ index.js:121
_loadAllCategoryData @ index.js:121
init @ index.js:85
init @ plugin.js:60
await in init
init @ app.js:34
init @ app.js:60
index.js:164  [小故事] 加载文件失败: ./js/plugins/simple-story/user-content/玩法/64_自我监听玩法.txt TypeError: Failed to fetch
    at Object._loadCategoryTags (index.js:157:48)
    at async Promise.all (index 3)
    at async Object._loadAllCategoryData (index.js:122:9)
_loadCategoryTags @ index.js:164
await in _loadCategoryTags
(匿名) @ index.js:121
_loadAllCategoryData @ index.js:121
init @ index.js:85
init @ plugin.js:60
await in init
init @ app.js:34
init @ app.js:60
index.js:164  [小故事] 加载文件失败: ./js/plugins/simple-story/user-content/玩法/65_重口味体液玩法2.txt TypeError: Failed to fetch
    at Object._loadCategoryTags (index.js:157:48)
    at async Promise.all (index 3)
    at async Object._loadAllCategoryData (index.js:122:9)
_loadCategoryTags @ index.js:164
await in _loadCategoryTags
(匿名) @ index.js:121
_loadAllCategoryData @ index.js:121
init @ index.js:85
init @ plugin.js:60
await in init
init @ app.js:34
init @ app.js:60
index.js:164  [小故事] 加载文件失败: ./js/plugins/simple-story/user-content/玩法/66_动物参与玩法.txt TypeError: Failed to fetch
    at Object._loadCategoryTags (index.js:157:48)
    at async Promise.all (index 3)
    at async Object._loadAllCategoryData (index.js:122:9)
_loadCategoryTags @ index.js:164
await in _loadCategoryTags
(匿名) @ index.js:121
_loadAllCategoryData @ index.js:121
init @ index.js:85
init @ plugin.js:60
await in init
init @ app.js:34
init @ app.js:60
index.js:164  [小故事] 加载文件失败: ./js/plugins/simple-story/user-content/玩法/67_纯幻想奇幻玩法.txt TypeError: Failed to fetch
    at Object._loadCategoryTags (index.js:157:48)
    at async Promise.all (index 3)
    at async Object._loadAllCategoryData (index.js:122:9)
_loadCategoryTags @ index.js:164
await in _loadCategoryTags
(匿名) @ index.js:121
_loadAllCategoryData @ index.js:121
init @ index.js:85
init @ plugin.js:60
await in init
init @ app.js:34
init @ app.js:60
index.js:164  [小故事] 加载文件失败: ./js/plugins/simple-story/user-content/玩法/68_痔疮肛交玩法.txt TypeError: Failed to fetch
    at Object._loadCategoryTags (index.js:157:48)
    at async Promise.all (index 3)
    at async Object._loadAllCategoryData (index.js:122:9)
_loadCategoryTags @ index.js:164
await in _loadCategoryTags
(匿名) @ index.js:121
_loadAllCategoryData @ index.js:121
init @ index.js:85
init @ plugin.js:60
await in init
init @ app.js:34
init @ app.js:60
index.js:164  [小故事] 加载文件失败: ./js/plugins/simple-story/user-content/玩法/69_尿失禁口交玩法.txt TypeError: Failed to fetch
    at Object._loadCategoryTags (index.js:157:48)
    at async Promise.all (index 3)
    at async Object._loadAllCategoryData (index.js:122:9)
_loadCategoryTags @ index.js:164
await in _loadCategoryTags
(匿名) @ index.js:121
_loadAllCategoryData @ index.js:121
init @ index.js:85
init @ plugin.js:60
await in init
init @ app.js:34
init @ app.js:60
index.js:164  [小故事] 加载文件失败: ./js/plugins/simple-story/user-content/玩法/70_巧合道具插入玩法.txt TypeError: Failed to fetch
    at Object._loadCategoryTags (index.js:157:48)
    at async Promise.all (index 3)
    at async Object._loadAllCategoryData (index.js:122:9)
_loadCategoryTags @ index.js:164
await in _loadCategoryTags
(匿名) @ index.js:121
_loadAllCategoryData @ index.js:121
init @ index.js:85
init @ plugin.js:60
await in init
init @ app.js:34
init @ app.js:60
index.js:164  [小故事] 加载文件失败: ./js/plugins/simple-story/user-content/玩法/71_传承道具玩法.txt TypeError: Failed to fetch
    at Object._loadCategoryTags (index.js:157:48)
    at async Promise.all (index 3)
    at async Object._loadAllCategoryData (index.js:122:9)
_loadCategoryTags @ index.js:164
await in _loadCategoryTags
(匿名) @ index.js:121
_loadAllCategoryData @ index.js:121
init @ index.js:85
init @ plugin.js:60
await in init
init @ app.js:34
init @ app.js:60
index.js:164  [小故事] 加载文件失败: ./js/plugins/simple-story/user-content/玩法/72_露出任务玩法.txt TypeError: Failed to fetch
    at Object._loadCategoryTags (index.js:157:48)
    at async Promise.all (index 3)
    at async Object._loadAllCategoryData (index.js:122:9)
_loadCategoryTags @ index.js:164
await in _loadCategoryTags
(匿名) @ index.js:121
_loadAllCategoryData @ index.js:121
init @ index.js:85
init @ plugin.js:60
await in init
init @ app.js:34
init @ app.js:60
index.js:164  [小故事] 加载文件失败: ./js/plugins/simple-story/user-content/玩法/73_洞猜游戏玩法.txt TypeError: Failed to fetch
    at Object._loadCategoryTags (index.js:157:48)
    at async Promise.all (index 3)
    at async Object._loadAllCategoryData (index.js:122:9)
_loadCategoryTags @ index.js:164
await in _loadCategoryTags
(匿名) @ index.js:121
_loadAllCategoryData @ index.js:121
init @ index.js:85
init @ plugin.js:60
await in init
init @ app.js:34
init @ app.js:60
index.js:164  [小故事] 加载文件失败: ./js/plugins/simple-story/user-content/玩法/74_懵懂性教育玩法.txt TypeError: Failed to fetch
    at Object._loadCategoryTags (index.js:157:48)
    at async Promise.all (index 3)
    at async Object._loadAllCategoryData (index.js:122:9)
_loadCategoryTags @ index.js:164
await in _loadCategoryTags
(匿名) @ index.js:121
_loadAllCategoryData @ index.js:121
init @ index.js:85
init @ plugin.js:60
await in init
init @ app.js:34
init @ app.js:60
index.js:164  [小故事] 加载文件失败: ./js/plugins/simple-story/user-content/玩法/75_男性性教育玩法.txt TypeError: Failed to fetch
    at Object._loadCategoryTags (index.js:157:48)
    at async Promise.all (index 3)
    at async Object._loadAllCategoryData (index.js:122:9)
_loadCategoryTags @ index.js:164
await in _loadCategoryTags
(匿名) @ index.js:121
_loadAllCategoryData @ index.js:121
init @ index.js:85
init @ plugin.js:60
await in init
init @ app.js:34
init @ app.js:60
index.js:164  [小故事] 加载文件失败: ./js/plugins/simple-story/user-content/玩法/76_车多人玩法.txt TypeError: Failed to fetch
    at Object._loadCategoryTags (index.js:157:48)
    at async Promise.all (index 3)
    at async Object._loadAllCategoryData (index.js:122:9)
_loadCategoryTags @ index.js:164
await in _loadCategoryTags
(匿名) @ index.js:121
_loadAllCategoryData @ index.js:121
init @ index.js:85
init @ plugin.js:60
await in init
init @ app.js:34
init @ app.js:60
index.js:164  [小故事] 加载文件失败: ./js/plugins/simple-story/user-content/玩法/77_无意识隐性色情玩法.txt TypeError: Failed to fetch
    at Object._loadCategoryTags (index.js:157:48)
    at async Promise.all (index 3)
    at async Object._loadAllCategoryData (index.js:122:9)
_loadCategoryTags @ index.js:164
await in _loadCategoryTags
(匿名) @ index.js:121
_loadAllCategoryData @ index.js:121
init @ index.js:85
init @ plugin.js:60
await in init
init @ app.js:34
init @ app.js:60
index.js:164  [小故事] 加载文件失败: ./js/plugins/simple-story/user-content/玩法/78_超级柔韧玩法.txt TypeError: Failed to fetch
    at Object._loadCategoryTags (index.js:157:48)
    at async Promise.all (index 3)
    at async Object._loadAllCategoryData (index.js:122:9)
_loadCategoryTags @ index.js:164
await in _loadCategoryTags
(匿名) @ index.js:121
_loadAllCategoryData @ index.js:121
init @ index.js:85
init @ plugin.js:60
await in init
init @ app.js:34
init @ app.js:60
index.js:164  [小故事] 加载文件失败: ./js/plugins/simple-story/user-content/玩法/79_一男多女玩法.txt TypeError: Failed to fetch
    at Object._loadCategoryTags (index.js:157:48)
    at async Promise.all (index 3)
    at async Object._loadAllCategoryData (index.js:122:9)
_loadCategoryTags @ index.js:164
await in _loadCategoryTags
(匿名) @ index.js:121
_loadAllCategoryData @ index.js:121
init @ index.js:85
init @ plugin.js:60
await in init
init @ app.js:34
init @ app.js:60
index.js:164  [小故事] 加载文件失败: ./js/plugins/simple-story/user-content/玩法/80_家庭禁忌玩法.txt TypeError: Failed to fetch
    at Object._loadCategoryTags (index.js:157:48)
    at async Promise.all (index 3)
    at async Object._loadAllCategoryData (index.js:122:9)
_loadCategoryTags @ index.js:164
await in _loadCategoryTags
(匿名) @ index.js:121
_loadAllCategoryData @ index.js:121
init @ index.js:85
init @ plugin.js:60
await in init
init @ app.js:34
init @ app.js:60
