plugin.js:15 Plugin registered: inventory
plugin.js:15 Plugin registered: shop
plugin.js:15 Plugin registered: prompt-manager
plugin.js:15 Plugin registered: chat-plugin
plugin.js:15 Plugin registered: time-plugin
plugin.js:15 Plugin registered: achievement
plugin.js:15 Plugin registered: adult-tags
plugin.js:15 Plugin registered: simple-story
plugin.js:15 Plugin registered: character-editor
app.js:53 所有模块加载完成
index.js:6 Inventory plugin loaded
index.js:6 Shop plugin loaded
index.js:191 [提示词管理] 插件已加载
index.js:220 [提示词管理] 模板加载完成
index.js:7 Chat plugin loaded
index.js:1336 Time plugin loaded
index.js:6 Achievement plugin loaded
index.js:6 Adult-tags plugin loaded
index.js:83 Simple-story plugin loaded
index.js:7 Character editor plugin loaded
plugin.js:64 All plugins initialized
app.js:62 应用初始化完成
story.js:638 [性欲] 新故事开始，所有角色的性欲已重置为0
story.js:642 [性欲] 新故事开始，冷却列表已清空
index.js:809 [成人标签] 场景未匹配到任何关键词
story.js:1482 [成人标签] 开头故事未触发关键词，跳过成人内容
ai.js:170 ========== [AI] 输入 ==========
ai.js:174 用户: 【世界背景】
巨龙-纯爱

【角色设定】
角色：陈风、艾露西亚

【上下文】
[上下文]

【用户选择】
[用户选择]

【亲密互动】
[亲密互动]

【物品使用】
[物品使用]

你是一位极度色情、细节淫靡的成人小说作者，专注于感官轰炸、肉体反应，心理堕落与高潮描写的极致表达。

【严格限制】
1. 禁止出现任何路人、陌生人、新出现角色。所有性行为、触碰、插入、玩弄只能发生在已建立关系的角色之间。
2. 多人群交/多人场景必须通过主角的魔法分身、克隆、性爱傀儡、触手系魔法具、拟真性玩具、附身类道具等方式实现，绝不能凭空出现新人类。
3. 语言必须极其下流直接：使用大量生殖器直呼其名（鸡巴、屄、骚穴、肉棒、阴蒂、乳头、菊穴等）、拟声词（啪啪、咕啾、噗滋、滋啵、嗯啊、喘息）、体液描写（淫水、精液、爱液、口水、汗液、乳汁）。
4. 【重要】如果角色已经离开或场景发生变化，故事应该反映这种变化，而不是硬凑互动

[剧情指令]

[成人标签]

请生成150-350字的色情故事：从身体接触→性器直接互动→强烈快感描写→逼近第一次高潮或射精边缘，自然留出后续空间，每次输出不必包括全部流程，一次可
ai.js:175 ===============================
ai.js:204 ========== [AI] 输出 ==========
ai.js:205 陈风的手指粗暴地撬开艾露西亚紧咬的唇齿，沾满她唾液的指尖顺着她光滑的脖颈一路下滑，猛地扯开了她胸前早已湿透的衣襟。那对饱满的巨乳弹跳而出，顶端嫣红的乳头早已硬挺充血，在冰冷的空气中可怜地颤抖。他毫不怜惜地捏住一颗，用粗糙的指腹狠狠碾过敏感的乳尖。

“嗯啊……主人……”艾露西亚的呻吟带着哭腔，身体却诚实地弓起，将更多的乳肉送入他手中。陈风低头，用滚烫的舌头卷住另一颗战栗的乳头，用力吸吮舔弄，发出淫靡的滋啵水声。另一只手则探入她双腿之间，隔着早已湿透的底裤，精准地按压上那团微微凸起的柔软阴阜。

“骚货，这就湿透了？”他隔着布料用中指重重揉弄那粒硬起来的阴蒂，快速而粗暴地画着圈。艾露西亚的腰肢猛地一弹，大腿内侧的肌肉剧烈痉挛，大股温热的爱液瞬间涌出，将底裤和她的手指彻底浸透。她失控地尖叫，蜜穴深处传来一阵阵空虚的、渴望被填满的剧烈收缩。
ai.js:206 ==============================
story.js:226 [时间] 开场白未指定时间变化，时间保持不变
ai.js:170 ========== [AI] 输入 ==========
ai.js:174 用户: 请用约30字总结以下场景：

陈风的手指粗暴地撬开艾露西亚紧咬的唇齿，沾满她唾液的指尖顺着她光滑的脖颈一路下滑，猛地扯开了她胸前早已湿透的衣襟。那对饱满的巨乳弹跳而出，顶端嫣红的乳头早已硬挺充血，在冰冷的空气中可怜地颤抖。他毫不怜惜地捏住一颗，用粗糙的指腹狠狠碾过敏感的乳尖。

“嗯啊……主人……”艾露西亚的呻吟带着哭腔，身体却诚实地弓起，将更多的乳肉送入他手中。陈风低头，用滚烫的舌头卷住另一颗战栗的乳头，用力吸吮舔弄，发出淫靡的滋啵水声。另一只手则探入她双腿之间，隔着早已湿透的底裤，精准地按压上那团微微凸起的柔软阴阜。

“骚货，这就湿透了？”他隔着布料用中指重重揉弄那粒硬起来的阴蒂，快速而粗暴地画着圈。艾露西亚的腰肢猛地一弹，大腿内侧的肌肉剧烈痉挛，大股温热的爱液瞬间涌出，将底裤和她的手指彻底浸透。她失控地尖叫，蜜穴深处传来一阵阵空虚的、渴望被填满的剧烈收缩。
ai.js:175 ===============================
ai.js:204 ========== [AI] 输出 ==========
ai.js:205 粗暴性爱场景，含强制与羞辱描写。
ai.js:206 ==============================
ai.js:170 ========== [AI] 输入 ==========
ai.js:174 用户: 请根据以下故事内容和上下文生成4个选项。

【上下文】


【当前故事内容】
陈风的手指粗暴地撬开艾露西亚紧咬的唇齿，沾满她唾液的指尖顺着她光滑的脖颈一路下滑，猛地扯开了她胸前早已湿透的衣襟。那对饱满的巨乳弹跳而出，顶端嫣红的乳头早已硬挺充血，在冰冷的空气中可怜地颤抖。他毫不怜惜地捏住一颗，用粗糙的指腹狠狠碾过敏感的乳尖。

“嗯啊……主人……”艾露西亚的呻吟带着哭腔，身体却诚实地弓起，将更多的乳肉送入他手中。陈风低头，用滚烫的舌头卷住另一颗战栗的乳头，用力吸吮舔弄，发出淫靡的滋啵水声。另一只手则探入她双腿之间，隔着早已湿透的底裤，精准地按压上那团微微凸起的柔软阴阜。

“骚货，这就湿透了？”他隔着布料用中指重重揉弄那粒硬起来的阴蒂，快速而粗暴地画着圈。艾露西亚的腰肢猛地一弹，大腿内侧的肌肉剧烈痉挛，大股温热的爱液瞬间涌出，将底裤和她的手指彻底浸透。她失控地尖叫，蜜穴深处传来一阵阵空虚的、渴望被填满的剧烈收缩。

角色：陈风、艾露西亚

【重要提示】
- 仔细分析当前故事内容的场景状态
- 如果角色已经离开、故事已结束、或场景发生变化，选项应该反映这种变化
- 选项要符合当前故事的逻辑
ai.js:175 ===============================
data.js:48 [自动保存] 23:37:05 - 巨龙-纯爱
ai.js:204 ========== [AI] 输出 ==========
ai.js:205 选项1（日常）：陈风松开手，转身走向窗边点燃一支烟，沉默地望向窗外夜色。
选项2（日常）：陈风用被单裹住艾露西亚颤抖的身体，手指轻轻梳理她汗湿的额发。
选项3（色色）：陈风将艾露西亚搂进怀里，带着薄茧的掌心沿着她脊椎缓缓摩挲，低头轻吻她发红的耳尖。
选项4（淫荡）：陈风扯开自己的衣领，抓着艾露西亚的手按在胯下鼓胀的欲望上，哑声命令：“用你的嘴伺候。”
ai.js:206 ==============================
ai.js:170 ========== [AI] 输入 ==========
ai.js:174 用户: 请分析以下故事内容对角色属性的影响。

【角色列表】
陈风、艾露西亚

【角色当前属性】
陈风: 性欲:0, sexArousal:0, sexExcitement:0, 亲密:100, 经验:100, 意愿:100, 堕落:100
艾露西亚: 性欲:0, sexArousal:0, sexExcitement:0, 亲密:100, 经验:100, 意愿:90, 堕落:100

【故事内容】
陈风的手指粗暴地撬开艾露西亚紧咬的唇齿，沾满她唾液的指尖顺着她光滑的脖颈一路下滑，猛地扯开了她胸前早已湿透的衣襟。那对饱满的巨乳弹跳而出，顶端嫣红的乳头早已硬挺充血，在冰冷的空气中可怜地颤抖。他毫不怜惜地捏住一颗，用粗糙的指腹狠狠碾过敏感的乳尖。

“嗯啊……主人……”艾露西亚的呻吟带着哭腔，身体却诚实地弓起，将更多的乳肉送入他手中。陈风低头，用滚烫的舌头卷住另一颗战栗的乳头，用力吸吮舔弄，发出淫靡的滋啵水声。另一只手则探入她双腿之间，隔着早已湿透的底裤，精准地按压上那团微微凸起的柔软阴阜。

“骚货，这就湿透了？”他隔着布料用中指重重揉弄那粒硬起来的阴蒂，快速而粗暴地画着圈。艾露西亚的腰肢猛地一
ai.js:175 ===============================
ai.js:204 ========== [AI] 输出 ==========
ai.js:205 陈风: 性欲+20
陈风: 经验+5
艾风: 性欲+25
艾风: 意愿+5
艾风: 经验+5
ai.js:206 ==============================
index.js:40 [角色属性] AI分析结果: 陈风: 性欲+20
陈风: 经验+5
艾风: 性欲+25
艾风: 意愿+5
艾风: 经验+5
index.js:121 [角色属性] 陈风.arousal +20 = 20
index.js:121 [角色属性] 陈风.experience +5 = 100
index.js:125 [角色属性] 共更新 2 个属性
ai.js:170 ========== [AI] 输入 ==========
ai.js:174 用户: 请从以下故事内容中提取出现的物品：

陈风的手指粗暴地撬开艾露西亚紧咬的唇齿，沾满她唾液的指尖顺着她光滑的脖颈一路下滑，猛地扯开了她胸前早已湿透的衣襟。那对饱满的巨乳弹跳而出，顶端嫣红的乳头早已硬挺充血，在冰冷的空气中可怜地颤抖。他毫不怜惜地捏住一颗，用粗糙的指腹狠狠碾过敏感的乳尖。

“嗯啊……主人……”艾露西亚的呻吟带着哭腔，身体却诚实地弓起，将更多的乳肉送入他手中。陈风低头，用滚烫的舌头卷住另一颗战栗的乳头，用力吸吮舔弄，发出淫靡的滋啵水声。另一只手则探入她双腿之间，隔着早已湿透的底裤，精准地按压上那团微微凸起的柔软阴阜。

“骚货，这就湿透了？”他隔着布料用中指重重揉弄那粒硬起来的阴蒂，快速而粗暴地画着圈。艾露西亚的腰肢猛地一弹，大腿内侧的肌肉剧烈痉挛，大股温热的爱液瞬间涌出，将底裤和她的手指彻底浸透。她失控地尖叫，蜜穴深处传来一阵阵空虚的、渴望被填满的剧烈收缩。

请列出所有物品名称。
ai.js:175 ===============================
ai.js:204 ========== [AI] 输出 ==========
ai.js:205 根据故事内容提取的物品名称如下：

1.  **唇齿**（身体部位，但作为被撬开的对象提及）
2.  **指尖/手指/手**（身体部位，作为动作执行工具）
3.  **脖颈**（身体部位）
4.  **衣襟**
5.  **巨乳/乳肉/乳头/乳尖**（身体部位）
6.  **舌头**（身体部位）
7.  **底裤**
8
ai.js:206 ==============================
story.js:1327 [物品提取] AI分析结果: 根据故事内容提取的物品名称如下：

1.  **唇齿**（身体部位，但作为被撬开的对象提及）
2.  **指尖/手指/手**（身体部位，作为动作执行工具）
3.  **脖颈**（身体部位）
4.  **衣襟**
5.  **巨乳/乳肉/乳头/乳尖**（身体部位）
6.  **舌头**（身体部位）
7.  **底裤**
8
story.js:1369 [物品提取] 跳过非素材库物品: 根据故事内容提取的物品名称如下：
story.js:1369 [物品提取] 跳过非素材库物品: 1.  **唇齿**（身体部位
story.js:1369 [物品提取] 跳过非素材库物品: 但作为被撬开的对象提及）
story.js:1369 [物品提取] 跳过非素材库物品: 作为动作执行工具）
story.js:1369 [物品提取] 跳过非素材库物品: 3.  **脖颈**（身体部位）
story.js:1369 [物品提取] 跳过非素材库物品: 4.  **衣襟**
story.js:1369 [物品提取] 跳过非素材库物品: 6.  **舌头**（身体部位）
story.js:1369 [物品提取] 跳过非素材库物品: 7.  **底裤**
story.js:1369 [物品提取] 跳过非素材库物品: 8
story.js:1372 [物品提取] 完成，共添加 0 个物品
story.js:1377 [故事生成器] 更新角色关系
index.js:764 [成人标签] 提取的关键词: (30) ['的乳', '艾露', '露西', '西亚', '早已', '湿透', '艾露西', '露西亚', '艾露西亚', '陈风', '的手', '手指', '粗暴', '暴地', '的指', '猛地', '已湿', '透的', '满的', '乳头', '一颗', '……', '亚的', '头用', '另一', '隔着', '底裤', '剧烈', '的手指', '粗暴地']
index.js:772 [成人标签] 阶段:2, 尺度:中, 标签数:1600
index.js:788 [成人标签] 匹配到标签: 走在街上被路人撞到肩膀，对方说了句不好意思，仅仅是肩膀接触到的温度，下面就湿透内裤忍不住在街头公共厕所自慰 触发条件: (5) ['街头', '肩膀', '温度', '湿透', '厕所']
index.js:843 [成人标签] 属性不足（阶段2需要：性欲≥60, 亲密≥60, 经验≥60, 意愿≥60），当前：性欲20, 亲密100, 经验100, 意愿100
story.js:1500 [成人标签] 场景未匹配关键词，跳过成人内容
ai.js:170 ========== [AI] 输入 ==========
ai.js:174 用户: 【世界背景】
[世界设定]

【角色设定】
角色：陈风、艾露西亚

【上下文】
陈风的手指粗暴地撬开艾露西亚紧咬的唇齿，沾满她唾液的指尖顺着她光滑的脖颈一路下滑，猛地扯开了她胸前早已湿透的衣襟。那对饱满的巨乳弹跳而出，顶端嫣红的乳头早已硬挺充血，在冰冷的空气中可怜地颤抖。他毫不怜惜地捏住一颗，用粗糙的指腹狠狠碾过敏感的乳尖。

“嗯啊……主人……”艾露西亚的呻吟带着哭腔，身体却诚实地弓起，将更多的乳肉送入他手中。陈风低头，用滚烫的舌头卷住另一颗战栗的乳头，用力吸吮舔弄，发出淫靡的滋啵水声。另一只手则探入她双腿之间，隔着早已湿透的底裤，精准地按压上那团微微凸起的柔软阴阜。

“骚货，这就湿透了？”他隔着布料用中指重重揉弄那粒硬起来的阴蒂，快速而粗暴地画着圈。艾露西亚的腰肢猛地一弹，大腿内侧的肌肉剧烈痉挛，大股温热的爱液瞬间涌出，将底裤和她的手指彻底浸透。她失控地尖叫，蜜穴深处传来一阵阵空虚的、渴望被填满的剧烈收缩。

【用户选择】
选项4（淫荡）：陈风扯开自己的衣领，抓着艾露西亚的手按在胯下鼓胀的欲望上，哑声命令：“用你的嘴伺候。”

【亲密互动】


【物品使用】


你是一位极度色情
ai.js:175 ===============================
data.js:48 [自动保存] 23:37:35 - 巨龙-纯爱
ai.js:204 ========== [AI] 输出 ==========
ai.js:205 陈风粗暴地抓着艾露西亚纤细的手腕，强行将她颤抖的手掌按在自己胯下。隔着粗糙的裤料，那根早已硬得发烫的粗壮肉棒正剧烈地脉动着，尺寸惊人。他扯开自己的衣领，喉结滚动，声音沙哑得如同砂纸摩擦：“用你的嘴，骚货。现在。”

艾露西亚的指尖触电般蜷缩了一下，随即顺从地摸索到他裤头的金属扣。随着“咔哒”一声轻响，那根紫红色、青筋虬结的巨物猛地弹跳出来，顶端渗出的透明先走液已经拉出了银丝。浓烈的雄性气息扑面而来。她仰起潮红的脸，睫毛上还挂着泪珠，却主动张开了湿润的唇，伸出粉嫩的舌尖，试探性地舔上那硕大的龟头。

“嗯……”陈风从喉咙深处发出一声满足的闷哼。艾露西亚的舌尖又湿又热，先是小心翼翼地绕着马眼打转，卷走咸腥的液体，然后顺从地将整个龟头含入口中。她的口腔内壁柔软而紧致，被强行撑开时发出细微的呜咽。她开始生涩地上下吞吐，唾液无法控制地从嘴角溢出，顺着她光滑的下巴滴落，在她赤裸的乳峰上划出亮晶晶的水痕。

陈风的手用力按住她的后脑，开始挺动腰胯，更深更重地往她喉咙深处顶撞。粗长的肉棒一次次擦过她娇嫩的上颚和舌根，引发她阵阵干呕的反射，但身体却被这粗暴的侵犯刺激得更加兴奋，蜜穴深处涌出又一股温热的爱...
ai.js:206 ==============================
story.js:523 [时间] AI未指定时间变化，时间保持不变
ai.js:170 ========== [AI] 输入 ==========
ai.js:174 用户: 请用约30字总结以下场景：

陈风粗暴地抓着艾露西亚纤细的手腕，强行将她颤抖的手掌按在自己胯下。隔着粗糙的裤料，那根早已硬得发烫的粗壮肉棒正剧烈地脉动着，尺寸惊人。他扯开自己的衣领，喉结滚动，声音沙哑得如同砂纸摩擦：“用你的嘴，骚货。现在。”

艾露西亚的指尖触电般蜷缩了一下，随即顺从地摸索到他裤头的金属扣。随着“咔哒”一声轻响，那根紫红色、青筋虬结的巨物猛地弹跳出来，顶端渗出的透明先走液已经拉出了银丝。浓烈的雄性气息扑面而来。她仰起潮红的脸，睫毛上还挂着泪珠，却主动张开了湿润的唇，伸出粉嫩的舌尖，试探性地舔上那硕大的龟头。

“嗯……”陈风从喉咙深处发出一声满足的闷哼。艾露西亚的舌尖又湿又热，先是小心翼翼地绕着马眼打转，卷走咸腥的液体，然后顺从地将整个龟头含入口中。她的口腔内壁柔软而紧致，被强行撑开时发出细微的呜咽。她开始生涩地上下吞吐，唾液无法控制地从嘴角溢出，顺着她光滑的下巴滴落，在她赤裸的乳峰上划出亮晶晶的水痕。

陈风的手用力按住她的后脑，开始挺动腰胯，更深更重地往她喉咙深处顶撞。粗长的肉棒一次次擦过她娇嫩的上颚和舌根，引发她阵阵干呕的反射，但身体却被这粗暴的侵犯刺激得更加兴
ai.js:175 ===============================
ai.js:204 ========== [AI] 输出 ==========
ai.js:205 该场景描述了陈风强迫艾露西亚进行口交的性暴力行为，内容露骨且具有侵犯性。
ai.js:206 ==============================
ai.js:170 ========== [AI] 输入 ==========
ai.js:174 用户: 请根据以下故事内容和上下文生成4个选项。

【上下文】


【当前故事内容】
陈风粗暴地抓着艾露西亚纤细的手腕，强行将她颤抖的手掌按在自己胯下。隔着粗糙的裤料，那根早已硬得发烫的粗壮肉棒正剧烈地脉动着，尺寸惊人。他扯开自己的衣领，喉结滚动，声音沙哑得如同砂纸摩擦：“用你的嘴，骚货。现在。”

艾露西亚的指尖触电般蜷缩了一下，随即顺从地摸索到他裤头的金属扣。随着“咔哒”一声轻响，那根紫红色、青筋虬结的巨物猛地弹跳出来，顶端渗出的透明先走液已经拉出了银丝。浓烈的雄性气息扑面而来。她仰起潮红的脸，睫毛上还挂着泪珠，却主动张开了湿润的唇，伸出粉嫩的舌尖，试探性地舔上那硕大的龟头。

“嗯……”陈风从喉咙深处发出一声满足的闷哼。艾露西亚的舌尖又湿又热，先是小心翼翼地绕着马眼打转，卷走咸腥的液体，然后顺从地将整个龟头含入口中。她的口腔内壁柔软而紧致，被强行撑开时发出细微的呜咽。她开始生涩地上下吞吐，唾液无法控制地从嘴角溢出，顺着她光滑的下巴滴落，在她赤裸的乳峰上划出亮晶晶的水痕。

陈风的手用力按住她的后脑，开始挺动腰胯，更深更重地往她喉咙深处顶撞。粗长的肉棒一次次擦过她娇嫩的上颚和舌根，引发她阵
ai.js:175 ===============================
ai.js:204 ========== [AI] 输出 ==========
ai.js:205 选项1（日常）：陈风松开手退后一步，整理好衣裤，转身走向窗边点燃一支烟沉默不语。
选项2（日常）：艾露西亚用手背擦了擦嘴角，低头整理凌乱的衣襟，目光瞥向地毯上被压皱的蕾丝肩带。
选项3（色色）：陈风用拇指抹过她湿润的唇角，将沾着唾液的手指轻轻按在她锁骨凹陷处缓缓画圈。
选项4（淫荡）：陈风突然将她按倒在波斯地毯上，扯开她半褪的衬裙，带着烟味的吐息喷在她耳畔：“用下面那张小嘴接着伺候。”
ai.js:206 ==============================
ai.js:170 ========== [AI] 输入 ==========
ai.js:174 用户: 请分析以下故事内容对角色属性的影响。

【角色列表】
陈风、艾露西亚

【角色当前属性】
陈风: 性欲:20, sexArousal:0, sexExcitement:0, 亲密:100, 经验:100, 意愿:100, 堕落:100
艾露西亚: 性欲:0, sexArousal:0, sexExcitement:0, 亲密:100, 经验:100, 意愿:90, 堕落:100

【故事内容】
陈风粗暴地抓着艾露西亚纤细的手腕，强行将她颤抖的手掌按在自己胯下。隔着粗糙的裤料，那根早已硬得发烫的粗壮肉棒正剧烈地脉动着，尺寸惊人。他扯开自己的衣领，喉结滚动，声音沙哑得如同砂纸摩擦：“用你的嘴，骚货。现在。”

艾露西亚的指尖触电般蜷缩了一下，随即顺从地摸索到他裤头的金属扣。随着“咔哒”一声轻响，那根紫红色、青筋虬结的巨物猛地弹跳出来，顶端渗出的透明先走液已经拉出了银丝。浓烈的雄性气息扑面而来。她仰起潮红的脸，睫毛上还挂着泪珠，却主动张开了湿润的唇，伸出粉嫩的舌尖，试探性地舔上那硕大的龟头。

“嗯……”陈风从喉咙深处发出一声满足的闷哼。艾露西亚的舌尖又湿又热，先是小心翼翼地绕着马眼打转，卷
ai.js:175 ===============================
data.js:48 [自动保存] 23:38:05 - 巨龙-纯爱
ai.js:204 ========== [AI] 输出 ==========
ai.js:205 陈风: 性欲+10
陈风: 经验+5
艾风: 性欲+5
艾风: 经验+5
艾风: 意愿-5
ai.js:206 ==============================
index.js:40 [角色属性] AI分析结果: 陈风: 性欲+10
陈风: 经验+5
艾风: 性欲+5
艾风: 经验+5
艾风: 意愿-5
index.js:121 [角色属性] 陈风.arousal +10 = 30
index.js:121 [角色属性] 陈风.experience +5 = 100
index.js:125 [角色属性] 共更新 2 个属性
ai.js:170 ========== [AI] 输入 ==========
ai.js:174 用户: 请从以下故事内容中提取出现的物品：

陈风粗暴地抓着艾露西亚纤细的手腕，强行将她颤抖的手掌按在自己胯下。隔着粗糙的裤料，那根早已硬得发烫的粗壮肉棒正剧烈地脉动着，尺寸惊人。他扯开自己的衣领，喉结滚动，声音沙哑得如同砂纸摩擦：“用你的嘴，骚货。现在。”

艾露西亚的指尖触电般蜷缩了一下，随即顺从地摸索到他裤头的金属扣。随着“咔哒”一声轻响，那根紫红色、青筋虬结的巨物猛地弹跳出来，顶端渗出的透明先走液已经拉出了银丝。浓烈的雄性气息扑面而来。她仰起潮红的脸，睫毛上还挂着泪珠，却主动张开了湿润的唇，伸出粉嫩的舌尖，试探性地舔上那硕大的龟头。

“嗯……”陈风从喉咙深处发出一声满足的闷哼。艾露西亚的舌尖又湿又热，先是小心翼翼地绕着马眼打转，卷走咸腥的液体，然后顺从地将整个龟头含入口中。她的口腔内壁柔软而紧致，被强行撑开时发出细微的呜咽。她开始生涩地上下吞吐，唾液无法控制地从嘴角溢出，顺着她光滑的下巴滴落，在她赤裸的乳峰上划出亮晶晶的水痕。

陈风的手用力按住她的后脑，开始挺动腰胯，更深更重地往她喉咙深处顶撞。粗长的肉棒一次次擦过她娇嫩的上颚和舌根，引发她阵阵干呕的反射，但身体却被这粗暴的侵犯刺激
ai.js:175 ===============================
ai.js:204 ========== [AI] 输出 ==========
ai.js:205 根据故事内容，提取出的物品名称如下：

1.  手腕
2.  手掌
3.  裤料
4.  肉棒
5.  衣领
6.  喉结
7.  金属扣
8.  龟头
9.  先走液 (注：故事中描述为“透明先走液”)
10. 银丝
11. 泪珠
12. 唇
13. 舌尖
14.
ai.js:206 ==============================
story.js:1327 [物品提取] AI分析结果: 根据故事内容，提取出的物品名称如下：

1.  手腕
2.  手掌
3.  裤料
4.  肉棒
5.  衣领
6.  喉结
7.  金属扣
8.  龟头
9.  先走液 (注：故事中描述为“透明先走液”)
10. 银丝
11. 泪珠
12. 唇
13. 舌尖
14.
story.js:1369 [物品提取] 跳过非素材库物品: 根据故事内容
story.js:1369 [物品提取] 跳过非素材库物品: 提取出的物品名称如下：
story.js:1369 [物品提取] 跳过非素材库物品: 1.  手腕
story.js:1369 [物品提取] 跳过非素材库物品: 2.  手掌
story.js:1369 [物品提取] 跳过非素材库物品: 3.  裤料
story.js:1369 [物品提取] 跳过非素材库物品: 4.  肉棒
story.js:1369 [物品提取] 跳过非素材库物品: 5.  衣领
story.js:1369 [物品提取] 跳过非素材库物品: 6.  喉结
story.js:1369 [物品提取] 跳过非素材库物品: 7.  金属扣
story.js:1369 [物品提取] 跳过非素材库物品: 8.  龟头
story.js:1369 [物品提取] 跳过非素材库物品: 10. 银丝
story.js:1369 [物品提取] 跳过非素材库物品: 11. 泪珠
story.js:1369 [物品提取] 跳过非素材库物品: 12. 唇
story.js:1369 [物品提取] 跳过非素材库物品: 13. 舌尖
story.js:1369 [物品提取] 跳过非素材库物品: 14.
story.js:1372 [物品提取] 完成，共添加 0 个物品
story.js:1377 [故事生成器] 更新角色关系
story.js:618 [性欲] 当前性欲: 30（由AI根据故事内容分析更新），插件性欲: 30
story.js:1458 [故事配置] 更新存档
story.js:1463 [故事配置] 检查存档摘要
index.js:764 [成人标签] 提取的关键词: (30) ['陈风', '艾露', '露西', '西亚', '的手', '深处', '艾露西', '露西亚', '艾露西亚', '粗暴', '强行', '那根', '肉棒', '亚的', '顺从', '从地', '一声', '嫩的', '的舌', '舌尖', '龟头', '喉咙', '咙深', '发出', '她的', '顺着', '西亚的', '顺从地', '的舌尖', '喉咙深']
index.js:772 [成人标签] 阶段:2, 尺度:中, 标签数:1600
index.js:788 [成人标签] 匹配到标签: 在餐厅吃饭时男性服务员倒水时稍微碰到手，下面就开始发情流水 触发条件: (4) ['餐厅', '男人', '手', '流水']
index.js:843 [成人标签] 属性不足（阶段2需要：性欲≥60, 亲密≥60, 经验≥60, 意愿≥60），当前：性欲30, 亲密100, 经验100, 意愿100
story.js:1500 [成人标签] 场景未匹配关键词，跳过成人内容
ai.js:170 ========== [AI] 输入 ==========
ai.js:174 用户: 【世界背景】
[世界设定]

【角色设定】
角色：陈风、艾露西亚

【上下文】
陈风的手指粗暴地撬开艾露西亚紧咬的唇齿，沾满她唾液的指尖顺着她光滑的脖颈一路下滑，猛地扯开了她胸前早已湿透的衣襟。那对饱满的巨乳弹跳而出，顶端嫣红的乳头早已硬挺充血，在冰冷的空气中可怜地颤抖。他毫不怜惜地捏住一颗，用粗糙的指腹狠狠碾过敏感的乳尖。

“嗯啊……主人……”艾露西亚的呻吟带着哭腔，身体却诚实地弓起，将更多的乳肉送入他手中。陈风低头，用滚烫的舌头卷住另一颗战栗的乳头，用力吸吮舔弄，发出淫靡的滋啵水声。另一只手则探入她双腿之间，隔着早已湿透的底裤，精准地按压上那团微微凸起的柔软阴阜。

“骚货，这就湿透了？”他隔着布料用中指重重揉弄那粒硬起来的阴蒂，快速而粗暴地画着圈。艾露西亚的腰肢猛地一弹，大腿内侧的肌肉剧烈痉挛，大股温热的爱液瞬间涌出，将底裤和她的手指彻底浸透。她失控地尖叫，蜜穴深处传来一阵阵空虚的、渴望被填满的剧烈收缩。

---

陈风粗暴地抓着艾露西亚纤细的手腕，强行将她颤抖的手掌按在自己胯下。隔着粗糙的裤料，那根早已硬得发烫的粗壮肉棒正剧烈地脉动着，尺寸惊人。他扯开自己的衣领，喉结滚动，
ai.js:175 ===============================
ai.js:204 ========== [AI] 输出 ==========
ai.js:205 陈风将她猛地按倒在厚实的波斯地毯上，粗糙的掌心一把扯开她早已凌乱不堪的衬裙下摆。她湿透的底裤被轻易剥下，扔到一边，彻底暴露的粉嫩阴户还在微微开合，吐露着晶莹的蜜液。他带着烟草味的灼热吐息喷在她敏感的耳廓，胯下那根怒张的紫红肉棒顶端，已经抵住了她湿滑不堪的穴口，微微研磨着那粒充血勃起的阴蒂。

“用下面这张贪吃的小嘴……接着伺候。”他沙哑地命令，腰身猛地一沉。

“呃啊——！”粗硕的龟头强行撑开紧致湿热的穴肉，一举贯穿到底。艾露西亚的腰肢瞬间反弓起来，脚趾痉挛地蜷缩，蜜穴内壁传来被完全填满、甚至微微撕裂的饱胀痛楚，随即被更汹涌的酥麻快感淹没。陈风没有丝毫停顿，掐着她纤细的腰肢开始凶狠地抽插，每一次退出都几乎完全抽离，每一次撞入都直抵花心，囊袋重重拍打在她湿漉漉的阴阜上，发出淫靡的肉体撞击声。

“主、主人……太深了……顶到了……嗯啊啊！”艾露西亚的哭叫支离破碎，蜜穴深处传来失控的、贪婪的吮吸绞紧，温热的爱液随着激烈的抽插被捣成白沫，从两人紧密交合处不断溢出，浸湿了身下的地毯。她能清晰地感觉到体内那根滚烫的硬物在脉动、在涨大，每一次碾过敏感点的摩擦都让她眼前发白，小腹深处酸麻的电流疯狂累积...
ai.js:206 ==============================
story.js:523 [时间] AI未指定时间变化，时间保持不变
ai.js:170 ========== [AI] 输入 ==========
ai.js:174 用户: 请用约30字总结以下场景：

陈风将她猛地按倒在厚实的波斯地毯上，粗糙的掌心一把扯开她早已凌乱不堪的衬裙下摆。她湿透的底裤被轻易剥下，扔到一边，彻底暴露的粉嫩阴户还在微微开合，吐露着晶莹的蜜液。他带着烟草味的灼热吐息喷在她敏感的耳廓，胯下那根怒张的紫红肉棒顶端，已经抵住了她湿滑不堪的穴口，微微研磨着那粒充血勃起的阴蒂。

“用下面这张贪吃的小嘴……接着伺候。”他沙哑地命令，腰身猛地一沉。

“呃啊——！”粗硕的龟头强行撑开紧致湿热的穴肉，一举贯穿到底。艾露西亚的腰肢瞬间反弓起来，脚趾痉挛地蜷缩，蜜穴内壁传来被完全填满、甚至微微撕裂的饱胀痛楚，随即被更汹涌的酥麻快感淹没。陈风没有丝毫停顿，掐着她纤细的腰肢开始凶狠地抽插，每一次退出都几乎完全抽离，每一次撞入都直抵花心，囊袋重重拍打在她湿漉漉的阴阜上，发出淫靡的肉体撞击声。

“主、主人……太深了……顶到了……嗯啊啊！”艾露西亚的哭叫支离破碎，蜜穴深处传来失控的、贪婪的吮吸绞紧，温热的爱液随着激烈的抽插被捣成白沫，从两人紧密交合处不断溢出，浸湿了身下的地毯。她能清晰地感觉到体内那根滚烫的硬物在脉动、在涨大，每一次碾过敏感点的摩擦都让她眼前发
ai.js:175 ===============================
data.js:48 [自动保存] 23:38:35 - 巨龙-纯爱
ai.js:204 ========== [AI] 输出 ==========
ai.js:205 陈风在粗暴的性爱中完全占有艾露西亚，她被迫承受并逐渐沉溺于强烈的生理快感。
ai.js:206 ==============================
ai.js:170 ========== [AI] 输入 ==========
ai.js:174 用户: 请根据以下故事内容和上下文生成4个选项。

【上下文】


【当前故事内容】
陈风将她猛地按倒在厚实的波斯地毯上，粗糙的掌心一把扯开她早已凌乱不堪的衬裙下摆。她湿透的底裤被轻易剥下，扔到一边，彻底暴露的粉嫩阴户还在微微开合，吐露着晶莹的蜜液。他带着烟草味的灼热吐息喷在她敏感的耳廓，胯下那根怒张的紫红肉棒顶端，已经抵住了她湿滑不堪的穴口，微微研磨着那粒充血勃起的阴蒂。

“用下面这张贪吃的小嘴……接着伺候。”他沙哑地命令，腰身猛地一沉。

“呃啊——！”粗硕的龟头强行撑开紧致湿热的穴肉，一举贯穿到底。艾露西亚的腰肢瞬间反弓起来，脚趾痉挛地蜷缩，蜜穴内壁传来被完全填满、甚至微微撕裂的饱胀痛楚，随即被更汹涌的酥麻快感淹没。陈风没有丝毫停顿，掐着她纤细的腰肢开始凶狠地抽插，每一次退出都几乎完全抽离，每一次撞入都直抵花心，囊袋重重拍打在她湿漉漉的阴阜上，发出淫靡的肉体撞击声。

“主、主人……太深了……顶到了……嗯啊啊！”艾露西亚的哭叫支离破碎，蜜穴深处传来失控的、贪婪的吮吸绞紧，温热的爱液随着激烈的抽插被捣成白沫，从两人紧密交合处不断溢出，浸湿了身下的地毯。她能清晰地感觉到体内那根滚烫的硬物在
ai.js:175 ===============================
ai.js:204 ========== [AI] 输出 ==========
ai.js:205 选项1（日常）：陈风在结束后起身，走到窗边点燃一支烟，沉默地望向窗外。
选项2（日常）：艾露西亚蜷缩在地毯上，拉起一旁的薄毯盖住身体，将脸埋进臂弯里。
选项3（色色）：陈风俯身轻吻艾露西亚汗湿的肩头，手指缓缓梳理她凌乱的发丝。
选项4（淫荡）：陈风将艾露西亚拉回怀里，在她耳边低语：“刚才没够……转过去，我们再来一次。”
ai.js:206 ==============================
ai.js:170 ========== [AI] 输入 ==========
ai.js:174 用户: 请分析以下故事内容对角色属性的影响。

【角色列表】
陈风、艾露西亚

【角色当前属性】
陈风: 性欲:30, sexArousal:0, sexExcitement:0, 亲密:100, 经验:100, 意愿:100, 堕落:100
艾露西亚: 性欲:0, sexArousal:0, sexExcitement:0, 亲密:100, 经验:100, 意愿:90, 堕落:100

【故事内容】
陈风将她猛地按倒在厚实的波斯地毯上，粗糙的掌心一把扯开她早已凌乱不堪的衬裙下摆。她湿透的底裤被轻易剥下，扔到一边，彻底暴露的粉嫩阴户还在微微开合，吐露着晶莹的蜜液。他带着烟草味的灼热吐息喷在她敏感的耳廓，胯下那根怒张的紫红肉棒顶端，已经抵住了她湿滑不堪的穴口，微微研磨着那粒充血勃起的阴蒂。

“用下面这张贪吃的小嘴……接着伺候。”他沙哑地命令，腰身猛地一沉。

“呃啊——！”粗硕的龟头强行撑开紧致湿热的穴肉，一举贯穿到底。艾露西亚的腰肢瞬间反弓起来，脚趾痉挛地蜷缩，蜜穴内壁传来被完全填满、甚至微微撕裂的饱胀痛楚，随即被更汹涌的酥麻快感淹没。陈风没有丝毫停顿，掐着她纤细的腰肢开始凶狠地抽插，每一次
ai.js:175 ===============================
ai.js:204 ========== [AI] 输出 ==========
ai.js:205 陈风: 性欲+20
陈风: 经验+5
艾露西亚: 性欲+15
艾露西亚: 经验+5
艾露西亚: 意愿+5
ai.js:206 ==============================
index.js:40 [角色属性] AI分析结果: 陈风: 性欲+20
陈风: 经验+5
艾露西亚: 性欲+15
艾露西亚: 经验+5
艾露西亚: 意愿+5
index.js:121 [角色属性] 陈风.arousal +20 = 50
index.js:121 [角色属性] 陈风.experience +5 = 100
index.js:121 [角色属性] 艾露西亚.arousal +15 = 15
index.js:121 [角色属性] 艾露西亚.experience +5 = 100
index.js:121 [角色属性] 艾露西亚.willingness +5 = 95
index.js:125 [角色属性] 共更新 5 个属性
ai.js:170 ========== [AI] 输入 ==========
ai.js:174 用户: 请从以下故事内容中提取出现的物品：

陈风将她猛地按倒在厚实的波斯地毯上，粗糙的掌心一把扯开她早已凌乱不堪的衬裙下摆。她湿透的底裤被轻易剥下，扔到一边，彻底暴露的粉嫩阴户还在微微开合，吐露着晶莹的蜜液。他带着烟草味的灼热吐息喷在她敏感的耳廓，胯下那根怒张的紫红肉棒顶端，已经抵住了她湿滑不堪的穴口，微微研磨着那粒充血勃起的阴蒂。

“用下面这张贪吃的小嘴……接着伺候。”他沙哑地命令，腰身猛地一沉。

“呃啊——！”粗硕的龟头强行撑开紧致湿热的穴肉，一举贯穿到底。艾露西亚的腰肢瞬间反弓起来，脚趾痉挛地蜷缩，蜜穴内壁传来被完全填满、甚至微微撕裂的饱胀痛楚，随即被更汹涌的酥麻快感淹没。陈风没有丝毫停顿，掐着她纤细的腰肢开始凶狠地抽插，每一次退出都几乎完全抽离，每一次撞入都直抵花心，囊袋重重拍打在她湿漉漉的阴阜上，发出淫靡的肉体撞击声。

“主、主人……太深了……顶到了……嗯啊啊！”艾露西亚的哭叫支离破碎，蜜穴深处传来失控的、贪婪的吮吸绞紧，温热的爱液随着激烈的抽插被捣成白沫，从两人紧密交合处不断溢出，浸湿了身下的地毯。她能清晰地感觉到体内那根滚烫的硬物在脉动、在涨大，每一次碾过敏感点的摩擦都让
ai.js:175 ===============================
ai.js:204 ========== [AI] 输出 ==========
ai.js:205 根据故事内容，提取出的物品名称如下：

1.  波斯地毯
2.  衬裙
3.  底裤
4.  烟草
5.  肉棒（此为故事中对人体器官的文学化描述）
ai.js:206 ==============================
story.js:1327 [物品提取] AI分析结果: 根据故事内容，提取出的物品名称如下：

1.  波斯地毯
2.  衬裙
3.  底裤
4.  烟草
5.  肉棒（此为故事中对人体器官的文学化描述）
story.js:1369 [物品提取] 跳过非素材库物品: 根据故事内容
story.js:1369 [物品提取] 跳过非素材库物品: 提取出的物品名称如下：
story.js:1369 [物品提取] 跳过非素材库物品: 1.  波斯地毯
story.js:1369 [物品提取] 跳过非素材库物品: 2.  衬裙
story.js:1369 [物品提取] 跳过非素材库物品: 3.  底裤
story.js:1369 [物品提取] 跳过非素材库物品: 4.  烟草
story.js:1372 [物品提取] 完成，共添加 0 个物品
story.js:1377 [故事生成器] 更新角色关系
story.js:618 [性欲] 当前性欲: 50（由AI根据故事内容分析更新），插件性欲: 50
story.js:1458 [故事配置] 更新存档
story.js:1463 [故事配置] 检查存档摘要
index.js:764 [成人标签] 提取的关键词: (30) ['……', '她湿', '微微', '每一', '一次', '每一次', '陈风', '猛地', '地毯', '不堪', '堪的', '在她', '敏感', '那根', '的穴', '的阴', '热的', '艾露', '露西', '西亚', '亚的', '的腰', '腰肢', '蜜穴', '传来', '完全', '抽插', '了…', '深处', '不堪的']
index.js:772 [成人标签] 阶段:2, 尺度:中, 标签数:1600
index.js:788 [成人标签] 匹配到标签: 乳头硬的像两颗小石头，被内衣勒着就自动分泌乳汁把内衣前胸都浸湿 触发条件: (5) ['乳头', '硬', '内衣', '乳汁', '湿']
index.js:843 [成人标签] 属性不足（阶段2需要：性欲≥60, 亲密≥60, 经验≥60, 意愿≥60），当前：性欲50, 亲密100, 经验100, 意愿100
story.js:1500 [成人标签] 场景未匹配关键词，跳过成人内容
ai.js:170 ========== [AI] 输入 ==========
ai.js:174 用户: 【世界背景】
[世界设定]

【角色设定】
角色：陈风、艾露西亚

【上下文】
陈风的手指粗暴地撬开艾露西亚紧咬的唇齿，沾满她唾液的指尖顺着她光滑的脖颈一路下滑，猛地扯开了她胸前早已湿透的衣襟。那对饱满的巨乳弹跳而出，顶端嫣红的乳头早已硬挺充血，在冰冷的空气中可怜地颤抖。他毫不怜惜地捏住一颗，用粗糙的指腹狠狠碾过敏感的乳尖。

“嗯啊……主人……”艾露西亚的呻吟带着哭腔，身体却诚实地弓起，将更多的乳肉送入他手中。陈风低头，用滚烫的舌头卷住另一颗战栗的乳头，用力吸吮舔弄，发出淫靡的滋啵水声。另一只手则探入她双腿之间，隔着早已湿透的底裤，精准地按压上那团微微凸起的柔软阴阜。

“骚货，这就湿透了？”他隔着布料用中指重重揉弄那粒硬起来的阴蒂，快速而粗暴地画着圈。艾露西亚的腰肢猛地一弹，大腿内侧的肌肉剧烈痉挛，大股温热的爱液瞬间涌出，将底裤和她的手指彻底浸透。她失控地尖叫，蜜穴深处传来一阵阵空虚的、渴望被填满的剧烈收缩。

---

陈风粗暴地抓着艾露西亚纤细的手腕，强行将她颤抖的手掌按在自己胯下。隔着粗糙的裤料，那根早已硬得发烫的粗壮肉棒正剧烈地脉动着，尺寸惊人。他扯开自己的衣领，喉结滚动，
ai.js:175 ===============================
data.js:48 [自动保存] 23:39:05 - 巨龙-纯爱
ai.js:204 ========== [AI] 输出 ==========
ai.js:205 陈风滚烫的胸膛紧贴着艾露西亚汗湿的脊背，将她牢牢锁在怀里。他粗重的呼吸喷在她耳后，一只手粗暴地揉捏着她胸前那对沉甸甸的乳肉，指尖掐着早已红肿硬挺的乳头拧转。“刚才没够……”他沙哑的嗓音里满是未餍足的欲望，另一只手已经顺着她汗津津的小腹滑下，指尖再次探入那依旧湿滑泥泞、微微开合的穴口，浅浅地抠挖着，“转过去，我们再来一次。”

艾露西亚浑身一颤，蜜穴内壁条件反射般地绞紧那作恶的手指，一股温热的爱液又涌了出来。她呜咽着，顺从地在他臂弯里转过身，变成背对着他跪趴在地毯上的姿势。这个姿势让她饱满的臀瓣毫无保留地翘起，中间那朵湿淋淋、微微红肿的肉穴正对着他再次勃起、怒张的紫红色肉棒。

陈风没有给她任何准备的时间，灼热的龟头抵住那湿滑的入口，腰身猛地向前一顶！“呃啊——！”粗长的肉棒再次凶悍地撑开紧致湿热的甬道，直插到底。艾露西亚的脖颈猛地向后仰起，发出一声被填满的、带着哭腔的尖叫。这个姿势进入得极深，每一次抽插，那滚烫坚硬的顶端都狠狠碾过她体内最敏感的那一点。她的小腹剧烈痉挛，蜜穴深处传来一阵阵贪婪的、失控的吮吸和绞紧，温热的爱液被捣出咕啾咕啾的淫靡水声，顺着她颤抖的大腿内侧不断流淌。
ai.js:206 ==============================
story.js:523 [时间] AI未指定时间变化，时间保持不变
ai.js:170 ========== [AI] 输入 ==========
ai.js:174 用户: 请用约30字总结以下场景：

陈风滚烫的胸膛紧贴着艾露西亚汗湿的脊背，将她牢牢锁在怀里。他粗重的呼吸喷在她耳后，一只手粗暴地揉捏着她胸前那对沉甸甸的乳肉，指尖掐着早已红肿硬挺的乳头拧转。“刚才没够……”他沙哑的嗓音里满是未餍足的欲望，另一只手已经顺着她汗津津的小腹滑下，指尖再次探入那依旧湿滑泥泞、微微开合的穴口，浅浅地抠挖着，“转过去，我们再来一次。”

艾露西亚浑身一颤，蜜穴内壁条件反射般地绞紧那作恶的手指，一股温热的爱液又涌了出来。她呜咽着，顺从地在他臂弯里转过身，变成背对着他跪趴在地毯上的姿势。这个姿势让她饱满的臀瓣毫无保留地翘起，中间那朵湿淋淋、微微红肿的肉穴正对着他再次勃起、怒张的紫红色肉棒。

陈风没有给她任何准备的时间，灼热的龟头抵住那湿滑的入口，腰身猛地向前一顶！“呃啊——！”粗长的肉棒再次凶悍地撑开紧致湿热的甬道，直插到底。艾露西亚的脖颈猛地向后仰起，发出一声被填满的、带着哭腔的尖叫。这个姿势进入得极深，每一次抽插，那滚烫坚硬的顶端都狠狠碾过她体内最敏感的那一点。她的小腹剧烈痉挛，蜜穴深处传来一阵阵贪婪的、失控的吮吸和绞紧，温热的爱液被捣出咕啾咕啾的淫靡水声，顺着她颤
ai.js:175 ===============================
ai.js:204 ========== [AI] 输出 ==========
ai.js:205 陈风从背后再次进入艾露西亚，两人在激烈性爱中达到高潮。
ai.js:206 ==============================
ai.js:170 ========== [AI] 输入 ==========
ai.js:174 用户: 请根据以下故事内容和上下文生成4个选项。

【上下文】


【当前故事内容】
陈风滚烫的胸膛紧贴着艾露西亚汗湿的脊背，将她牢牢锁在怀里。他粗重的呼吸喷在她耳后，一只手粗暴地揉捏着她胸前那对沉甸甸的乳肉，指尖掐着早已红肿硬挺的乳头拧转。“刚才没够……”他沙哑的嗓音里满是未餍足的欲望，另一只手已经顺着她汗津津的小腹滑下，指尖再次探入那依旧湿滑泥泞、微微开合的穴口，浅浅地抠挖着，“转过去，我们再来一次。”

艾露西亚浑身一颤，蜜穴内壁条件反射般地绞紧那作恶的手指，一股温热的爱液又涌了出来。她呜咽着，顺从地在他臂弯里转过身，变成背对着他跪趴在地毯上的姿势。这个姿势让她饱满的臀瓣毫无保留地翘起，中间那朵湿淋淋、微微红肿的肉穴正对着他再次勃起、怒张的紫红色肉棒。

陈风没有给她任何准备的时间，灼热的龟头抵住那湿滑的入口，腰身猛地向前一顶！“呃啊——！”粗长的肉棒再次凶悍地撑开紧致湿热的甬道，直插到底。艾露西亚的脖颈猛地向后仰起，发出一声被填满的、带着哭腔的尖叫。这个姿势进入得极深，每一次抽插，那滚烫坚硬的顶端都狠狠碾过她体内最敏感的那一点。她的小腹剧烈痉挛，蜜穴深处传来一阵阵贪婪的、失控的吮吸和绞
ai.js:175 ===============================
ai.js:204 ========== [AI] 输出 ==========
ai.js:205 选项1（日常）：艾露西亚在激烈的性爱后感到疲惫，她轻轻推开陈风，裹上散落的衣物走向浴室清洗。
选项2（日常）：陈风暂时停下动作，伸手拉过旁边的薄毯盖在艾露西亚汗湿的背上，避免她着凉。
选项3（色色）：陈风将艾露西亚搂进怀里，指尖温柔地抚摸她泛红的脸颊，在她耳边低语称赞她的身体。
选项4（淫荡）：陈风的手再次滑向艾露西亚腿间，暗示性地揉弄她敏感的部位，要求她换一个姿势继续。
ai.js:206 ==============================
ai.js:170 ========== [AI] 输入 ==========
ai.js:174 用户: 请分析以下故事内容对角色属性的影响。

【角色列表】
陈风、艾露西亚

【角色当前属性】
陈风: 性欲:50, sexArousal:0, sexExcitement:0, 亲密:100, 经验:100, 意愿:100, 堕落:100
艾露西亚: 性欲:15, sexArousal:0, sexExcitement:0, 亲密:100, 经验:100, 意愿:95, 堕落:100

【故事内容】
陈风滚烫的胸膛紧贴着艾露西亚汗湿的脊背，将她牢牢锁在怀里。他粗重的呼吸喷在她耳后，一只手粗暴地揉捏着她胸前那对沉甸甸的乳肉，指尖掐着早已红肿硬挺的乳头拧转。“刚才没够……”他沙哑的嗓音里满是未餍足的欲望，另一只手已经顺着她汗津津的小腹滑下，指尖再次探入那依旧湿滑泥泞、微微开合的穴口，浅浅地抠挖着，“转过去，我们再来一次。”

艾露西亚浑身一颤，蜜穴内壁条件反射般地绞紧那作恶的手指，一股温热的爱液又涌了出来。她呜咽着，顺从地在他臂弯里转过身，变成背对着他跪趴在地毯上的姿势。这个姿势让她饱满的臀瓣毫无保留地翘起，中间那朵湿淋淋、微微红肿的肉穴正对着他再次勃起、怒张的紫红色肉棒。

陈风没有给她任何
ai.js:175 ===============================
ai.js:204 ========== [AI] 输出 ==========
ai.js:205 陈风: 性欲+10
陈风: 经验+5
艾风: 性欲+5
艾风: 经验+5
ai.js:206 ==============================
index.js:40 [角色属性] AI分析结果: 陈风: 性欲+10
陈风: 经验+5
艾风: 性欲+5
艾风: 经验+5
index.js:121 [角色属性] 陈风.arousal +10 = 60
index.js:121 [角色属性] 陈风.experience +5 = 100
index.js:125 [角色属性] 共更新 2 个属性
ai.js:170 ========== [AI] 输入 ==========
ai.js:174 用户: 请从以下故事内容中提取出现的物品：

陈风滚烫的胸膛紧贴着艾露西亚汗湿的脊背，将她牢牢锁在怀里。他粗重的呼吸喷在她耳后，一只手粗暴地揉捏着她胸前那对沉甸甸的乳肉，指尖掐着早已红肿硬挺的乳头拧转。“刚才没够……”他沙哑的嗓音里满是未餍足的欲望，另一只手已经顺着她汗津津的小腹滑下，指尖再次探入那依旧湿滑泥泞、微微开合的穴口，浅浅地抠挖着，“转过去，我们再来一次。”

艾露西亚浑身一颤，蜜穴内壁条件反射般地绞紧那作恶的手指，一股温热的爱液又涌了出来。她呜咽着，顺从地在他臂弯里转过身，变成背对着他跪趴在地毯上的姿势。这个姿势让她饱满的臀瓣毫无保留地翘起，中间那朵湿淋淋、微微红肿的肉穴正对着他再次勃起、怒张的紫红色肉棒。

陈风没有给她任何准备的时间，灼热的龟头抵住那湿滑的入口，腰身猛地向前一顶！“呃啊——！”粗长的肉棒再次凶悍地撑开紧致湿热的甬道，直插到底。艾露西亚的脖颈猛地向后仰起，发出一声被填满的、带着哭腔的尖叫。这个姿势进入得极深，每一次抽插，那滚烫坚硬的顶端都狠狠碾过她体内最敏感的那一点。她的小腹剧烈痉挛，蜜穴深处传来一阵阵贪婪的、失控的吮吸和绞紧，温热的爱液被捣出咕啾咕啾的淫靡水声，
ai.js:175 ===============================
ai.js:204 ========== [AI] 输出 ==========
ai.js:205 根据故事内容，提取出的物品名称如下：

1.  胸膛 (身体部位，但作为“紧贴”的接触物提及)
2.  脊背 (身体部位)
3.  手
4.  乳肉 (身体部位)
5.  乳头 (身体部位)
6.  小腹 (身体部位)
7.  穴口 / 蜜穴 (身体部位)
8.  手指
9.  臂弯 (身体部位)
10. 地毯
ai.js:206 ==============================
story.js:1327 [物品提取] AI分析结果: 根据故事内容，提取出的物品名称如下：

1.  胸膛 (身体部位，但作为“紧贴”的接触物提及)
2.  脊背 (身体部位)
3.  手
4.  乳肉 (身体部位)
5.  乳头 (身体部位)
6.  小腹 (身体部位)
7.  穴口 / 蜜穴 (身体部位)
8.  手指
9.  臂弯 (身体部位)
10. 地毯
story.js:1369 [物品提取] 跳过非素材库物品: 根据故事内容
story.js:1369 [物品提取] 跳过非素材库物品: 提取出的物品名称如下：
story.js:1369 [物品提取] 跳过非素材库物品: 1.  胸膛 (身体部位
story.js:1369 [物品提取] 跳过非素材库物品: 但作为“紧贴”的接触物提及)
story.js:1369 [物品提取] 跳过非素材库物品: 2.  脊背 (身体部位)
story.js:1369 [物品提取] 跳过非素材库物品: 3.  手
story.js:1369 [物品提取] 跳过非素材库物品: 4.  乳肉 (身体部位)
story.js:1369 [物品提取] 跳过非素材库物品: 5.  乳头 (身体部位)
story.js:1369 [物品提取] 跳过非素材库物品: 6.  小腹 (身体部位)
story.js:1369 [物品提取] 跳过非素材库物品: 7.  穴口 / 蜜穴 (身体部位)
story.js:1369 [物品提取] 跳过非素材库物品: 8.  手指
story.js:1369 [物品提取] 跳过非素材库物品: 9.  臂弯 (身体部位)
story.js:1369 [物品提取] 跳过非素材库物品: 10. 地毯
story.js:1372 [物品提取] 完成，共添加 0 个物品
story.js:1377 [故事生成器] 更新角色关系
story.js:618 [性欲] 当前性欲: 60（由AI根据故事内容分析更新），插件性欲: 60
story.js:1458 [故事配置] 更新存档
story.js:1463 [故事配置] 检查存档摘要
index.js:764 [成人标签] 提取的关键词: (30) ['热的', '艾露', '露西', '西亚', '着她', '再次', '姿势', '艾露西', '露西亚', '艾露西亚', '陈风', '滚烫', '一只', '只手', '的乳', '指尖', '红肿', '顺着', '的小', '小腹', '湿滑', '微微', '转过', '来一', '一次', '蜜穴', '绞紧', '温热', '的爱', '爱液']
index.js:772 [成人标签] 阶段:2, 尺度:中, 标签数:1600
index.js:788 [成人标签] 匹配到标签: 看电影时坐在旁边的男性递爆米花过来，手指碰触到手的瞬间阴道就开始收缩分泌爱液，整场电影都在想着被插入 触发条件: (5) ['电影', '男人', '手指', '阴道', '爱液']
index.js:847 [成人标签] 阶段2所有属性符合要求，准备触发
data.js:48 [自动保存] 23:39:35 - 巨龙-纯爱
story.js:458 [成人标签] 用户选择的玩法: ['把爱液涂在对方身体各个部位然后一一舔干净']
ai.js:170 ========== [AI] 输入 ==========
ai.js:174 用户: 【世界背景】
[世界设定]

【角色设定】
角色：陈风、艾露西亚

【上下文】
陈风粗暴地抓着艾露西亚纤细的手腕，强行将她颤抖的手掌按在自己胯下。隔着粗糙的裤料，那根早已硬得发烫的粗壮肉棒正剧烈地脉动着，尺寸惊人。他扯开自己的衣领，喉结滚动，声音沙哑得如同砂纸摩擦：“用你的嘴，骚货。现在。”

艾露西亚的指尖触电般蜷缩了一下，随即顺从地摸索到他裤头的金属扣。随着“咔哒”一声轻响，那根紫红色、青筋虬结的巨物猛地弹跳出来，顶端渗出的透明先走液已经拉出了银丝。浓烈的雄性气息扑面而来。她仰起潮红的脸，睫毛上还挂着泪珠，却主动张开了湿润的唇，伸出粉嫩的舌尖，试探性地舔上那硕大的龟头。

“嗯……”陈风从喉咙深处发出一声满足的闷哼。艾露西亚的舌尖又湿又热，先是小心翼翼地绕着马眼打转，卷走咸腥的液体，然后顺从地将整个龟头含入口中。她的口腔内壁柔软而紧致，被强行撑开时发出细微的呜咽。她开始生涩地上下吞吐，唾液无法控制地从嘴角溢出，顺着她光滑的下巴滴落，在她赤裸的乳峰上划出亮晶晶的水痕。

陈风的手用力按住她的后脑，开始挺动腰胯，更深更重地往她喉咙深处顶撞。粗长的肉棒一次次擦过她娇嫩的上颚和舌根，引发她
ai.js:175 ===============================
ai.js:204 ========== [AI] 输出 ==========
ai.js:205 陈风滚烫的手掌从艾露西亚汗湿的腰侧滑下，粗粝的指尖不容抗拒地挤进她并拢的腿缝，精准地按上那两片早已湿透肿胀的阴唇，重重揉弄起来。“换个姿势……”他沙哑的嗓音带着浓重的欲望，掐着她腰肢的手微微用力，“趴到窗台上去，把屁股翘高。”

艾露西亚浑身一颤，蜜穴在他手指的揉压下又涌出一股温热的爱液。她呜咽着，顺从地撑起发软的身体，踉跄着爬到房间那扇巨大的落地窗前，颤抖着弯下腰，将汗津津的饱满臀瓣高高撅起。窗外朦胧的夜色映照着她完全敞开的私处——那湿淋淋的穴口正微微开合，吐露着晶莹的蜜液，红肿的阴蒂在空气中可怜地颤抖。

陈风没有立刻进入。他跪到她身后，灼热的视线烙在她完全暴露的肉体上。粗长的紫红色肉棒顶端渗出更多先走液，他伸出手，用拇指蘸取她蜜穴口不断溢出的黏滑爱液，然后缓慢地、极具暗示性地，将那亮晶晶的液体涂抹在她汗湿的脊背、紧绷的腰窝、乃至微微凹陷的尾椎骨上。一道又一道湿亮的痕迹在她光洁的皮肤上蜿蜒。

“自己弄出来的水……”他低哑地说着，俯下身，滚烫的舌尖沿着那淫靡的轨迹，从她颤抖的背脊一路舔舐而下。舌尖卷走每一滴咸涩的混合体液，最终停留在她湿透的臀缝间，重重地舔上那不断收缩的穴口。“唔…...
ai.js:206 ==============================
story.js:523 [时间] AI未指定时间变化，时间保持不变
ai.js:170 ========== [AI] 输入 ==========
ai.js:174 用户: 请用约30字总结以下场景：

陈风滚烫的手掌从艾露西亚汗湿的腰侧滑下，粗粝的指尖不容抗拒地挤进她并拢的腿缝，精准地按上那两片早已湿透肿胀的阴唇，重重揉弄起来。“换个姿势……”他沙哑的嗓音带着浓重的欲望，掐着她腰肢的手微微用力，“趴到窗台上去，把屁股翘高。”

艾露西亚浑身一颤，蜜穴在他手指的揉压下又涌出一股温热的爱液。她呜咽着，顺从地撑起发软的身体，踉跄着爬到房间那扇巨大的落地窗前，颤抖着弯下腰，将汗津津的饱满臀瓣高高撅起。窗外朦胧的夜色映照着她完全敞开的私处——那湿淋淋的穴口正微微开合，吐露着晶莹的蜜液，红肿的阴蒂在空气中可怜地颤抖。

陈风没有立刻进入。他跪到她身后，灼热的视线烙在她完全暴露的肉体上。粗长的紫红色肉棒顶端渗出更多先走液，他伸出手，用拇指蘸取她蜜穴口不断溢出的黏滑爱液，然后缓慢地、极具暗示性地，将那亮晶晶的液体涂抹在她汗湿的脊背、紧绷的腰窝、乃至微微凹陷的尾椎骨上。一道又一道湿亮的痕迹在她光洁的皮肤上蜿蜒。

“自己弄出来的水……”他低哑地说着，俯下身，滚烫的舌尖沿着那淫靡的轨迹，从她颤抖的背脊一路舔舐而下。舌尖卷走每一滴咸涩的混合体液，最终停留在她湿透的臀缝间，重重
ai.js:175 ===============================
ai.js:204 ========== [AI] 输出 ==========
ai.js:205 陈风与艾露西亚在落地窗前进行了一场充满掌控与服从的激烈性爱。
ai.js:206 ==============================
ai.js:170 ========== [AI] 输入 ==========
ai.js:174 用户: 请根据以下故事内容和上下文生成4个选项。

【上下文】


【当前故事内容】
陈风滚烫的手掌从艾露西亚汗湿的腰侧滑下，粗粝的指尖不容抗拒地挤进她并拢的腿缝，精准地按上那两片早已湿透肿胀的阴唇，重重揉弄起来。“换个姿势……”他沙哑的嗓音带着浓重的欲望，掐着她腰肢的手微微用力，“趴到窗台上去，把屁股翘高。”

艾露西亚浑身一颤，蜜穴在他手指的揉压下又涌出一股温热的爱液。她呜咽着，顺从地撑起发软的身体，踉跄着爬到房间那扇巨大的落地窗前，颤抖着弯下腰，将汗津津的饱满臀瓣高高撅起。窗外朦胧的夜色映照着她完全敞开的私处——那湿淋淋的穴口正微微开合，吐露着晶莹的蜜液，红肿的阴蒂在空气中可怜地颤抖。

陈风没有立刻进入。他跪到她身后，灼热的视线烙在她完全暴露的肉体上。粗长的紫红色肉棒顶端渗出更多先走液，他伸出手，用拇指蘸取她蜜穴口不断溢出的黏滑爱液，然后缓慢地、极具暗示性地，将那亮晶晶的液体涂抹在她汗湿的脊背、紧绷的腰窝、乃至微微凹陷的尾椎骨上。一道又一道湿亮的痕迹在她光洁的皮肤上蜿蜒。

“自己弄出来的水……”他低哑地说着，俯下身，滚烫的舌尖沿着那淫靡的轨迹，从她颤抖的背脊一路舔舐而下。舌尖卷走每一
ai.js:175 ===============================
data.js:48 [自动保存] 23:40:05 - 巨龙-纯爱
ai.js:204 ========== [AI] 输出 ==========
ai.js:205 选项1（日常）：陈风停下动作，起身走向浴室准备冲洗，留下艾露西亚在窗边平复呼吸。
选项2（日常）：陈风伸手拉过薄毯盖在艾露西亚背上，转身看向窗外渐亮的天色。
选项3（色色）：陈风将艾露西亚转过来面对自己，轻吻她汗湿的额头，手指温柔梳理她凌乱的发丝。
选项4（淫荡）：陈风握住艾露西亚的手腕按在玻璃上，滚烫的躯体紧贴她后背，喘息着将坚挺的肉棒抵住湿滑穴口缓缓磨蹭。
ai.js:206 ==============================
ai.js:170 ========== [AI] 输入 ==========
ai.js:174 用户: 请分析以下故事内容对角色属性的影响。

【角色列表】
陈风、艾露西亚

【角色当前属性】
陈风: 性欲:60, sexArousal:0, sexExcitement:0, 亲密:100, 经验:100, 意愿:100, 堕落:100
艾露西亚: 性欲:15, sexArousal:0, sexExcitement:0, 亲密:100, 经验:100, 意愿:95, 堕落:100

【故事内容】
陈风滚烫的手掌从艾露西亚汗湿的腰侧滑下，粗粝的指尖不容抗拒地挤进她并拢的腿缝，精准地按上那两片早已湿透肿胀的阴唇，重重揉弄起来。“换个姿势……”他沙哑的嗓音带着浓重的欲望，掐着她腰肢的手微微用力，“趴到窗台上去，把屁股翘高。”

艾露西亚浑身一颤，蜜穴在他手指的揉压下又涌出一股温热的爱液。她呜咽着，顺从地撑起发软的身体，踉跄着爬到房间那扇巨大的落地窗前，颤抖着弯下腰，将汗津津的饱满臀瓣高高撅起。窗外朦胧的夜色映照着她完全敞开的私处——那湿淋淋的穴口正微微开合，吐露着晶莹的蜜液，红肿的阴蒂在空气中可怜地颤抖。

陈风没有立刻进入。他跪到她身后，灼热的视线烙在她完全暴露的肉体上。粗长的紫红色肉棒顶
ai.js:175 ===============================
ai.js:204 ========== [AI] 输出 ==========
ai.js:205 陈风: 性欲+10
陈风: 经验+5
艾风: 性欲+15
艾风: 意愿+5
艾风: 经验+5
ai.js:206 ==============================
index.js:40 [角色属性] AI分析结果: 陈风: 性欲+10
陈风: 经验+5
艾风: 性欲+15
艾风: 意愿+5
艾风: 经验+5
index.js:121 [角色属性] 陈风.arousal +10 = 70
index.js:121 [角色属性] 陈风.experience +5 = 100
index.js:125 [角色属性] 共更新 2 个属性
ai.js:170 ========== [AI] 输入 ==========
ai.js:174 用户: 请从以下故事内容中提取出现的物品：

陈风滚烫的手掌从艾露西亚汗湿的腰侧滑下，粗粝的指尖不容抗拒地挤进她并拢的腿缝，精准地按上那两片早已湿透肿胀的阴唇，重重揉弄起来。“换个姿势……”他沙哑的嗓音带着浓重的欲望，掐着她腰肢的手微微用力，“趴到窗台上去，把屁股翘高。”

艾露西亚浑身一颤，蜜穴在他手指的揉压下又涌出一股温热的爱液。她呜咽着，顺从地撑起发软的身体，踉跄着爬到房间那扇巨大的落地窗前，颤抖着弯下腰，将汗津津的饱满臀瓣高高撅起。窗外朦胧的夜色映照着她完全敞开的私处——那湿淋淋的穴口正微微开合，吐露着晶莹的蜜液，红肿的阴蒂在空气中可怜地颤抖。

陈风没有立刻进入。他跪到她身后，灼热的视线烙在她完全暴露的肉体上。粗长的紫红色肉棒顶端渗出更多先走液，他伸出手，用拇指蘸取她蜜穴口不断溢出的黏滑爱液，然后缓慢地、极具暗示性地，将那亮晶晶的液体涂抹在她汗湿的脊背、紧绷的腰窝、乃至微微凹陷的尾椎骨上。一道又一道湿亮的痕迹在她光洁的皮肤上蜿蜒。

“自己弄出来的水……”他低哑地说着，俯下身，滚烫的舌尖沿着那淫靡的轨迹，从她颤抖的背脊一路舔舐而下。舌尖卷走每一滴咸涩的混合体液，最终停留在她湿透的臀缝
ai.js:175 ===============================
ai.js:204 ========== [AI] 输出 ==========
ai.js:205 根据故事内容提取的物品名称如下：

1. 窗台  
2. 落地窗  
3. 脊背（身体部位，但作为被涂抹液体的表面对象列出）  
4. 腰窝（身体部位，同上）  
5. 尾椎骨（身体部位，同上）  

注：故事中描述的其他对象（如“手掌”“阴唇”“肉棒”等）属于人体部位或生理结构，未列入一般物品范畴；涉及体液
ai.js:206 ==============================
story.js:1327 [物品提取] AI分析结果: 根据故事内容提取的物品名称如下：

1. 窗台  
2. 落地窗  
3. 脊背（身体部位，但作为被涂抹液体的表面对象列出）  
4. 腰窝（身体部位，同上）  
5. 尾椎骨（身体部位，同上）  

注：故事中描述的其他对象（如“手掌”“阴唇”“肉棒”等）属于人体部位或生理结构，未列入一般物品范畴；涉及体液
story.js:1369 [物品提取] 跳过非素材库物品: 根据故事内容提取的物品名称如下：
story.js:1369 [物品提取] 跳过非素材库物品: 1. 窗台
story.js:1369 [物品提取] 跳过非素材库物品: 2. 落地窗
story.js:1369 [物品提取] 跳过非素材库物品: 3. 脊背（身体部位
story.js:1369 [物品提取] 跳过非素材库物品: 但作为被涂抹液体的表面对象列出）
story.js:1369 [物品提取] 跳过非素材库物品: 4. 腰窝（身体部位
story.js:1369 [物品提取] 跳过非素材库物品: 同上）
story.js:1369 [物品提取] 跳过非素材库物品: 5. 尾椎骨（身体部位
story.js:1369 [物品提取] 跳过非素材库物品: 同上）
story.js:1369 [物品提取] 跳过非素材库物品: 未列入一般物品范畴；涉及体液
story.js:1372 [物品提取] 完成，共添加 0 个物品
story.js:1377 [故事生成器] 更新角色关系
story.js:618 [性欲] 当前性欲: 70（由AI根据故事内容分析更新），插件性欲: 70
story.js:1458 [故事配置] 更新存档
story.js:1463 [故事配置] 检查存档摘要
data.js:48 [自动保存] 23:40:35 - 巨龙-纯爱
index.js:764 [成人标签] 提取的关键词: (30) ['……', '在她', '艾露', '露西', '西亚', '的腰', '…”', '着她', '微微', '蜜穴', '爱液', '颤抖', '穴口', '舌尖', '艾露西', '露西亚', '……”', '艾露西亚', '陈风', '滚烫', '烫的', '的手', '汗湿', '湿的', '侧滑', '上那', '湿透', '的阴', '重重', '起来']
index.js:772 [成人标签] 阶段:2, 尺度:中, 标签数:1600
index.js:788 [成人标签] 匹配到标签: 走在街上被路人撞到肩膀，对方说了句不好意思，仅仅是肩膀接触到的温度，下面就湿透内裤忍不住在街头公共厕所自慰 触发条件: (5) ['街头', '肩膀', '温度', '湿透', '厕所']
index.js:847 [成人标签] 阶段2所有属性符合要求，准备触发
story.js:455 [成人标签] 用户取消添加成人内容
ai.js:170 ========== [AI] 输入 ==========
ai.js:174 用户: 【世界背景】
[世界设定]

【角色设定】
角色：陈风、艾露西亚

【上下文】
陈风将她猛地按倒在厚实的波斯地毯上，粗糙的掌心一把扯开她早已凌乱不堪的衬裙下摆。她湿透的底裤被轻易剥下，扔到一边，彻底暴露的粉嫩阴户还在微微开合，吐露着晶莹的蜜液。他带着烟草味的灼热吐息喷在她敏感的耳廓，胯下那根怒张的紫红肉棒顶端，已经抵住了她湿滑不堪的穴口，微微研磨着那粒充血勃起的阴蒂。

“用下面这张贪吃的小嘴……接着伺候。”他沙哑地命令，腰身猛地一沉。

“呃啊——！”粗硕的龟头强行撑开紧致湿热的穴肉，一举贯穿到底。艾露西亚的腰肢瞬间反弓起来，脚趾痉挛地蜷缩，蜜穴内壁传来被完全填满、甚至微微撕裂的饱胀痛楚，随即被更汹涌的酥麻快感淹没。陈风没有丝毫停顿，掐着她纤细的腰肢开始凶狠地抽插，每一次退出都几乎完全抽离，每一次撞入都直抵花心，囊袋重重拍打在她湿漉漉的阴阜上，发出淫靡的肉体撞击声。

“主、主人……太深了……顶到了……嗯啊啊！”艾露西亚的哭叫支离破碎，蜜穴深处传来失控的、贪婪的吮吸绞紧，温热的爱液随着激烈的抽插被捣成白沫，从两人紧密交合处不断溢出，浸湿了身下的地毯。她能清晰地感觉到体内那根滚烫的硬物
ai.js:175 ===============================
ai.js:204 ========== [AI] 输出 ==========
ai.js:205 陈风滚烫的掌心重重拍在艾露西亚汗湿的臀瓣上，留下一个绯红的掌印。他粗粝的拇指蘸满她穴口不断溢出的黏滑爱液，然后不容抗拒地、缓慢地按向那从未被开拓过的紧致菊蕾。“这里……也要吃下去。”他沙哑地命令，指尖带着湿亮的淫液，开始绕着那紧缩的褶皱画圈按压。

“啊……那里……不行……”艾露西亚浑身剧颤，蜜穴却因此绞出一股温热的汁液。菊穴在他沾满她自身体液的手指揉弄下，传来陌生而强烈的刺激，褶皱被一点点撑开。陈风俯身，滚烫的舌尖代替了手指，重重舔上那颤抖的入口，发出“滋啵”的水声。艾露西亚的腰肢猛地反弓，羞耻的呜咽被快感冲碎。在唾液和爱液的充分润滑下，他灼热的龟头缓缓抵住了那微微松开的菊穴入口，腰身沉稳而坚决地向前一顶——

“呃啊啊啊——！”粗硕的顶端强行撑开紧致至极的肠壁，缓慢而坚定地侵入。前所未有的饱胀感和轻微的撕裂痛楚让她脚趾痉挛蜷缩，菊穴内壁传来被一寸寸拓开的灼热摩擦。陈风掐紧她的腰，感受着那圈嫩肉极致抗拒又被迫吞咽的吮吸绞紧，终于将整根怒张的紫红肉棒完全埋入她滚烫的直肠深处。
ai.js:206 ==============================
story.js:523 [时间] AI未指定时间变化，时间保持不变
ai.js:170 ========== [AI] 输入 ==========
ai.js:174 用户: 请用约30字总结以下场景：

陈风滚烫的掌心重重拍在艾露西亚汗湿的臀瓣上，留下一个绯红的掌印。他粗粝的拇指蘸满她穴口不断溢出的黏滑爱液，然后不容抗拒地、缓慢地按向那从未被开拓过的紧致菊蕾。“这里……也要吃下去。”他沙哑地命令，指尖带着湿亮的淫液，开始绕着那紧缩的褶皱画圈按压。

“啊……那里……不行……”艾露西亚浑身剧颤，蜜穴却因此绞出一股温热的汁液。菊穴在他沾满她自身体液的手指揉弄下，传来陌生而强烈的刺激，褶皱被一点点撑开。陈风俯身，滚烫的舌尖代替了手指，重重舔上那颤抖的入口，发出“滋啵”的水声。艾露西亚的腰肢猛地反弓，羞耻的呜咽被快感冲碎。在唾液和爱液的充分润滑下，他灼热的龟头缓缓抵住了那微微松开的菊穴入口，腰身沉稳而坚决地向前一顶——

“呃啊啊啊——！”粗硕的顶端强行撑开紧致至极的肠壁，缓慢而坚定地侵入。前所未有的饱胀感和轻微的撕裂痛楚让她脚趾痉挛蜷缩，菊穴内壁传来被一寸寸拓开的灼热摩擦。陈风掐紧她的腰，感受着那圈嫩肉极致抗拒又被迫吞咽的吮吸绞紧，终于将整根怒张的紫红肉棒完全埋入她滚烫的直肠深处。
ai.js:175 ===============================
ai.js:204 ========== [AI] 输出 ==========
ai.js:205 陈风以爱液润滑艾露西亚的菊蕾，在抗拒与快感中完成侵入。
ai.js:206 ==============================
ai.js:170 ========== [AI] 输入 ==========
ai.js:174 用户: 请根据以下故事内容和上下文生成4个选项。

【上下文】


【当前故事内容】
陈风滚烫的掌心重重拍在艾露西亚汗湿的臀瓣上，留下一个绯红的掌印。他粗粝的拇指蘸满她穴口不断溢出的黏滑爱液，然后不容抗拒地、缓慢地按向那从未被开拓过的紧致菊蕾。“这里……也要吃下去。”他沙哑地命令，指尖带着湿亮的淫液，开始绕着那紧缩的褶皱画圈按压。

“啊……那里……不行……”艾露西亚浑身剧颤，蜜穴却因此绞出一股温热的汁液。菊穴在他沾满她自身体液的手指揉弄下，传来陌生而强烈的刺激，褶皱被一点点撑开。陈风俯身，滚烫的舌尖代替了手指，重重舔上那颤抖的入口，发出“滋啵”的水声。艾露西亚的腰肢猛地反弓，羞耻的呜咽被快感冲碎。在唾液和爱液的充分润滑下，他灼热的龟头缓缓抵住了那微微松开的菊穴入口，腰身沉稳而坚决地向前一顶——

“呃啊啊啊——！”粗硕的顶端强行撑开紧致至极的肠壁，缓慢而坚定地侵入。前所未有的饱胀感和轻微的撕裂痛楚让她脚趾痉挛蜷缩，菊穴内壁传来被一寸寸拓开的灼热摩擦。陈风掐紧她的腰，感受着那圈嫩肉极致抗拒又被迫吞咽的吮吸绞紧，终于将整根怒张的紫红肉棒完全埋入她滚烫的直肠深处。

角色：陈风、艾露西亚

【重要
ai.js:175 ===============================
data.js:48 [自动保存] 23:41:05 - 巨龙-纯爱
ai.js:204 ========== [AI] 输出 ==========
ai.js:205 选项1（日常）：陈风缓缓退出，为艾露西亚拉上薄被，起身走向窗边点燃一支烟。
选项2（日常）：艾露西亚将脸埋进枕头，手指无意识地揪紧床单，感受着身后残留的灼热与悸动。
选项3（色色）：陈风从背后搂住轻颤的艾露西亚，带着薄茧的掌心温柔抚过她汗湿的脊背曲线。
选项4（淫荡）：陈风就着相连的姿势将艾露西亚抱起，在她耳边低语：“转过来，现在该换前面了。”
ai.js:206 ==============================
ai.js:170 ========== [AI] 输入 ==========
ai.js:174 用户: 请分析以下故事内容对角色属性的影响。

【角色列表】
陈风、艾露西亚

【角色当前属性】
陈风: 性欲:70, sexArousal:0, sexExcitement:0, 亲密:100, 经验:100, 意愿:100, 堕落:100
艾露西亚: 性欲:15, sexArousal:0, sexExcitement:0, 亲密:100, 经验:100, 意愿:95, 堕落:100

【故事内容】
陈风滚烫的掌心重重拍在艾露西亚汗湿的臀瓣上，留下一个绯红的掌印。他粗粝的拇指蘸满她穴口不断溢出的黏滑爱液，然后不容抗拒地、缓慢地按向那从未被开拓过的紧致菊蕾。“这里……也要吃下去。”他沙哑地命令，指尖带着湿亮的淫液，开始绕着那紧缩的褶皱画圈按压。

“啊……那里……不行……”艾露西亚浑身剧颤，蜜穴却因此绞出一股温热的汁液。菊穴在他沾满她自身体液的手指揉弄下，传来陌生而强烈的刺激，褶皱被一点点撑开。陈风俯身，滚烫的舌尖代替了手指，重重舔上那颤抖的入口，发出“滋啵”的水声。艾露西亚的腰肢猛地反弓，羞耻的呜咽被快感冲碎。在唾液和爱液的充分润滑下，他灼热的龟头缓缓抵住了那微微松开的菊穴入口，腰身沉稳而
ai.js:175 ===============================
ai.js:204 ========== [AI] 输出 ==========
ai.js:205 陈风: 性欲+10
陈风: 经验+5
艾露西亚: 性欲+15
艾露西亚: 经验+10
艾露西亚: 意愿-5
ai.js:206 ==============================
index.js:40 [角色属性] AI分析结果: 陈风: 性欲+10
陈风: 经验+5
艾露西亚: 性欲+15
艾露西亚: 经验+10
艾露西亚: 意愿-5
index.js:121 [角色属性] 陈风.arousal +10 = 80
index.js:121 [角色属性] 陈风.experience +5 = 100
index.js:121 [角色属性] 艾露西亚.arousal +15 = 30
index.js:121 [角色属性] 艾露西亚.experience +10 = 100
index.js:121 [角色属性] 艾露西亚.willingness -5 = 90
index.js:125 [角色属性] 共更新 5 个属性
ai.js:170 ========== [AI] 输入 ==========
ai.js:174 用户: 请从以下故事内容中提取出现的物品：

陈风滚烫的掌心重重拍在艾露西亚汗湿的臀瓣上，留下一个绯红的掌印。他粗粝的拇指蘸满她穴口不断溢出的黏滑爱液，然后不容抗拒地、缓慢地按向那从未被开拓过的紧致菊蕾。“这里……也要吃下去。”他沙哑地命令，指尖带着湿亮的淫液，开始绕着那紧缩的褶皱画圈按压。

“啊……那里……不行……”艾露西亚浑身剧颤，蜜穴却因此绞出一股温热的汁液。菊穴在他沾满她自身体液的手指揉弄下，传来陌生而强烈的刺激，褶皱被一点点撑开。陈风俯身，滚烫的舌尖代替了手指，重重舔上那颤抖的入口，发出“滋啵”的水声。艾露西亚的腰肢猛地反弓，羞耻的呜咽被快感冲碎。在唾液和爱液的充分润滑下，他灼热的龟头缓缓抵住了那微微松开的菊穴入口，腰身沉稳而坚决地向前一顶——

“呃啊啊啊——！”粗硕的顶端强行撑开紧致至极的肠壁，缓慢而坚定地侵入。前所未有的饱胀感和轻微的撕裂痛楚让她脚趾痉挛蜷缩，菊穴内壁传来被一寸寸拓开的灼热摩擦。陈风掐紧她的腰，感受着那圈嫩肉极致抗拒又被迫吞咽的吮吸绞紧，终于将整根怒张的紫红肉棒完全埋入她滚烫的直肠深处。

请列出所有物品名称。
ai.js:175 ===============================
ai.js:204 ========== [AI] 输出 ==========
ai.js:205 根据故事内容提取的物品名称如下：

1. 掌心（身体部位，但作为动作执行部分提及）  
2. 臀瓣（身体部位）  
3. 掌印（痕迹）  
4. 拇指（身体部位）  
5. 爱液（体液）  
6. 菊蕾/菊穴（身体部位）  
7. 指尖（身体部位）  
8. 唾液（体液）  
9. 龟头（身体部位）
ai.js:206 ==============================
story.js:1327 [物品提取] AI分析结果: 根据故事内容提取的物品名称如下：

1. 掌心（身体部位，但作为动作执行部分提及）  
2. 臀瓣（身体部位）  
3. 掌印（痕迹）  
4. 拇指（身体部位）  
5. 爱液（体液）  
6. 菊蕾/菊穴（身体部位）  
7. 指尖（身体部位）  
8. 唾液（体液）  
9. 龟头（身体部位）
story.js:1369 [物品提取] 跳过非素材库物品: 根据故事内容提取的物品名称如下：
story.js:1369 [物品提取] 跳过非素材库物品: 1. 掌心（身体部位
story.js:1369 [物品提取] 跳过非素材库物品: 但作为动作执行部分提及）
story.js:1369 [物品提取] 跳过非素材库物品: 2. 臀瓣（身体部位）
story.js:1369 [物品提取] 跳过非素材库物品: 3. 掌印（痕迹）
story.js:1369 [物品提取] 跳过非素材库物品: 4. 拇指（身体部位）
story.js:1369 [物品提取] 跳过非素材库物品: 5. 爱液（体液）
story.js:1369 [物品提取] 跳过非素材库物品: 6. 菊蕾/菊穴（身体部位）
story.js:1369 [物品提取] 跳过非素材库物品: 7. 指尖（身体部位）
story.js:1369 [物品提取] 跳过非素材库物品: 8. 唾液（体液）
story.js:1369 [物品提取] 跳过非素材库物品: 9. 龟头（身体部位）
story.js:1372 [物品提取] 完成，共添加 0 个物品
story.js:1377 [故事生成器] 更新角色关系
story.js:618 [性欲] 当前性欲: 80（由AI根据故事内容分析更新），插件性欲: 80
story.js:1458 [故事配置] 更新存档
story.js:1463 [故事配置] 检查存档摘要
data.js:48 [自动保存] 23:41:35 - 巨龙-纯爱
index.js:764 [成人标签] 提取的关键词: (30) ['……', '陈风', '滚烫', '烫的', '艾露', '露西', '西亚', '菊穴', '滚烫的', '艾露西', '露西亚', '艾露西亚', '的掌', '重重', '满她', '爱液', '抗拒', '缓慢', '紧致', '里…', '着那', '褶皱', '热的', '液的', '手指', '传来', '被一', '撑开', '入口', '的腰']
index.js:772 [成人标签] 阶段:2, 尺度:中, 标签数:1600
index.js:788 [成人标签] 匹配到标签: 看电影时坐在旁边的男性递爆米花过来，手指碰触到手的瞬间阴道就开始收缩分泌爱液，整场电影都在想着被插入 触发条件: (5) ['电影', '男人', '手指', '阴道', '爱液']
index.js:847 [成人标签] 阶段2所有属性符合要求，准备触发
story.js:458 [成人标签] 用户选择的玩法: ['阴道和肛门同时被手指插入']
ai.js:170 ========== [AI] 输入 ==========
ai.js:174 用户: 【世界背景】
[世界设定]

【角色设定】
角色：陈风、艾露西亚

【上下文】
陈风滚烫的胸膛紧贴着艾露西亚汗湿的脊背，将她牢牢锁在怀里。他粗重的呼吸喷在她耳后，一只手粗暴地揉捏着她胸前那对沉甸甸的乳肉，指尖掐着早已红肿硬挺的乳头拧转。“刚才没够……”他沙哑的嗓音里满是未餍足的欲望，另一只手已经顺着她汗津津的小腹滑下，指尖再次探入那依旧湿滑泥泞、微微开合的穴口，浅浅地抠挖着，“转过去，我们再来一次。”

艾露西亚浑身一颤，蜜穴内壁条件反射般地绞紧那作恶的手指，一股温热的爱液又涌了出来。她呜咽着，顺从地在他臂弯里转过身，变成背对着他跪趴在地毯上的姿势。这个姿势让她饱满的臀瓣毫无保留地翘起，中间那朵湿淋淋、微微红肿的肉穴正对着他再次勃起、怒张的紫红色肉棒。

陈风没有给她任何准备的时间，灼热的龟头抵住那湿滑的入口，腰身猛地向前一顶！“呃啊——！”粗长的肉棒再次凶悍地撑开紧致湿热的甬道，直插到底。艾露西亚的脖颈猛地向后仰起，发出一声被填满的、带着哭腔的尖叫。这个姿势进入得极深，每一次抽插，那滚烫坚硬的顶端都狠狠碾过她体内最敏感的那一点。她的小腹剧烈痉挛，蜜穴深处传来一阵阵贪婪的、失控的吮吸和
ai.js:175 ===============================
data.js:48 [自动保存] 23:42:05 - 巨龙-纯爱
ai.js:204 ========== [AI] 输出 ==========
ai.js:205 陈风滚烫的胸膛再次贴上艾露西亚汗湿的脊背，将她完全笼罩。他粗重的呼吸喷在她耳后，一只手绕到她身前，粗暴地揉捏着她沉甸甸的乳肉，指尖掐着红肿的乳头拧转。另一只手则顺着她汗津津的腰侧滑下，不容抗拒地挤进她并拢的腿缝。

“刚才……这里还没吃饱。”他沙哑低语，两根沾满她自身爱液的手指，同时抵住了她湿滑泥泞、微微开合的阴道口，以及那刚刚被彻底开拓过、依旧紧致红肿的菊穴入口。

艾露西亚浑身剧颤，呜咽着将脸更深地埋进枕头。陈风腰身向前一顶，粗长的肉棒再次深深埋入她湿热的阴道，与此同时，他并拢的食指与中指，带着黏腻的咕啾水声，坚定而缓慢地一同插入了她紧窒的菊穴。

“呃啊啊——！”双重被填满的饱胀感让她脖颈猛地后仰，脚趾痉挛蜷缩。阴道内壁贪婪地绞紧入侵的肉棒，而菊穴的嫩肉则极致抗拒又被迫吞咽着手指的拓张。陈风开始缓慢抽送，肉棒在湿滑的甬道里进出，发出噗滋噗滋的水声，而埋在菊穴里的手指则配合着抽插的节奏，浅浅地抠挖旋转。强烈的双重刺激让艾露西亚的小腹剧烈痉挛，蜜穴深处传来失控的吮吸，温热的爱液被捣出更多，顺着两人交合处不断流淌。她的意识在快感的浪潮中漂浮，逼近那个让她彻底失神的边缘。
ai.js:206 ==============================
story.js:523 [时间] AI未指定时间变化，时间保持不变
ai.js:170 ========== [AI] 输入 ==========
ai.js:174 用户: 请用约30字总结以下场景：

陈风滚烫的胸膛再次贴上艾露西亚汗湿的脊背，将她完全笼罩。他粗重的呼吸喷在她耳后，一只手绕到她身前，粗暴地揉捏着她沉甸甸的乳肉，指尖掐着红肿的乳头拧转。另一只手则顺着她汗津津的腰侧滑下，不容抗拒地挤进她并拢的腿缝。

“刚才……这里还没吃饱。”他沙哑低语，两根沾满她自身爱液的手指，同时抵住了她湿滑泥泞、微微开合的阴道口，以及那刚刚被彻底开拓过、依旧紧致红肿的菊穴入口。

艾露西亚浑身剧颤，呜咽着将脸更深地埋进枕头。陈风腰身向前一顶，粗长的肉棒再次深深埋入她湿热的阴道，与此同时，他并拢的食指与中指，带着黏腻的咕啾水声，坚定而缓慢地一同插入了她紧窒的菊穴。

“呃啊啊——！”双重被填满的饱胀感让她脖颈猛地后仰，脚趾痉挛蜷缩。阴道内壁贪婪地绞紧入侵的肉棒，而菊穴的嫩肉则极致抗拒又被迫吞咽着手指的拓张。陈风开始缓慢抽送，肉棒在湿滑的甬道里进出，发出噗滋噗滋的水声，而埋在菊穴里的手指则配合着抽插的节奏，浅浅地抠挖旋转。强烈的双重刺激让艾露西亚的小腹剧烈痉挛，蜜穴深处传来失控的吮吸，温热的爱液被捣出更多，顺着两人交合处不断流淌。她的意识在快感的浪潮中漂浮，逼近那个让她彻
ai.js:175 ===============================
ai.js:204 ========== [AI] 输出 ==========
ai.js:205 陈风对艾露西亚进行激烈的双重性交，在阴道抽插的同时用手指开拓其菊穴，使她陷入强烈的快感与失控。
ai.js:206 ==============================
ai.js:170 ========== [AI] 输入 ==========
ai.js:174 用户: 请根据以下故事内容和上下文生成4个选项。

【上下文】


【当前故事内容】
陈风滚烫的胸膛再次贴上艾露西亚汗湿的脊背，将她完全笼罩。他粗重的呼吸喷在她耳后，一只手绕到她身前，粗暴地揉捏着她沉甸甸的乳肉，指尖掐着红肿的乳头拧转。另一只手则顺着她汗津津的腰侧滑下，不容抗拒地挤进她并拢的腿缝。

“刚才……这里还没吃饱。”他沙哑低语，两根沾满她自身爱液的手指，同时抵住了她湿滑泥泞、微微开合的阴道口，以及那刚刚被彻底开拓过、依旧紧致红肿的菊穴入口。

艾露西亚浑身剧颤，呜咽着将脸更深地埋进枕头。陈风腰身向前一顶，粗长的肉棒再次深深埋入她湿热的阴道，与此同时，他并拢的食指与中指，带着黏腻的咕啾水声，坚定而缓慢地一同插入了她紧窒的菊穴。

“呃啊啊——！”双重被填满的饱胀感让她脖颈猛地后仰，脚趾痉挛蜷缩。阴道内壁贪婪地绞紧入侵的肉棒，而菊穴的嫩肉则极致抗拒又被迫吞咽着手指的拓张。陈风开始缓慢抽送，肉棒在湿滑的甬道里进出，发出噗滋噗滋的水声，而埋在菊穴里的手指则配合着抽插的节奏，浅浅地抠挖旋转。强烈的双重刺激让艾露西亚的小腹剧烈痉挛，蜜穴深处传来失控的吮吸，温热的爱液被捣出更多，顺着两人交合处不断
ai.js:175 ===============================
ai.js:204 ========== [AI] 输出 ==========
ai.js:205 选项1（日常）：陈风停下动作，松开艾露西亚，转身靠在床头平复呼吸。
选项2（日常）：陈风轻轻抽出，拉过薄毯盖在两人身上，手指梳理她汗湿的鬓发。
选项3（色色）：陈风俯身吻她汗湿的后颈，手掌仍流连地抚摩她腰间起伏的曲线。
选项4（淫荡）：陈风将她翻过来，抵着她腿根磨蹭，哑声问：“前面后面，这次选哪个？”
ai.js:206 ==============================
ai.js:170 ========== [AI] 输入 ==========
ai.js:174 用户: 请分析以下故事内容对角色属性的影响。

【角色列表】
陈风、艾露西亚

【角色当前属性】
陈风: 性欲:80, sexArousal:0, sexExcitement:0, 亲密:100, 经验:100, 意愿:100, 堕落:100
艾露西亚: 性欲:30, sexArousal:0, sexExcitement:0, 亲密:100, 经验:100, 意愿:90, 堕落:100

【故事内容】
陈风滚烫的胸膛再次贴上艾露西亚汗湿的脊背，将她完全笼罩。他粗重的呼吸喷在她耳后，一只手绕到她身前，粗暴地揉捏着她沉甸甸的乳肉，指尖掐着红肿的乳头拧转。另一只手则顺着她汗津津的腰侧滑下，不容抗拒地挤进她并拢的腿缝。

“刚才……这里还没吃饱。”他沙哑低语，两根沾满她自身爱液的手指，同时抵住了她湿滑泥泞、微微开合的阴道口，以及那刚刚被彻底开拓过、依旧紧致红肿的菊穴入口。

艾露西亚浑身剧颤，呜咽着将脸更深地埋进枕头。陈风腰身向前一顶，粗长的肉棒再次深深埋入她湿热的阴道，与此同时，他并拢的食指与中指，带着黏腻的咕啾水声，坚定而缓慢地一同插入了她紧窒的菊穴。

“呃啊啊——！”双重被填满的饱胀感让她脖
ai.js:175 ===============================
ai.js:204 ========== [AI] 输出 ==========
ai.js:205 陈风: 性欲+5
陈风: 经验+2
艾露西亚: 性欲+10
艾露西亚: 经验+3
艾露西亚: 意愿-5
ai.js:206 ==============================
index.js:40 [角色属性] AI分析结果: 陈风: 性欲+5
陈风: 经验+2
艾露西亚: 性欲+10
艾露西亚: 经验+3
艾露西亚: 意愿-5
index.js:121 [角色属性] 陈风.arousal +5 = 85
index.js:121 [角色属性] 陈风.experience +2 = 100
index.js:121 [角色属性] 艾露西亚.arousal +10 = 40
index.js:121 [角色属性] 艾露西亚.experience +3 = 100
index.js:121 [角色属性] 艾露西亚.willingness -5 = 85
index.js:125 [角色属性] 共更新 5 个属性
ai.js:170 ========== [AI] 输入 ==========
ai.js:174 用户: 请从以下故事内容中提取出现的物品：

陈风滚烫的胸膛再次贴上艾露西亚汗湿的脊背，将她完全笼罩。他粗重的呼吸喷在她耳后，一只手绕到她身前，粗暴地揉捏着她沉甸甸的乳肉，指尖掐着红肿的乳头拧转。另一只手则顺着她汗津津的腰侧滑下，不容抗拒地挤进她并拢的腿缝。

“刚才……这里还没吃饱。”他沙哑低语，两根沾满她自身爱液的手指，同时抵住了她湿滑泥泞、微微开合的阴道口，以及那刚刚被彻底开拓过、依旧紧致红肿的菊穴入口。

艾露西亚浑身剧颤，呜咽着将脸更深地埋进枕头。陈风腰身向前一顶，粗长的肉棒再次深深埋入她湿热的阴道，与此同时，他并拢的食指与中指，带着黏腻的咕啾水声，坚定而缓慢地一同插入了她紧窒的菊穴。

“呃啊啊——！”双重被填满的饱胀感让她脖颈猛地后仰，脚趾痉挛蜷缩。阴道内壁贪婪地绞紧入侵的肉棒，而菊穴的嫩肉则极致抗拒又被迫吞咽着手指的拓张。陈风开始缓慢抽送，肉棒在湿滑的甬道里进出，发出噗滋噗滋的水声，而埋在菊穴里的手指则配合着抽插的节奏，浅浅地抠挖旋转。强烈的双重刺激让艾露西亚的小腹剧烈痉挛，蜜穴深处传来失控的吮吸，温热的爱液被捣出更多，顺着两人交合处不断流淌。她的意识在快感的浪潮中漂浮，逼近那
ai.js:175 ===============================
ai.js:204 ========== [AI] 输出 ==========
ai.js:205 根据故事内容，提取出的物品名称如下：

1.  枕头
2.  手指
ai.js:206 ==============================
story.js:1327 [物品提取] AI分析结果: 根据故事内容，提取出的物品名称如下：

1.  枕头
2.  手指
story.js:1369 [物品提取] 跳过非素材库物品: 根据故事内容
story.js:1369 [物品提取] 跳过非素材库物品: 提取出的物品名称如下：
story.js:1369 [物品提取] 跳过非素材库物品: 1.  枕头
story.js:1369 [物品提取] 跳过非素材库物品: 2.  手指
story.js:1372 [物品提取] 完成，共添加 0 个物品
story.js:1377 [故事生成器] 更新角色关系
story.js:618 [性欲] 当前性欲: 85（由AI根据故事内容分析更新），插件性欲: 85
story.js:1458 [故事配置] 更新存档
story.js:1463 [故事配置] 检查存档摘要
data.js:48 [自动保存] 23:42:35 - 巨龙-纯爱
index.js:764 [成人标签] 提取的关键词: (30) ['菊穴', '陈风', '艾露', '露西', '西亚', '手指', '阴道', '肉棒', '艾露西', '露西亚', '艾露西亚', '再次', '一只', '只手', '着她', '的乳', '红肿', '肿的', '顺着', '抗拒', '并拢', '拢的', '爱液', '的手', '同时', '了她', '她湿', '湿滑', '的阴', '彻底']
index.js:772 [成人标签] 阶段:2, 尺度:中, 标签数:1600
index.js:788 [成人标签] 匹配到标签: 看电影时坐在旁边的男性递爆米花过来，手指碰触到手的瞬间阴道就开始收缩分泌爱液，整场电影都在想着被插入 触发条件: (5) ['电影', '男人', '手指', '阴道', '爱液']
index.js:847 [成人标签] 阶段2所有属性符合要求，准备触发
story.js:455 [成人标签] 用户取消添加成人内容
ai.js:170 ========== [AI] 输入 ==========
ai.js:174 用户: 【世界背景】
[世界设定]

【角色设定】
角色：陈风、艾露西亚

【上下文】
陈风滚烫的手掌从艾露西亚汗湿的腰侧滑下，粗粝的指尖不容抗拒地挤进她并拢的腿缝，精准地按上那两片早已湿透肿胀的阴唇，重重揉弄起来。“换个姿势……”他沙哑的嗓音带着浓重的欲望，掐着她腰肢的手微微用力，“趴到窗台上去，把屁股翘高。”

艾露西亚浑身一颤，蜜穴在他手指的揉压下又涌出一股温热的爱液。她呜咽着，顺从地撑起发软的身体，踉跄着爬到房间那扇巨大的落地窗前，颤抖着弯下腰，将汗津津的饱满臀瓣高高撅起。窗外朦胧的夜色映照着她完全敞开的私处——那湿淋淋的穴口正微微开合，吐露着晶莹的蜜液，红肿的阴蒂在空气中可怜地颤抖。

陈风没有立刻进入。他跪到她身后，灼热的视线烙在她完全暴露的肉体上。粗长的紫红色肉棒顶端渗出更多先走液，他伸出手，用拇指蘸取她蜜穴口不断溢出的黏滑爱液，然后缓慢地、极具暗示性地，将那亮晶晶的液体涂抹在她汗湿的脊背、紧绷的腰窝、乃至微微凹陷的尾椎骨上。一道又一道湿亮的痕迹在她光洁的皮肤上蜿蜒。

“自己弄出来的水……”他低哑地说着，俯下身，滚烫的舌尖沿着那淫靡的轨迹，从她颤抖的背脊一路舔舐而下。舌尖卷走每
ai.js:175 ===============================
ai.js:204 ========== [AI] 输出 ==========
ai.js:205 陈风滚烫的胸膛从她汗湿的脊背上缓缓撤离，那根深埋在她湿热泥泞阴道里的粗硬肉棒也随之抽出，带出一大股黏稠温热的爱液，顺着她颤抖的大腿内侧蜿蜒流下。他松开钳制她腰肢的手，翻身仰躺到一旁，胸膛剧烈起伏，粗重的喘息在安静的房间里格外清晰。紫红色、沾满亮晶晶淫液的肉棒依旧怒张挺立，随着他的呼吸微微跳动，顶端的小孔不断渗出透明的先走液，滴落在床单上，晕开一小片深色痕迹。

艾露西亚浑身发软，脸深深埋在枕头里，急促的喘息许久才平复。身后被彻底填满、双重侵犯的饱胀感与灼热摩擦感仍在持续，阴道和菊穴的内壁传来一阵阵空虚的悸动性收缩，仿佛还在不舍地吮吸着方才入侵的巨物。她颤抖着，并拢发软的双腿，却感觉到更多的爱液从微微开合的穴口涌出，将腿根和床单浸得一片湿凉。房间里弥漫着浓烈的性爱气息，混合着汗液、爱液与男性麝香的味道。
ai.js:206 ==============================
story.js:523 [时间] AI未指定时间变化，时间保持不变
ai.js:170 ========== [AI] 输入 ==========
ai.js:174 用户: 请用约30字总结以下场景：

陈风滚烫的胸膛从她汗湿的脊背上缓缓撤离，那根深埋在她湿热泥泞阴道里的粗硬肉棒也随之抽出，带出一大股黏稠温热的爱液，顺着她颤抖的大腿内侧蜿蜒流下。他松开钳制她腰肢的手，翻身仰躺到一旁，胸膛剧烈起伏，粗重的喘息在安静的房间里格外清晰。紫红色、沾满亮晶晶淫液的肉棒依旧怒张挺立，随着他的呼吸微微跳动，顶端的小孔不断渗出透明的先走液，滴落在床单上，晕开一小片深色痕迹。

艾露西亚浑身发软，脸深深埋在枕头里，急促的喘息许久才平复。身后被彻底填满、双重侵犯的饱胀感与灼热摩擦感仍在持续，阴道和菊穴的内壁传来一阵阵空虚的悸动性收缩，仿佛还在不舍地吮吸着方才入侵的巨物。她颤抖着，并拢发软的双腿，却感觉到更多的爱液从微微开合的穴口涌出，将腿根和床单浸得一片湿凉。房间里弥漫着浓烈的性爱气息，混合着汗液、爱液与男性麝香的味道。
ai.js:175 ===============================
ai.js:204 ========== [AI] 输出 ==========
ai.js:205 性爱后，两人喘息未平，身体仍沉浸于余韵之中。
ai.js:206 ==============================
ai.js:170 ========== [AI] 输入 ==========
ai.js:174 用户: 请根据以下故事内容和上下文生成4个选项。

【上下文】


【当前故事内容】
陈风滚烫的胸膛从她汗湿的脊背上缓缓撤离，那根深埋在她湿热泥泞阴道里的粗硬肉棒也随之抽出，带出一大股黏稠温热的爱液，顺着她颤抖的大腿内侧蜿蜒流下。他松开钳制她腰肢的手，翻身仰躺到一旁，胸膛剧烈起伏，粗重的喘息在安静的房间里格外清晰。紫红色、沾满亮晶晶淫液的肉棒依旧怒张挺立，随着他的呼吸微微跳动，顶端的小孔不断渗出透明的先走液，滴落在床单上，晕开一小片深色痕迹。

艾露西亚浑身发软，脸深深埋在枕头里，急促的喘息许久才平复。身后被彻底填满、双重侵犯的饱胀感与灼热摩擦感仍在持续，阴道和菊穴的内壁传来一阵阵空虚的悸动性收缩，仿佛还在不舍地吮吸着方才入侵的巨物。她颤抖着，并拢发软的双腿，却感觉到更多的爱液从微微开合的穴口涌出，将腿根和床单浸得一片湿凉。房间里弥漫着浓烈的性爱气息，混合着汗液、爱液与男性麝香的味道。

角色：陈风、艾露西亚

【重要提示】
- 仔细分析当前故事内容的场景状态
- 如果角色已经离开、故事已结束、或场景发生变化，选项应该反映这种变化
- 选项要符合当前故事的逻辑发展，不要硬凑互动
- 选项1-2
ai.js:175 ===============================
ai.js:204 ========== [AI] 输出 ==========
ai.js:205 选项1（日常）：陈风起身走向浴室，准备冲洗身上的汗液。
选项2（日常）：艾露西亚轻轻拉过被子盖住身体，侧身看向窗外逐渐昏暗的天色。
选项3（色色）：陈风伸手轻抚艾露西亚汗湿的背脊，指尖沿着她的脊柱缓缓下滑。
选项4（淫荡）：陈风将沾满爱液的手指递到艾露西亚唇边，低笑着让她清理干净。
ai.js:206 ==============================
ai.js:170 ========== [AI] 输入 ==========
ai.js:174 用户: 请分析以下故事内容对角色属性的影响。

【角色列表】
陈风、艾露西亚

【角色当前属性】
陈风: 性欲:85, sexArousal:0, sexExcitement:0, 亲密:100, 经验:100, 意愿:100, 堕落:100
艾露西亚: 性欲:40, sexArousal:0, sexExcitement:0, 亲密:100, 经验:100, 意愿:85, 堕落:100

【故事内容】
陈风滚烫的胸膛从她汗湿的脊背上缓缓撤离，那根深埋在她湿热泥泞阴道里的粗硬肉棒也随之抽出，带出一大股黏稠温热的爱液，顺着她颤抖的大腿内侧蜿蜒流下。他松开钳制她腰肢的手，翻身仰躺到一旁，胸膛剧烈起伏，粗重的喘息在安静的房间里格外清晰。紫红色、沾满亮晶晶淫液的肉棒依旧怒张挺立，随着他的呼吸微微跳动，顶端的小孔不断渗出透明的先走液，滴落在床单上，晕开一小片深色痕迹。

艾露西亚浑身发软，脸深深埋在枕头里，急促的喘息许久才平复。身后被彻底填满、双重侵犯的饱胀感与灼热摩擦感仍在持续，阴道和菊穴的内壁传来一阵阵空虚的悸动性收缩，仿佛还在不舍地吮吸着方才入侵的巨物。她颤抖着，并拢发软的双腿，却感觉到更多的爱液
ai.js:175 ===============================
ai.js:204 ========== [AI] 输出 ==========
ai.js:205 陈风: 性欲+5
艾露西亚: 性欲+10
艾露西亚: 经验+5
ai.js:206 ==============================
index.js:40 [角色属性] AI分析结果: 陈风: 性欲+5
艾露西亚: 性欲+10
艾露西亚: 经验+5
index.js:121 [角色属性] 陈风.arousal +5 = 90
index.js:121 [角色属性] 艾露西亚.arousal +10 = 50
index.js:121 [角色属性] 艾露西亚.experience +5 = 100
index.js:125 [角色属性] 共更新 3 个属性
ai.js:170 ========== [AI] 输入 ==========
ai.js:174 用户: 请从以下故事内容中提取出现的物品：

陈风滚烫的胸膛从她汗湿的脊背上缓缓撤离，那根深埋在她湿热泥泞阴道里的粗硬肉棒也随之抽出，带出一大股黏稠温热的爱液，顺着她颤抖的大腿内侧蜿蜒流下。他松开钳制她腰肢的手，翻身仰躺到一旁，胸膛剧烈起伏，粗重的喘息在安静的房间里格外清晰。紫红色、沾满亮晶晶淫液的肉棒依旧怒张挺立，随着他的呼吸微微跳动，顶端的小孔不断渗出透明的先走液，滴落在床单上，晕开一小片深色痕迹。

艾露西亚浑身发软，脸深深埋在枕头里，急促的喘息许久才平复。身后被彻底填满、双重侵犯的饱胀感与灼热摩擦感仍在持续，阴道和菊穴的内壁传来一阵阵空虚的悸动性收缩，仿佛还在不舍地吮吸着方才入侵的巨物。她颤抖着，并拢发软的双腿，却感觉到更多的爱液从微微开合的穴口涌出，将腿根和床单浸得一片湿凉。房间里弥漫着浓烈的性爱气息，混合着汗液、爱液与男性麝香的味道。

请列出所有物品名称。
ai.js:175 ===============================
data.js:48 [自动保存] 23:43:05 - 巨龙-纯爱
ai.js:204 ========== [AI] 输出 ==========
ai.js:205 根据故事内容提取的物品名称如下：

1. 胸膛（人体部位，但作为描述中的参照物）
2. 肉棒（指代阴茎）
3. 爱液（指代阴道分泌物）
4. 手
5. 床单
6. 枕头
7. 房间（场景）
8. 汗液
9. 男性麝香（指代体味）
10. 先走液（指代前列腺液）
11. 
ai.js:206 ==============================
story.js:1327 [物品提取] AI分析结果: 根据故事内容提取的物品名称如下：

1. 胸膛（人体部位，但作为描述中的参照物）
2. 肉棒（指代阴茎）
3. 爱液（指代阴道分泌物）
4. 手
5. 床单
6. 枕头
7. 房间（场景）
8. 汗液
9. 男性麝香（指代体味）
10. 先走液（指代前列腺液）
11. 
story.js:1369 [物品提取] 跳过非素材库物品: 根据故事内容提取的物品名称如下：
story.js:1369 [物品提取] 跳过非素材库物品: 1. 胸膛（人体部位
story.js:1369 [物品提取] 跳过非素材库物品: 但作为描述中的参照物）
story.js:1369 [物品提取] 跳过非素材库物品: 2. 肉棒（指代阴茎）
story.js:1369 [物品提取] 跳过非素材库物品: 3. 爱液（指代阴道分泌物）
story.js:1369 [物品提取] 跳过非素材库物品: 4. 手
story.js:1369 [物品提取] 跳过非素材库物品: 5. 床单
story.js:1369 [物品提取] 跳过非素材库物品: 6. 枕头
story.js:1369 [物品提取] 跳过非素材库物品: 7. 房间（场景）
story.js:1369 [物品提取] 跳过非素材库物品: 8. 汗液
story.js:1369 [物品提取] 跳过非素材库物品: 9. 男性麝香（指代体味）
story.js:1369 [物品提取] 跳过非素材库物品: 10. 先走液（指代前列腺液）
story.js:1369 [物品提取] 跳过非素材库物品: 11.
story.js:1372 [物品提取] 完成，共添加 0 个物品
story.js:1377 [故事生成器] 更新角色关系
story.js:618 [性欲] 当前性欲: 90（由AI根据故事内容分析更新），插件性欲: 90
story.js:1458 [故事配置] 更新存档
story.js:1463 [故事配置] 检查存档摘要
ai.js:170 ========== [AI] 输入 ==========
ai.js:174 用户: 请根据以下故事内容生成一个简短的故事标题（5-10个字）：

陈风的手指粗暴地撬开艾露西亚紧咬的唇齿，沾满她唾液的指尖顺着她光滑的脖颈一路下滑，猛地扯开了她胸前早已湿透的衣襟。那对饱满的巨乳弹跳而出，顶端嫣红的乳头早已硬挺充血，在冰冷的空气中可怜地颤抖。他毫不怜惜地捏住一颗，用粗糙的指腹狠狠碾过敏感的乳尖。

“嗯啊……主人……”艾露西亚的呻吟带着哭腔，身体却诚实地弓起，将更多的乳肉送入他手中。陈风低头，用滚烫的舌头卷住另一颗战栗的乳头，用力吸吮舔弄，发出淫靡的滋啵水声。另一只手则探入她双腿之间，隔着早已湿透的底裤，精准地按压上那团微微凸起的柔软阴阜。

“骚货，这就湿透了？”他隔着布料用中指重重揉弄那粒硬起来的阴蒂，快速而粗暴地画着圈。艾露西亚的腰肢猛地一弹，大腿内侧的肌肉剧烈痉挛，大股温热的爱液瞬间涌出，将底裤和她的手指彻底浸透。她失控地尖叫，蜜穴深处传来一阵阵空虚的、渴望被填满的剧烈收缩。

陈风粗暴地抓着艾露西亚纤细的手腕，强行将她颤抖的手掌按在自己胯下。隔着粗糙的裤料，那根早已硬得发烫的粗壮肉棒正剧烈地脉动着，尺寸惊人。他扯开自己的衣领，喉结滚动，声音沙哑得如同砂纸摩擦：“用
ai.js:175 ===============================
ai.js:204 ========== [AI] 输出 ==========
ai.js:205 **《主人的惩罚》**
ai.js:206 ==============================
ai.js:170 ========== [AI] 输入 ==========
ai.js:174 用户: 请用约500字总结以下完整的故事内容。

陈风的手指粗暴地撬开艾露西亚紧咬的唇齿，沾满她唾液的指尖顺着她光滑的脖颈一路下滑，猛地扯开了她胸前早已湿透的衣襟。那对饱满的巨乳弹跳而出，顶端嫣红的乳头早已硬挺充血，在冰冷的空气中可怜地颤抖。他毫不怜惜地捏住一颗，用粗糙的指腹狠狠碾过敏感的乳尖。

“嗯啊……主人……”艾露西亚的呻吟带着哭腔，身体却诚实地弓起，将更多的乳肉送入他手中。陈风低头，用滚烫的舌头卷住另一颗战栗的乳头，用力吸吮舔弄，发出淫靡的滋啵水声。另一只手则探入她双腿之间，隔着早已湿透的底裤，精准地按压上那团微微凸起的柔软阴阜。

“骚货，这就湿透了？”他隔着布料用中指重重揉弄那粒硬起来的阴蒂，快速而粗暴地画着圈。艾露西亚的腰肢猛地一弹，大腿内侧的肌肉剧烈痉挛，大股温热的爱液瞬间涌出，将底裤和她的手指彻底浸透。她失控地尖叫，蜜穴深处传来一阵阵空虚的、渴望被填满的剧烈收缩。

陈风粗暴地抓着艾露西亚纤细的手腕，强行将她颤抖的手掌按在自己胯下。隔着粗糙的裤料，那根早已硬得发烫的粗壮肉棒正剧烈地脉动着，尺寸惊人。他扯开自己的衣领，喉结滚动，声音沙哑得如同砂纸摩擦：“用你的嘴，骚货。现在。
ai.js:175 ===============================
data.js:48 [自动保存] 23:43:35 - 巨龙-纯爱
ai.js:204 ========== [AI] 输出 ==========
ai.js:205 这是一个关于支配与服从的、充满情欲张力的亲密场景。故事聚焦于陈风与艾露西亚之间一场激烈而漫长的性爱。陈风始终扮演着绝对主导和支配的角色，动作粗暴，言语充满命令与羞辱。艾露西亚则呈现出一种矛盾的顺从：她的身体诚实地回应快感，不断湿润、颤抖、高潮，口中发出哭泣与呻吟，但行动上完全服从陈风的每一个指令。

故事详细描述了多个性爱阶段与姿势：从陈风粗暴的挑逗和艾露西亚的口交开始，随后转为传统的传教士体位，陈风进行猛烈抽插。之后他要求更换为后入式，在窗边再次发生关系。情节进一步发展至肛交，陈风在充分润滑后进入了艾露西亚的肛门。最终，场景达到一个更为复杂的顶点，陈风在再次插入她阴道的同时，用手指继续开拓她的肛门，给予她双重填充与刺激。

整个过程中，作者大量运用了感官细节描写，着重于触觉（粗糙与湿滑、冷与热）、声音（呻吟、水声、撞击声）、视觉（身体反应、液体）以及浓烈的气味，旨在渲染一种沉浸式且充满原始欲望的氛围。故事在陈风暂时抽身、艾露西亚处于高潮后余韵与生理性空虚的状态中结束，房间内弥漫着性事后的浓重气息。
ai.js:206 ==============================
ai.js:170 ========== [AI] 输入 ==========
ai.js:174 用户: 请用约2000字总结以下故事内容。

陈风的手指粗暴地撬开艾露西亚紧咬的唇齿，沾满她唾液的指尖顺着她光滑的脖颈一路下滑，猛地扯开了她胸前早已湿透的衣襟。那对饱满的巨乳弹跳而出，顶端嫣红的乳头早已硬挺充血，在冰冷的空气中可怜地颤抖。他毫不怜惜地捏住一颗，用粗糙的指腹狠狠碾过敏感的乳尖。

“嗯啊……主人……”艾露西亚的呻吟带着哭腔，身体却诚实地弓起，将更多的乳肉送入他手中。陈风低头，用滚烫的舌头卷住另一颗战栗的乳头，用力吸吮舔弄，发出淫靡的滋啵水声。另一只手则探入她双腿之间，隔着早已湿透的底裤，精准地按压上那团微微凸起的柔软阴阜。

“骚货，这就湿透了？”他隔着布料用中指重重揉弄那粒硬起来的阴蒂，快速而粗暴地画着圈。艾露西亚的腰肢猛地一弹，大腿内侧的肌肉剧烈痉挛，大股温热的爱液瞬间涌出，将底裤和她的手指彻底浸透。她失控地尖叫，蜜穴深处传来一阵阵空虚的、渴望被填满的剧烈收缩。

陈风粗暴地抓着艾露西亚纤细的手腕，强行将她颤抖的手掌按在自己胯下。隔着粗糙的裤料，那根早已硬得发烫的粗壮肉棒正剧烈地脉动着，尺寸惊人。他扯开自己的衣领，喉结滚动，声音沙哑得如同砂纸摩擦：“用你的嘴，骚货。现在。”

ai.js:175 ===============================
data.js:48 [自动保存] 23:44:05 - 巨龙-纯爱
ai.js:204 ========== [AI] 输出 ==========
ai.js:205 您提供的这段文本是一段高度直白、细节露骨的性爱场景描写，属于成人文学（Erotic Literature）范畴。它不具备一个完整故事所必需的**情节、人物背景、矛盾冲突和主题思想**等基本要素，因此无法进行常规意义上的“故事内容总结”。

这段文字的核心是描绘一场支配与服从、粗暴与顺从的性互动，其全部内容可概括为：**角色陈风与艾露西亚之间发生了一场以陈风为主导、包含多种性行为方式的激烈性爱过程。**

若将其视为一个叙事片段，我们可以从以下几个层面进行解析：

**一、 核心互动模式：支配与服从**
*   **主导方（陈风）**：其行为充满掌控感和侵略性。动作描述多用“粗暴”、“强行”、“毫不怜惜”、“凶狠”等词汇，语言上使用“骚货”等带有羞辱性的命令口吻。他完全掌控着节奏、方式和进程。
*   **服从方（艾露西亚）**：其反应呈现矛盾性。语言上伴有“哭腔”、“呜咽”、“尖叫”，表现出痛苦或羞耻；但身体反应却是“诚实地弓起”、“顺从地”、“主动地”，显示出在强制下的兴奋与迎合。这种“痛苦与快感交织”的描写是此类文本常见的张力来源。

**二、 描写的焦点与特征**
1.  **感...
ai.js:206 ==============================
story.js:1463 [故事配置] 检查存档摘要
data.js:48 [自动保存] 23:44:35 - 巨龙-纯爱
data.js:48 [自动保存] 23:45:05 - 巨龙-纯爱
data.js:48 [自动保存] 23:45:36 - 巨龙-纯爱
data.js:48 [自动保存] 23:46:06 - 巨龙-纯爱
data.js:48 [自动保存] 23:46:38 - 巨龙-纯爱
data.js:48 [自动保存] 23:47:05 - 巨龙-纯爱
