plugin.js:15 Plugin registered: inventory
plugin.js:15 Plugin registered: shop
plugin.js:15 Plugin registered: prompt-manager
plugin.js:15 Plugin registered: chat-plugin
plugin.js:15 Plugin registered: time-plugin
plugin.js:15 Plugin registered: achievement
plugin.js:15 Plugin registered: adult-tags
plugin.js:15 Plugin registered: simple-story
plugin.js:15 Plugin registered: character-editor
app.js:53 所有模块加载完成
index.js:6 Inventory plugin loaded
index.js:6 Shop plugin loaded
index.js:182 [提示词管理] 插件已加载
index.js:211 [提示词管理] 模板加载完成
index.js:7 Chat plugin loaded
index.js:1264 Time plugin loaded
index.js:6 Achievement plugin loaded
index.js:6 Adult-tags plugin loaded
index.js:83 Simple-story plugin loaded
index.js:7 Character editor plugin loaded
plugin.js:64 All plugins initialized
app.js:62 应用初始化完成
story.js:633 [性欲] 新故事开始，所有角色的性欲已重置为0
story.js:637 [性欲] 新故事开始，冷却列表已清空
index.js:778 [成人标签] 场景未匹配到任何关键词
story.js:1455 [成人标签] 开头故事未触发关键词，跳过成人内容
ai.js:170 ========== [AI] 输入 ==========
ai.js:174 用户: 【世界背景】
巨龙-纯爱

【角色设定】
角色：陈风、艾露西亚
[{"id":"mmrrvhy199p80gd24g7.","name":"陈风","role":"主角","gender":"男","age":25,"profile":{"race":"人类（穿越者）","occupation":"新手冒险者/前米其林厨师","height":"178cm","appearance":"面容清秀温和像邻家大哥哥，剑眉下的桃花眼总是带着懒散的笑意，黑发略长略显凌乱带着几根呆毛看起来就是普通青年的样子，嘴角常带温和的笑容让人如沐春风，肌肤是现代人的白净看起来就是温室里的花朵完全不像冒险者，整个人看起来人畜无害就是普通的宅男穿越到异世界，但做起饭来瞬间像变了个人双眼发光整个人都在发光，阴茎粗长约16cm颜色是干净的肉粉色透着他现代人的干净清爽，龟头圆润如他做的料理般精致可爱，睾丸如两颗小笼包大小适中不会太重，射精量充足如他的厨艺般恰到好处不会太多也不会太少刚刚好，体毛适中四肢干净看起来清爽纯洁像刚出社会的年轻人是标准的小鲜肉类型","personality":"温和懒散、有点逗比、遇事第一反
ai.js:175 ===============================
ai.js:204 ========== [AI] 输出 ==========
ai.js:205 清晨的阳光透过树梢洒在营地，陈风正蹲在篝火前煎蛋。艾露西亚打着哈欠从帐篷里钻出来，银发睡得有些凌乱，几缕发丝贴在脸颊。她伸懒腰时，那件略显宽松的睡裙肩带滑落了一边，露出圆润的肩头和一小片雪白的肌肤。陈风抬头时恰好看见，煎蛋的铲子顿了顿。

“早饭马上好。”他移开视线，假装专注地盯着平底锅。

艾露西亚迷迷糊糊地“嗯”了一声，走到他身边蹲下看火候。睡裙的领口随着她前倾的动作微微敞开，晨光在那片阴影边缘镀上柔和的金边。她完全没注意到，只是盯着滋滋作响的煎蛋，紫罗兰色的眼睛里映着跃动的火光。
ai.js:206 ==============================
story.js:224 [时间] 开场白未指定时间变化，时间保持不变
ai.js:170 ========== [AI] 输入 ==========
ai.js:174 用户: 请用约100字总结以下场景：

清晨的阳光透过树梢洒在营地，陈风正蹲在篝火前煎蛋。艾露西亚打着哈欠从帐篷里钻出来，银发睡得有些凌乱，几缕发丝贴在脸颊。她伸懒腰时，那件略显宽松的睡裙肩带滑落了一边，露出圆润的肩头和一小片雪白的肌肤。陈风抬头时恰好看见，煎蛋的铲子顿了顿。

“早饭马上好。”他移开视线，假装专注地盯着平底锅。

艾露西亚迷迷糊糊地“嗯”了一声，走到他身边蹲下看火候。睡裙的领口随着她前倾的动作微微敞开，晨光在那片阴影边缘镀上柔和的金边。她完全没注意到，只是盯着滋滋作响的煎蛋，紫罗兰色的眼睛里映着跃动的火光。
ai.js:175 ===============================
ai.js:204 ========== [AI] 输出 ==========
ai.js:205 晨光营地中，陈风正专注煎蛋。艾露西亚睡眼惺忪地走出帐篷，银发微乱，睡裙肩带滑落也浑然不觉。她凑近看火候时，领口微敞，晨光在肌肤上勾勒出柔和光晕。陈风匆匆移开视线，耳根微热，只将注意力投向滋滋作响的平底锅。清晨的静谧里，跃动的不止是篝火，
ai.js:206 ==============================
ai.js:170 ========== [AI] 输入 ==========
ai.js:174 用户: 请根据以下故事内容和上下文生成4个选项。

【上下文】


【当前故事内容】
清晨的阳光透过树梢洒在营地，陈风正蹲在篝火前煎蛋。艾露西亚打着哈欠从帐篷里钻出来，银发睡得有些凌乱，几缕发丝贴在脸颊。她伸懒腰时，那件略显宽松的睡裙肩带滑落了一边，露出圆润的肩头和一小片雪白的肌肤。陈风抬头时恰好看见，煎蛋的铲子顿了顿。

“早饭马上好。”他移开视线，假装专注地盯着平底锅。

艾露西亚迷迷糊糊地“嗯”了一声，走到他身边蹲下看火候。睡裙的领口随着她前倾的动作微微敞开，晨光在那片阴影边缘镀上柔和的金边。她完全没注意到，只是盯着滋滋作响的煎蛋，紫罗兰色的眼睛里映着跃动的火光。

角色：陈风、艾露西亚

【重要提示】
- 仔细分析当前故事内容的场景状态
- 如果角色已经离开、故事已结束、或场景发生变化，选项应该反映这种变化
- 选项要符合当前故事的逻辑发展，不要硬凑互动
- 选项1-2应该是日常/平和的行为
- 选项3-4可以逐渐增加亲密程度，但不要突兀

【选项要求】
- 选项1（日常）：继续做自己的事、思考、离开、休息等
- 选项2（日常）：轻微的动作、环境观察、轻度互动等
- 选项3（色色）：调
ai.js:175 ===============================
ai.js:204 ========== [AI] 输出 ==========
ai.js:205 选项1（日常）：继续煎蛋并询问艾露西亚想喝什么饮料。
选项2（日常）：提醒艾露西亚她的肩带滑落了，并递给她一件外套。
选项3（色色）：伸手轻轻将艾露西亚滑落的肩带拉回原位，指尖不经意掠过她的肩膀。
选项4（淫荡）：放下铲子，将艾露西亚拉近，在她耳边低语说她这样无意识的诱惑让人难以专心。
ai.js:206 ==============================
ai.js:170 ========== [AI] 输入 ==========
ai.js:174 用户: 请分析以下故事内容对角色属性的影响。

【角色列表】
陈风、艾露西亚

【角色当前属性】
陈风: 性欲:0, sexArousal:0, sexExcitement:0
艾露西亚: 性欲:0, sexArousal:0, sexExcitement:0, 亲密:2

【故事内容】
清晨的阳光透过树梢洒在营地，陈风正蹲在篝火前煎蛋。艾露西亚打着哈欠从帐篷里钻出来，银发睡得有些凌乱，几缕发丝贴在脸颊。她伸懒腰时，那件略显宽松的睡裙肩带滑落了一边，露出圆润的肩头和一小片雪白的肌肤。陈风抬头时恰好看见，煎蛋的铲子顿了顿。

“早饭马上好。”他移开视线，假装专注地盯着平底锅。

艾露西亚迷迷糊糊地“嗯”了一声，走到他身边蹲下看火候。睡裙的领口随着她前倾的动作微微敞开，晨光在那片阴影边缘镀上柔和的金边。她完全没注意到，只是盯着滋滋作响的煎蛋，紫罗兰色的眼睛里映着跃动的火光。

请分析故事内容中每个角色的情绪反应和互动结果，输出属性变化。

【可用属性】（仅使用以下5个属性，使用中文名称）：
- 性欲：看到性感场面或亲密互动时的兴奋程度
- 亲密：对角色的好感度和亲密程度
- 经验：性经验或人际经验
ai.js:175 ===============================
ai.js:204 ========== [AI] 输出 ==========
ai.js:205 陈风: 性欲+1
艾露西亚: 亲密+1
ai.js:206 ==============================
index.js:40 [角色属性] AI分析结果: 陈风: 性欲+1
艾露西亚: 亲密+1
index.js:121 [角色属性] 陈风.arousal +1 = 1
index.js:121 [角色属性] 艾露西亚.intimacy +1 = 3
index.js:125 [角色属性] 共更新 2 个属性
