data.js:48 [自动保存] 13:34:24 - 七元素-纯爱
story.js:616 [兴奋值] 新故事开始，角色 林逸 的 arousal/sexArousal/sexExcitement 已重置为0
story.js:620 [兴奋值] 新故事开始，兴奋值重置为0，冷却列表已清空
index.js:764 [成人标签] 场景未匹配到任何关键词
story.js:1359 [成人标签] 开头故事未触发关键词，跳过成人内容
ai.js:146 [AI] 使用缓存响应
story.js:217 [时间] 开场白未指定时间变化，时间保持不变
ai.js:146 [AI] 使用缓存响应
ai.js:170 ========== [AI] 输入 ==========
ai.js:172 系统: 你是一个故事生成AI。请用故事的方式呈现内容。只输出故事正文内容，不要包含任何选项、后续发展、剧情走向、选择提示等信息。...
ai.js:174 用户: 请根据以下故事内容生成4个选项。

故事内容：
清晨的阳光透过百叶窗，在地板上切出细长的光条。林晚蹲在书架前找书，浅灰色的家居裤随着动作微微绷紧，勾勒出臀部的弧线。她伸手去够最上层的那本，棉质T恤下摆顺势向上滑了一截，露出一小段后腰的皮肤。

“找到了。”她轻声说着站起身，把书抱在胸前。转身时，衣领不经意歪向一侧，锁骨在晨光里投下浅浅的阴影。她赤脚走向厨房，脚踝在木地板上留下轻微的声响，小腿的线条...
ai.js:175 ===============================
ai.js:204 ========== [AI] 输出 ==========
ai.js:205 "选项一"："林逸站在厨房门口，手里拿着刚买回来的早餐，目光温柔地注视着林晚"
"选项二"："菲娅从客厅沙发醒来，揉着眼睛走进厨房，被咖啡香气吸引"
"选项三"："炽羽突然从阳台推门而入，晨练后的汗水在阳光下闪闪发亮"
"选项四"："澜心轻轻敲响公寓的门，手里提着两杯刚买的拿铁"
ai.js:206 ==============================
story.js:1260 [故事生成器] 提取物品
story.js:1265 [故事生成器] 更新角色关系
data.js:48 [自动保存] 13:34:54 - 七元素-纯爱
