plugin.js:15 Plugin registered: inventory
plugin.js:15 Plugin registered: shop
plugin.js:15 Plugin registered: prompt-manager
plugin.js:15 Plugin registered: chat-plugin
plugin.js:15 Plugin registered: time-plugin
plugin.js:15 Plugin registered: achievement
plugin.js:15 Plugin registered: adult-tags
plugin.js:15 Plugin registered: simple-story
plugin.js:15 Plugin registered: character-editor
app.js:53 所有模块加载完成
index.js:6 Inventory plugin loaded
index.js:6 Shop plugin loaded
index.js:158 [提示词管理] 插件已加载
index.js:187 [提示词管理] 模板加载完成
index.js:7 Chat plugin loaded
index.js:1264 Time plugin loaded
index.js:6 Achievement plugin loaded
index.js:6 Adult-tags plugin loaded
index.js:83 Simple-story plugin loaded
index.js:7 Character editor plugin loaded
plugin.js:64 All plugins initialized
app.js:62 应用初始化完成
story.js:629 [兴奋值] 新故事开始，角色 陈洛 的 arousal/sexArousal/sexExcitement 已重置为0
story.js:633 [兴奋值] 新故事开始，兴奋值重置为0，冷却列表已清空
index.js:755 [成人标签] 场景未匹配到任何关键词
story.js:1450 [成人标签] 开头故事未触发关键词，跳过成人内容
ai.js:170 ========== [AI] 输入 ==========
ai.js:174 用户: 【世界背景】
人妻太太-后宫

【角色设定】
角色：陈洛、苏晚晴、林诗雅
[{"id":"mmrdxm12sa46ld2m8a.b","name":"陈洛","role":"男主/人夫","gender":"男","age":28,"profile":{"race":"人类","occupation":"公司职员/人夫","height":"180cm","appearance":"剑眉如成熟的男性般稳重，眸若深潭带着经历沧桑后的沉稳，面容成熟立体带着岁月沉淀的魅力，黑发短促利落梳成成熟的发型看起来就是典型的人夫形象，肌肤是成熟男性的古铜色带着长期锻炼的光泽看起来就是完美的丈夫人选，阴茎粗长约18cm颜色是成熟的深粉色，龟头圆润如成熟的果实散发诱人的气息，睾丸如两颗饱满的石榴大小适中，射精量充沛如成熟的男性般精力旺盛每次都能让妻子满足，颜色浓白如新鲜奶酪，体毛浓密胸毛明显手臂毛发旺盛整个人看起来就是安全感十足的完美人夫是所有女人理想的结婚对象","personality":"成熟稳重、温柔体贴、顾家爱妻、性格温和、善于照顾人、有了妻子后变得非常顾家、愿意为妻子付出一切","hobby"
ai.js:175 ===============================
ai.js:204 ========== [AI] 输出 ==========
ai.js:205 清晨的阳光透过百叶窗，陈洛正在厨房准备早餐。苏晚晴穿着宽松的丝质睡裙来借酱油，弯腰从橱柜下层翻找时，裙摆不经意滑到大腿中段，晨光勾勒出臀部饱满的弧线，丝质布料在腰际微微绷紧，隐约透出内裤边缘的淡色蕾丝痕迹。

“找到了。”她直起身，睡裙领口随着动作敞开一瞬，锁骨下那片雪白肌肤在晨光里泛着细腻光泽，又迅速被垂落的长发半掩住。她接过酱油瓶时指尖轻轻擦过陈洛手背，留下一点温热的触感，转身离开时丝绸贴着腰臀流动，像水波拂过熟透的蜜桃轮廓。

门轻轻合上，厨房里只剩煎蛋的滋滋声。陈洛继续翻动锅铲，空气里还留着那阵淡淡的沐浴露香气，混合着一点说不清的、成熟女性晨起时特有的温热体息。
ai.js:206 ==============================
story.js:224 [时间] 开场白未指定时间变化，时间保持不变
ai.js:170 ========== [AI] 输入 ==========
ai.js:174 用户: 请用约100字总结以下场景：

清晨的阳光透过百叶窗，陈洛正在厨房准备早餐。苏晚晴穿着宽松的丝质睡裙来借酱油，弯腰从橱柜下层翻找时，裙摆不经意滑到大腿中段，晨光勾勒出臀部饱满的弧线，丝质布料在腰际微微绷紧，隐约透出内裤边缘的淡色蕾丝痕迹。

“找到了。”她直起身，睡裙领口随着动作敞开一瞬，锁骨下那片雪白肌肤在晨光里泛着细腻光泽，又迅速被垂落的长发半掩住。她接过酱油瓶时指尖轻轻擦过陈洛手背，留下一点温热的触感，转身离开时丝绸贴着腰臀流动，像水波拂过熟透的蜜桃轮廓。

门轻轻合上，厨房里只剩煎蛋的滋滋声。陈洛继续翻动锅铲，空气里还留着那阵淡淡的沐浴露香气，混合着一点说不清的、成熟女性晨起时特有的温热体息。
ai.js:175 ===============================
ai.js:204 ========== [AI] 输出 ==========
ai.js:205 晨光中的厨房，苏晚晴借酱油的短暂造访。弯腰时丝裙勾勒曲线，起身时长发半掩微敞的领口，指尖轻触留下温热。她离去后，空气里残留着沐浴露香与若有若无的体息，陈洛在煎蛋的滋滋声中继续着未完的早餐。
ai.js:206 ==============================
ai.js:170 ========== [AI] 输入 ==========
ai.js:174 用户: 请根据以下故事内容生成4个选项。

【上下文信息】


【当前故事内容】
清晨的阳光透过百叶窗，陈洛正在厨房准备早餐。苏晚晴穿着宽松的丝质睡裙来借酱油，弯腰从橱柜下层翻找时，裙摆不经意滑到大腿中段，晨光勾勒出臀部饱满的弧线，丝质布料在腰际微微绷紧，隐约透出内裤边缘的淡色蕾丝痕迹。

“找到了。”她直起身，睡裙领口随着动作敞开一瞬，锁骨下那片雪白肌肤在晨光里泛着细腻光泽，又迅速被垂落的长发半掩住。她接过酱油瓶时指尖轻轻擦过陈洛手背，留下一点温热的触感，转身离开时丝绸贴着腰臀流动，像水波拂过熟透的蜜桃轮廓。

门轻轻合上，厨房里只剩煎蛋的滋滋声。陈洛继续翻动锅铲，空气里还留着那阵淡淡的沐浴露香气，混合着一点说不清的、成熟女性晨起时特有的温热体息。

角色：陈洛、苏晚晴、林诗雅

【选项要求】
- 选项1（日常）：继续做自己的事、礼貌回应、和对方聊天等日常行为
- 选项2（日常）：轻微的身体接触、适当的距离保持、轻声交流等轻度互动
- 选项3（色色）：进一步靠近、抚摸头发或手臂、轻声暗示、亲吻脸颊等
- 选项4（淫荡）：直接的身体接触、性暗示、脱衣勾引、提出性请求等

【输出格式】每行一个选
ai.js:175 ===============================
ai.js:204 ========== [AI] 输出 ==========
ai.js:205 选项1（日常）：继续煎蛋，等她离开后轻轻摇头笑了笑，转身将早餐装盘。
选项2（日常）：在她转身时轻声提醒：“小心地滑。”并顺手将厨房纸巾盒往她那边推近一些。
选项3（色色）：伸手轻触她垂落的长发尾端，低声说：“你头发上有片小羽毛。”借机靠近她耳畔。
选项4（淫荡）：从身后贴近她，手掌顺着丝绸睡裙的腰线滑下，在她耳边低语：“你好像忘了穿内衣。”
ai.js:206 ==============================
ai.js:170 ========== [AI] 输入 ==========
ai.js:174 用户: 请分析以下故事内容对角色属性的影响。

角色列表：陈洛、苏晚晴、林诗雅、王思雨
角色当前属性：陈洛: arousal:0, sexArousal:0, sexExcitement:0
苏晚晴: 
林诗雅: 
王思雨: 
故事内容：清晨的阳光透过百叶窗，陈洛正在厨房准备早餐。苏晚晴穿着宽松的丝质睡裙来借酱油，弯腰从橱柜下层翻找时，裙摆不经意滑到大腿中段，晨光勾勒出臀部饱满的弧线，丝质布料在腰际微微绷紧，隐约透出内裤边缘的淡色蕾丝痕迹。

“找到了。”她直起身，睡裙领口随着动作敞开一瞬，锁骨下那片雪白肌肤在晨光里泛着细腻光泽，又迅速被垂落的长发半掩住。她接过酱油瓶时指尖轻轻擦过陈洛手背，留下一点温热的触感，转身离开时丝绸贴着腰臀流动，像水波拂过熟透的蜜桃轮廓。

门轻轻合上，厨房里只剩煎蛋的滋滋声。陈洛继续翻动锅铲，空气里还留着那阵淡淡的沐浴露香气，混合着一点说不清的、成熟女性晨起时特有的温热体息。

【基础属性】
- health (生命 0-200)
- charm (魅力 0-200)
- intelligence (智力 0-200)
- strength (力量 0-200)
-
ai.js:175 ===============================
ai.js:204 ========== [AI] 输出 ==========
ai.js:205 陈洛: arousal+8  
陈洛: sexArousal+6  
苏晚晴: intimacy+3  
苏晚晴: charm+2  
陈洛: intimacy+4
ai.js:206 ==============================
index.js:59 [角色属性] AI分析结果: 陈洛: arousal+8  
陈洛: sexArousal+6  
苏晚晴: intimacy+3  
苏晚晴: charm+2  
陈洛: intimacy+4
index.js:138 [角色属性] 陈洛.arousal +8 = 8
index.js:138 [角色属性] 陈洛.sexArousal +6 = 6
index.js:138 [角色属性] 苏晚晴.intimacy +3 = 3
index.js:142 [角色属性] 共更新 3 个属性
ai.js:170 ========== [AI] 输入 ==========
ai.js:174 用户: 请从以下故事内容中提取出现的物品：

清晨的阳光透过百叶窗，陈洛正在厨房准备早餐。苏晚晴穿着宽松的丝质睡裙来借酱油，弯腰从橱柜下层翻找时，裙摆不经意滑到大腿中段，晨光勾勒出臀部饱满的弧线，丝质布料在腰际微微绷紧，隐约透出内裤边缘的淡色蕾丝痕迹。

“找到了。”她直起身，睡裙领口随着动作敞开一瞬，锁骨下那片雪白肌肤在晨光里泛着细腻光泽，又迅速被垂落的长发半掩住。她接过酱油瓶时指尖轻轻擦过陈洛手背，留下一点温热的触感，转身离开时丝绸贴着腰臀流动，像水波拂过熟透的蜜桃轮廓。

门轻轻合上，厨房里只剩煎蛋的滋滋声。陈洛继续翻动锅铲，空气里还留着那阵淡淡的沐浴露香气，混合着一点说不清的、成熟女性晨起时特有的温热体息。

请列出所有物品名称。
ai.js:175 ===============================
data.js:48 [自动保存] 15:36:03 - 人妻太太-后宫
ai.js:204 ========== [AI] 输出 ==========
ai.js:205 根据故事内容提取的物品名称如下：

1. 百叶窗  
2. 厨房  
3. 早餐  
4. 丝质睡裙  
5. 酱油  
6. 橱柜  
7. 内裤（淡色蕾丝）  
8. 酱油瓶  
9. 煎蛋  
10. 锅铲  
11. 沐浴露  

注：  
- 物品以具体名称为主，场景类（如“厨房”）因其
ai.js:206 ==============================
story.js:1306 [物品提取] AI分析结果: 根据故事内容提取的物品名称如下：

1. 百叶窗  
2. 厨房  
3. 早餐  
4. 丝质睡裙  
5. 酱油  
6. 橱柜  
7. 内裤（淡色蕾丝）  
8. 酱油瓶  
9. 煎蛋  
10. 锅铲  
11. 沐浴露  

注：  
- 物品以具体名称为主，场景类（如“厨房”）因其
story.js:1348 [物品提取] 跳过非素材库物品: 根据故事内容提取的物品名称如下：
story.js:1348 [物品提取] 跳过非素材库物品: 1. 百叶窗
story.js:1348 [物品提取] 跳过非素材库物品: 2. 厨房
story.js:1348 [物品提取] 跳过非素材库物品: 3. 早餐
story.js:1348 [物品提取] 跳过非素材库物品: 4. 丝质睡裙
story.js:1348 [物品提取] 跳过非素材库物品: 5. 酱油
story.js:1348 [物品提取] 跳过非素材库物品: 6. 橱柜
story.js:1348 [物品提取] 跳过非素材库物品: 7. 内裤（淡色蕾丝）
story.js:1348 [物品提取] 跳过非素材库物品: 8. 酱油瓶
story.js:1348 [物品提取] 跳过非素材库物品: 9. 煎蛋
story.js:1348 [物品提取] 跳过非素材库物品: 10. 锅铲
story.js:1348 [物品提取] 跳过非素材库物品: 11. 沐浴露
story.js:1348 [物品提取] 跳过非素材库物品: 注：
story.js:1348 [物品提取] 跳过非素材库物品: - 物品以具体名称为主
story.js:1348 [物品提取] 跳过非素材库物品: 场景类（如“厨房”）因其
story.js:1351 [物品提取] 完成，共添加 0 个物品
story.js:1356 [故事生成器] 更新角色关系
data.js:48 [自动保存] 15:36:33 - 人妻太太-后宫
index.js:710 [成人标签] 提取的关键词: (30) ['陈洛', '厨房', '丝质', '睡裙', '酱油', '晨光', '轻轻', '一点', '温热', '清晨', '晨的', '的阳', '阳光', '光透', '透过', '过百', '百叶', '叶窗', '窗陈', '洛正', '在厨', '房准', '准备', '备早', '早餐', '餐苏', '苏晚', '晚晴', '晴穿', '穿着']
index.js:718 [成人标签] 阶段:1, 尺度:中, 标签数:1600
index.js:734 [成人标签] 匹配到标签: 把精液当成美味营养品，每天早上去厨房煎两个鸡蛋然后把男友昨晚射在杯子里的精液倒进去搅拌均匀吃掉当早餐 触发条件: (5) ['精液', '早餐', '厨房', '煎蛋', '吃掉']
index.js:789 [成人标签] 属性不足（阶段1需要：兴奋值≥10, 亲密度≥0, 经验值≥0, 意愿度≥0），当前：兴奋值8, 亲密度0, 经验值0, 意愿度0
story.js:1469 [成人标签] 场景未匹配关键词，跳过成人内容
ai.js:170 ========== [AI] 输入 ==========
ai.js:174 用户: 【世界背景】
[世界设定]

【角色设定】
角色：陈洛、苏晚晴、林诗雅、王思雨
[角色详情]

【上下文】
清晨的阳光透过百叶窗，陈洛正在厨房准备早餐。苏晚晴穿着宽松的丝质睡裙来借酱油，弯腰从橱柜下层翻找时，裙摆不经意滑到大腿中段，晨光勾勒出臀部饱满的弧线，丝质布料在腰际微微绷紧，隐约透出内裤边缘的淡色蕾丝痕迹。

“找到了。”她直起身，睡裙领口随着动作敞开一瞬，锁骨下那片雪白肌肤在晨光里泛着细腻光泽，又迅速被垂落的长发半掩住。她接过酱油瓶时指尖轻轻擦过陈洛手背，留下一点温热的触感，转身离开时丝绸贴着腰臀流动，像水波拂过熟透的蜜桃轮廓。

门轻轻合上，厨房里只剩煎蛋的滋滋声。陈洛继续翻动锅铲，空气里还留着那阵淡淡的沐浴露香气，混合着一点说不清的、成熟女性晨起时特有的温热体息。

[剧情指令]

【核心风格：闷骚日常】
表面是日常情节，但在不经意间透出那么一点色气——像日常剧中突然闪过一个让人心跳加速的画面。
读者第一遍看：哦，日常情节
读者回味：卧糟刚才那个画面……

【闷骚写法要点】
1. 动作必须是日常的（起床、吃饭，出门、坐下、弯腰、转身等）
2. 但描写的重点放在"不小心展现出
ai.js:175 ===============================
data.js:48 [自动保存] 15:37:04 - 人妻太太-后宫
ai.js:204 ========== [AI] 输出 ==========
ai.js:205 陈洛将煎蛋盛入盘中时，苏晚晴又折返回来。“忘了说谢谢。”她倚在门框边，晨光恰好斜照在她侧身。说话时她无意识地抬手将长发拢到耳后，丝质袖口顺着小臂滑落，露出一截光滑的手腕和微微绷紧的上臂线条。那件睡裙在侧光下变得有些通透，腰侧收拢的褶皱随着呼吸轻轻起伏，隐约映出肋骨的浅浅阴影。

她说完便转身离开，裙摆随着步伐在腿间形成柔和的涡旋，小腿后侧的肌肉线条在晨光中清晰了一瞬。厨房门再次合拢，空气里那阵暖香还未散尽。陈洛低头看着煎蛋边缘完美的焦黄色，锅铲在掌心转了半圈。窗外的鸟鸣清脆，又是一个再普通不过的清晨。
ai.js:206 ==============================
story.js:516 [时间] AI未指定时间变化，时间保持不变
ai.js:170 ========== [AI] 输入 ==========
ai.js:174 用户: 请用约100字总结以下场景：

陈洛将煎蛋盛入盘中时，苏晚晴又折返回来。“忘了说谢谢。”她倚在门框边，晨光恰好斜照在她侧身。说话时她无意识地抬手将长发拢到耳后，丝质袖口顺着小臂滑落，露出一截光滑的手腕和微微绷紧的上臂线条。那件睡裙在侧光下变得有些通透，腰侧收拢的褶皱随着呼吸轻轻起伏，隐约映出肋骨的浅浅阴影。

她说完便转身离开，裙摆随着步伐在腿间形成柔和的涡旋，小腿后侧的肌肉线条在晨光中清晰了一瞬。厨房门再次合拢，空气里那阵暖香还未散尽。陈洛低头看着煎蛋边缘完美的焦黄色，锅铲在掌心转了半圈。窗外的鸟鸣清脆，又是一个再普通不过的清晨。
ai.js:175 ===============================
ai.js:204 ========== [AI] 输出 ==========
ai.js:205 晨光中，苏晚晴折返道谢，倚门拢发时睡裙透光、身形微现。她转身离去，裙摆轻旋，余香未散。陈洛凝视盘中完美的煎蛋，窗外鸟鸣清脆——这看似寻常的清晨，因刹那的光影与气息，悄然镀上了一层微妙的温度。
ai.js:206 ==============================
ai.js:170 ========== [AI] 输入 ==========
ai.js:174 用户: 请根据以下故事内容生成4个选项。

【上下文信息】


【当前故事内容】
陈洛将煎蛋盛入盘中时，苏晚晴又折返回来。“忘了说谢谢。”她倚在门框边，晨光恰好斜照在她侧身。说话时她无意识地抬手将长发拢到耳后，丝质袖口顺着小臂滑落，露出一截光滑的手腕和微微绷紧的上臂线条。那件睡裙在侧光下变得有些通透，腰侧收拢的褶皱随着呼吸轻轻起伏，隐约映出肋骨的浅浅阴影。

她说完便转身离开，裙摆随着步伐在腿间形成柔和的涡旋，小腿后侧的肌肉线条在晨光中清晰了一瞬。厨房门再次合拢，空气里那阵暖香还未散尽。陈洛低头看着煎蛋边缘完美的焦黄色，锅铲在掌心转了半圈。窗外的鸟鸣清脆，又是一个再普通不过的清晨。

角色：陈洛、苏晚晴、林诗雅

【选项要求】
- 选项1（日常）：继续做自己的事、礼貌回应、和对方聊天等日常行为
- 选项2（日常）：轻微的身体接触、适当的距离保持、轻声交流等轻度互动
- 选项3（色色）：进一步靠近、抚摸头发或手臂、轻声暗示、亲吻脸颊等
- 选项4（淫荡）：直接的身体接触、性暗示、脱衣勾引、提出性请求等

【输出格式】每行一个选项：
选项1（日常）：xxx
选项2（日常）：xxx
选项3（色色）：
ai.js:175 ===============================
ai.js:204 ========== [AI] 输出 ==========
ai.js:205 选项1（日常）：将煎蛋端到餐桌，自然地回应“不客气”，然后继续准备早餐。
选项2（日常）：在她转身时轻声说“小心台阶”，并目送她离开，保持礼貌而温和的距离。
选项3（色色）：在她拢头发时，伸手轻轻帮她整理一缕散落的发丝，指尖若有若无地触碰她的耳廓。
选项4（淫荡）：从身后贴近，手臂环过她的腰际，低头在她耳边低语“你这样子，让我不想放你走了”。
ai.js:206 ==============================
ai.js:170 ========== [AI] 输入 ==========
ai.js:174 用户: 请分析以下故事内容对角色属性的影响。

角色列表：陈洛、苏晚晴、林诗雅、王思雨
角色当前属性：陈洛: arousal:8, sexArousal:6, sexExcitement:0
苏晚晴: intimacy:3
林诗雅: 
王思雨: 
故事内容：陈洛将煎蛋盛入盘中时，苏晚晴又折返回来。“忘了说谢谢。”她倚在门框边，晨光恰好斜照在她侧身。说话时她无意识地抬手将长发拢到耳后，丝质袖口顺着小臂滑落，露出一截光滑的手腕和微微绷紧的上臂线条。那件睡裙在侧光下变得有些通透，腰侧收拢的褶皱随着呼吸轻轻起伏，隐约映出肋骨的浅浅阴影。

她说完便转身离开，裙摆随着步伐在腿间形成柔和的涡旋，小腿后侧的肌肉线条在晨光中清晰了一瞬。厨房门再次合拢，空气里那阵暖香还未散尽。陈洛低头看着煎蛋边缘完美的焦黄色，锅铲在掌心转了半圈。窗外的鸟鸣清脆，又是一个再普通不过的清晨。

【基础属性】
- health (生命 0-200)
- charm (魅力 0-200)
- intelligence (智力 0-200)
- strength (力量 0-200)
- agility (敏捷 0-200)
- sta
ai.js:175 ===============================
ai.js:204 ========== [AI] 输出 ==========
ai.js:205 陈洛: arousal+2  
陈洛: sexArousal+1  
苏晚晴: intimacy+1
ai.js:206 ==============================
index.js:59 [角色属性] AI分析结果: 陈洛: arousal+2  
陈洛: sexArousal+1  
苏晚晴: intimacy+1
index.js:138 [角色属性] 陈洛.arousal +2 = 10
index.js:138 [角色属性] 陈洛.sexArousal +1 = 7
index.js:138 [角色属性] 苏晚晴.intimacy +1 = 4
index.js:142 [角色属性] 共更新 3 个属性
ai.js:170 ========== [AI] 输入 ==========
ai.js:174 用户: 请从以下故事内容中提取出现的物品：

陈洛将煎蛋盛入盘中时，苏晚晴又折返回来。“忘了说谢谢。”她倚在门框边，晨光恰好斜照在她侧身。说话时她无意识地抬手将长发拢到耳后，丝质袖口顺着小臂滑落，露出一截光滑的手腕和微微绷紧的上臂线条。那件睡裙在侧光下变得有些通透，腰侧收拢的褶皱随着呼吸轻轻起伏，隐约映出肋骨的浅浅阴影。

她说完便转身离开，裙摆随着步伐在腿间形成柔和的涡旋，小腿后侧的肌肉线条在晨光中清晰了一瞬。厨房门再次合拢，空气里那阵暖香还未散尽。陈洛低头看着煎蛋边缘完美的焦黄色，锅铲在掌心转了半圈。窗外的鸟鸣清脆，又是一个再普通不过的清晨。

请列出所有物品名称。
ai.js:175 ===============================
ai.js:204 ========== [AI] 输出 ==========
ai.js:205 根据故事内容提取出的物品名称如下：

1. 煎蛋  
2. 盘  
3. 门框  
4. 丝质袖口（袖口）  
5. 睡裙  
6. 裙摆  
7. 厨房门  
8. 锅铲  
9. 窗  

（注：文中提到的“长发”“手腕”“上臂”“肋骨”“小腿”等属于人物身体部位，未列入物品；“晨光”“鸟鸣”“
ai.js:206 ==============================
story.js:1306 [物品提取] AI分析结果: 根据故事内容提取出的物品名称如下：

1. 煎蛋  
2. 盘  
3. 门框  
4. 丝质袖口（袖口）  
5. 睡裙  
6. 裙摆  
7. 厨房门  
8. 锅铲  
9. 窗  

（注：文中提到的“长发”“手腕”“上臂”“肋骨”“小腿”等属于人物身体部位，未列入物品；“晨光”“鸟鸣”“
story.js:1348 [物品提取] 跳过非素材库物品: 根据故事内容提取出的物品名称如下：
story.js:1348 [物品提取] 跳过非素材库物品: 1. 煎蛋
story.js:1348 [物品提取] 跳过非素材库物品: 2. 盘
story.js:1348 [物品提取] 跳过非素材库物品: 3. 门框
story.js:1348 [物品提取] 跳过非素材库物品: 4. 丝质袖口（袖口）
story.js:1348 [物品提取] 跳过非素材库物品: 5. 睡裙
story.js:1348 [物品提取] 跳过非素材库物品: 6. 裙摆
story.js:1348 [物品提取] 跳过非素材库物品: 7. 厨房门
story.js:1348 [物品提取] 跳过非素材库物品: 8. 锅铲
story.js:1348 [物品提取] 跳过非素材库物品: 9. 窗
story.js:1348 [物品提取] 跳过非素材库物品: 未列入物品；“晨光”“鸟鸣”“
story.js:1351 [物品提取] 完成，共添加 0 个物品
story.js:1356 [故事生成器] 更新角色关系
story.js:608 [兴奋值] 当前兴奋值: 10（由AI根据故事内容分析更新），插件兴奋值: 10
story.js:1426 [故事配置] 更新存档
story.js:1431 [故事配置] 检查存档摘要
data.js:48 [自动保存] 15:37:33 - 人妻太太-后宫
index.js:710 [成人标签] 提取的关键词: (30) ['陈洛', '煎蛋', '晨光', '线条', '随着', '洛将', '将煎', '蛋盛', '盛入', '入盘', '盘中', '中时', '时苏', '苏晚', '晚晴', '晴又', '又折', '折返', '返回', '回来', '来“', '“忘', '忘了', '了说', '说谢', '谢谢', '谢”', '”她', '她倚', '倚在']
index.js:718 [成人标签] 阶段:1, 尺度:中, 标签数:1600
index.js:734 [成人标签] 匹配到标签: 把精液当成美味营养品，每天早上去厨房煎两个鸡蛋然后把男友昨晚射在杯子里的精液倒进去搅拌均匀吃掉当早餐 触发条件: (5) ['精液', '早餐', '厨房', '煎蛋', '吃掉']
index.js:793 [成人标签] 阶段1所有属性符合要求，准备触发
data.js:48 [自动保存] 15:38:03 - 人妻太太-后宫
index.js:710 [成人标签] 提取的关键词: (30) ['陈洛', '煎蛋', '晨光', '线条', '随着', '洛将', '将煎', '蛋盛', '盛入', '入盘', '盘中', '中时', '时苏', '苏晚', '晚晴', '晴又', '又折', '折返', '返回', '回来', '来“', '“忘', '忘了', '了说', '说谢', '谢谢', '谢”', '”她', '她倚', '倚在']
index.js:718 [成人标签] 阶段:1, 尺度:中, 标签数:1600
index.js:734 [成人标签] 匹配到标签: 把精液当成美味营养品，每天早上去厨房煎两个鸡蛋然后把男友昨晚射在杯子里的精液倒进去搅拌均匀吃掉当早餐 触发条件: (5) ['精液', '早餐', '厨房', '煎蛋', '吃掉']
index.js:793 [成人标签] 阶段1所有属性符合要求，准备触发
data.js:48 [自动保存] 15:38:34 - 人妻太太-后宫
data.js:48 [自动保存] 15:39:03 - 人妻太太-后宫
