plugin.js:15 Plugin registered: inventory
plugin.js:15 Plugin registered: shop
plugin.js:15 Plugin registered: prompt-manager
plugin.js:15 Plugin registered: chat-plugin
plugin.js:15 Plugin registered: time-plugin
plugin.js:15 Plugin registered: achievement
plugin.js:15 Plugin registered: adult-tags
plugin.js:15 Plugin registered: simple-story
plugin.js:15 Plugin registered: character-editor
app.js:53 所有模块加载完成
index.js:6 Inventory plugin loaded
index.js:6 Shop plugin loaded
index.js:230 [提示词管理] 插件已加载
index.js:7 Chat plugin loaded
index.js:1264 Time plugin loaded
index.js:6 Achievement plugin loaded
index.js:6 Adult-tags plugin loaded
index.js:83 Simple-story plugin loaded
index.js:7 Character editor plugin loaded
plugin.js:64 All plugins initialized
app.js:62 应用初始化完成
story.js:617 [兴奋值] 新故事开始，角色 林逸 的 arousal/sexArousal/sexExcitement 已重置为0
story.js:621 [兴奋值] 新故事开始，兴奋值重置为0，冷却列表已清空
index.js:755 [成人标签] 场景未匹配到任何关键词
story.js:1363 [成人标签] 开头故事未触发关键词，跳过成人内容
ai.js:170 ========== [AI] 输入 ==========
ai.js:172 系统: 你是一个故事生成AI。请用故事的方式呈现内容。只输出故事正文内容，不要包含任何选项、后续发展、剧情走向、选择提示等信息。
ai.js:174 用户: 【世界背景】
七元素-纯爱

【角色设定】
角色：林逸、菲娅、炽羽
[{"id":"mmraffwx8cobszps525.","name":"林逸","role":"主角/元素共鸣者","gender":"男","age":20,"profile":{"race":"人类","occupation":"大学生/元素传承者","height":"178cm","appearance":"剑眉如远山般清雅，眸若秋水般澄澈带着一丝忧郁，面容清秀中带着书卷气看起来就是典型的文艺少年，黑发微卷略长戴着黑框眼镜整个人看起来文质彬彬像是漫画里走出来的温柔学长，肌肤是少见的冷白皮近乎透明可以看见淡淡的青色血管，整个人看起来有些脆弱易碎的感觉让人想要保护他，阴茎粗长约16cm颜色是柔和的淡粉色像他温柔的性格，龟头圆润可爱如小鹿般无害，睾丸如两颗小荔枝大小适中，射精量适中不会太多像他温柔的性子不会让人感到负担，体毛稀疏四肢干净看起来清爽纯洁像一张白纸等待被渲染","personality":"温柔内敛、忧郁敏感、善于倾听、内心柔软、喜欢独处思考、对外人温和有礼但保持距离、只有在爱的人面前才会展现真实的一
ai.js:175 ===============================
ai.js:204 ========== [AI] 输出 ==========
ai.js:205 清晨的阳光透过窗帘缝隙洒进房间，林逸刚坐起身，薄薄的睡衣领口就滑向了一侧，露出锁骨处若隐若现的青色血管。他推了推黑框眼镜，赤脚踩在地板上走向窗边。

拉开窗帘的瞬间，光元素精灵菲娅正飘浮在窗外，金色的长发在晨光中微微飘动。她微笑着穿过玻璃，纱裙的薄纱材质在穿过窗户时轻轻贴在了身上，勾勒出纤细腰肢的曲线。

“早安，林逸。”菲娅的声音温柔如光。

林逸点点头，转身时睡衣下摆轻轻扬起，露出一截白皙的腰线。他走向书桌准备晨读，却没注意到身后菲娅的目光在他身上停留了片刻——那件宽松的棉质睡裤在他坐下时，在腿根处绷出了柔软的弧度。
ai.js:206 ==============================
story.js:220 [时间] 开场白未指定时间变化，时间保持不变
ai.js:170 ========== [AI] 输入 ==========
ai.js:172 系统: 你是一个故事生成AI。请用故事的方式呈现内容。只输出故事正文内容，不要包含任何选项、后续发展、剧情走向、选择提示等信息。
ai.js:174 用户: 请用约100字总结以下场景：

清晨的阳光透过窗帘缝隙洒进房间，林逸刚坐起身，薄薄的睡衣领口就滑向了一侧，露出锁骨处若隐若现的青色血管。他推了推黑框眼镜，赤脚踩在地板上走向窗边。

拉开窗帘的瞬间，光元素精灵菲娅正飘浮在窗外，金色的长发在晨光中微微飘动。她微笑着穿过玻璃，纱裙的薄纱材质在穿过窗户时轻轻贴在了身上，勾勒出纤细腰肢的曲线。

“早安，林逸。”菲娅的声音温柔如光。

林逸点点头，转身时睡衣下摆轻轻扬起，露出一截白皙的腰线。他走向书桌准备晨读，却没注意到身后菲娅的目光在他身上停留了片刻——那件宽松的棉质睡裤在他坐下时，在腿根处绷出了柔软的弧度。
ai.js:175 ===============================
ai.js:204 ========== [AI] 输出 ==========
ai.js:205 清晨的阳光洒进房间，林逸刚坐起身，睡衣领口滑向一侧，露出锁骨的青色血管。他赤脚走向窗边，拉开窗帘，光精灵菲娅正飘浮在窗外，金色长发在晨光中飘动。她穿过玻璃，纱裙轻轻贴在身上，勾勒出纤细腰肢。“早安。”她温柔地说。林逸点点头转身，睡衣下摆扬起，露出一截白皙腰线。他走向书桌准备晨读，
ai.js:206 ==============================
ai.js:170 ========== [AI] 输入 ==========
ai.js:172 系统: 你是一个故事生成AI。请用故事的方式呈现内容。只输出故事正文内容，不要包含任何选项、后续发展、剧情走向、选择提示等信息。
ai.js:174 用户: 请根据以下故事内容生成4个选项。

【上下文信息】


【当前故事内容】
清晨的阳光透过窗帘缝隙洒进房间，林逸刚坐起身，薄薄的睡衣领口就滑向了一侧，露出锁骨处若隐若现的青色血管。他推了推黑框眼镜，赤脚踩在地板上走向窗边。

拉开窗帘的瞬间，光元素精灵菲娅正飘浮在窗外，金色的长发在晨光中微微飘动。她微笑着穿过玻璃，纱裙的薄纱材质在穿过窗户时轻轻贴在了身上，勾勒出纤细腰肢的曲线。

“早安，林逸。”菲娅的声音温柔如光。

林逸点点头，转身时睡衣下摆轻轻扬起，露出一截白皙的腰线。他走向书桌准备晨读，却没注意到身后菲娅的目光在他身上停留了片刻——那件宽松的棉质睡裤在他坐下时，在腿根处绷出了柔软的弧度。

角色：林逸、菲娅、炽羽

【选项要求】
- 选项1（日常）：继续做自己的事、礼貌回应、和对方聊天等日常行为
- 选项2（日常）：轻微的身体接触、适当的距离保持、轻声交流等轻度互动
- 选项3（色色）：进一步靠近、抚摸头发或手臂、轻声暗示、亲吻脸颊等
- 选项4（淫荡）：直接的身体接触、性暗示、脱衣勾引、提出性请求等

【输出格式】每行一个选项：
选项1（日常）：xxx
选项2（日常）：xxx

ai.js:175 ===============================
ai.js:204 ========== [AI] 输出 ==========
ai.js:205 选项1（日常）：林逸走到书桌前坐下，翻开魔法理论课本，头也不抬地说：“早，菲娅。今天要预习第三章的光元素共鸣原理。”

选项2（日常）：林逸转身时轻轻扶了下眼镜，对菲娅温和一笑：“你来得真早。要一起看看晨光吗？这个角度的光线很适合光精灵冥想。”

选项3（色色）：林逸走近窗边，伸手轻抚菲娅飘在空中的金色发梢，声音压低：“今天的晨光很美……但不如你耀眼。”

选项4（淫荡）：林逸突然将菲娅拉近，睡衣领口完全滑落肩头，在她耳边低语：“想不想看看人类早晨最真实的反应？”
ai.js:206 ==============================
story.js:1264 [故事生成器] 提取物品
story.js:1269 [故事生成器] 更新角色关系
data.js:48 [自动保存] 14:13:04 - 七元素-纯爱
data.js:48 [自动保存] 14:13:34 - 七元素-纯爱
data.js:48 [自动保存] 14:14:05 - 七元素-纯爱
data.js:48 [自动保存] 14:14:35 - 七元素-纯爱
index.js:710 [成人标签] 提取的关键词: (30) ['林逸', '菲娅', '过窗', '窗帘', '睡衣', '露出', '走向', '穿过', '轻轻', '身上', '娅的', '在他', '菲娅的', '清晨', '晨的', '的阳', '阳光', '光透', '透过', '帘缝', '缝隙', '隙洒', '洒进', '进房', '房间', '间林', '逸刚', '刚坐', '坐起', '起身']
index.js:718 [成人标签] 阶段:1, 尺度:中, 标签数:1600
index.js:734 [成人标签] 匹配到标签: 被用窗帘绑住拉在窗边看着外面做 触发条件: (3) ['窗帘', '窗边', '看着外面']
index.js:789 [成人标签] 属性不足（阶段1需要：兴奋值≥10, 亲密度≥0, 经验值≥0, 意愿度≥0），当前：兴奋值0, 亲密度0, 经验值0, 意愿度0
story.js:1382 [成人标签] 场景未匹配关键词，跳过成人内容
ai.js:170 ========== [AI] 输入 ==========
ai.js:172 系统: 你是一个故事生成AI。请用故事的方式呈现内容。只输出故事正文内容，不要包含任何选项、后续发展、剧情走向、选择提示等信息。
ai.js:174 用户: 
ai.js:175 ===============================
data.js:48 [自动保存] 14:15:04 - 七元素-纯爱
ai.js:204 ========== [AI] 输出 ==========
ai.js:205 # 故事生成AI

## 第一章：初遇

清晨的阳光透过梧桐叶的缝隙，洒在青石板路上。林晓背着画板，沿着这条老街慢慢走着。她刚从美术学院毕业，正在为毕业作品寻找灵感。

老街的尽头有一家旧书店，木质的招牌已经斑驳，上面写着“时光书屋”四个字。林晓推开门，门上的风铃发出清脆的响声。

书店里弥漫着旧纸张和油墨的味道。书架从地板延伸到天花板，上面摆满了各种旧书。一个穿着灰色毛衣的男人正站在梯子上整理书籍，听到铃声，他转过头来。

“欢迎光临。”他的声音温和。

林晓点点头，开始在书架间浏览。她的目光被一本装帧特别的书吸引——深蓝色的封面，上面用银线绣着复杂的花纹。她伸手去拿，指尖刚触到书脊，那本书却突然从书架上滑落。

一只手及时接住了它。

“小心，”书店老板不知何时已经站在她身边，“这本书很特别。”

林晓抬起头，第一次看清他的脸。他大约三十岁，戴着一副细框眼镜，眼神深邃，像是藏着许多故事。

“特别？”她好奇地问。

“这是一本没有字的书。”他翻开书页，里面果然一片空白，“但它会为每个读者写下不同的故事。”

林晓觉得这说法很浪漫，但不太相信。她付钱买下了这本书，打算用它来练习素描。...
ai.js:206 ==============================
story.js:512 [时间] AI未指定时间变化，时间保持不变
ai.js:170 ========== [AI] 输入 ==========
ai.js:172 系统: 你是一个故事生成AI。请用故事的方式呈现内容。只输出故事正文内容，不要包含任何选项、后续发展、剧情走向、选择提示等信息。
ai.js:174 用户: 请用约100字总结以下场景：

# 故事生成AI

## 第一章：初遇

清晨的阳光透过梧桐叶的缝隙，洒在青石板路上。林晓背着画板，沿着这条老街慢慢走着。她刚从美术学院毕业，正在为毕业作品寻找灵感。

老街的尽头有一家旧书店，木质的招牌已经斑驳，上面写着“时光书屋”四个字。林晓推开门，门上的风铃发出清脆的响声。

书店里弥漫着旧纸张和油墨的味道。书架从地板延伸到天花板，上面摆满了各种旧书。一个穿着灰色毛衣的男人正站在梯子上整理书籍，听到铃声，他转过头来。

“欢迎光临。”他的声音温和。

林晓点点头，开始在书架间浏览。她的目光被一本装帧特别的书吸引——深蓝色的封面，上面用银线绣着复杂的花纹。她伸手去拿，指尖刚触到书脊，那本书却突然从书架上滑落。

一只手及时接住了它。

“小心，”书店老板不知何时已经站在她身边，“这本书很特别。”

林晓抬起头，第一次看清他的脸。他大约三十岁，戴着一副细框眼镜，眼神深邃，像是藏着许多故事。

“特别？”她好奇地问。

“这是一本没有字的书。”他翻开书页，里面果然一片空白，“但它会为每个读者写下不同的故事。”

林晓觉得这说法很浪漫，但不太相信。她付钱买
ai.js:175 ===============================
ai.js:204 ========== [AI] 输出 ==========
ai.js:205 清晨的阳光洒在青石板路上，林晓背着画板走进老街尽头的“时光书屋”。书店老板是个温和的男人，他推荐了一本深蓝色的空白书，说它会为每个读者写下不同的故事。

林晓买下书回家，发现书页真的会浮现字迹：“当画家在空白之书上画下第一笔时，故事就开始了。”她震惊不已，字迹继续浮现，警告她第一个考验即将到来。

第二天，林晓带着书回到
ai.js:206 ==============================
ai.js:170 ========== [AI] 输入 ==========
ai.js:172 系统: 你是一个故事生成AI。请用故事的方式呈现内容。只输出故事正文内容，不要包含任何选项、后续发展、剧情走向、选择提示等信息。
ai.js:174 用户: 请根据以下故事内容生成4个选项。

【上下文信息】


【当前故事内容】
# 故事生成AI

## 第一章：初遇

清晨的阳光透过梧桐叶的缝隙，洒在青石板路上。林晓背着画板，沿着这条老街慢慢走着。她刚从美术学院毕业，正在为毕业作品寻找灵感。

老街的尽头有一家旧书店，木质的招牌已经斑驳，上面写着“时光书屋”四个字。林晓推开门，门上的风铃发出清脆的响声。

书店里弥漫着旧纸张和油墨的味道。书架从地板延伸到天花板，上面摆满了各种旧书。一个穿着灰色毛衣的男人正站在梯子上整理书籍，听到铃声，他转过头来。

“欢迎光临。”他的声音温和。

林晓点点头，开始在书架间浏览。她的目光被一本装帧特别的书吸引——深蓝色的封面，上面用银线绣着复杂的花纹。她伸手去拿，指尖刚触到书脊，那本书却突然从书架上滑落。

一只手及时接住了它。

“小心，”书店老板不知何时已经站在她身边，“这本书很特别。”

林晓抬起头，第一次看清他的脸。他大约三十岁，戴着一副细框眼镜，眼神深邃，像是藏着许多故事。

“特别？”她好奇地问。

“这是一本没有字的书。”他翻开书页，里面果然一片空白，“但它会为每个读者写下不同的故事。”


ai.js:175 ===============================
data.js:48 [自动保存] 14:15:34 - 七元素-纯爱
ai.js:204 ========== [AI] 输出 ==========
ai.js:205 选项1（日常）：林晓接过茶杯，礼貌地抿了一口，询问书店老板关于这本书的更多信息  
选项2（日常）：林晓轻轻将书往老板的方向推了推，身体微微前倾，压低声音询问这本书的来历  
选项3（色色）：林晓的手指不经意间划过老板的手背，眼神带着好奇与试探，轻声问这本书是否藏着更多秘密  
选项4（淫荡）：林晓突然握住老板的手，指尖暧昧地摩挲他的掌心，暗示愿意用任何方式交换书中的真相
ai.js:206 ==============================
story.js:1264 [故事生成器] 提取物品
story.js:1269 [故事生成器] 更新角色关系
story.js:599 [兴奋值] 当前兴奋值: 0（由AI根据故事内容分析更新），插件兴奋值: 0
story.js:1339 [故事配置] 更新存档
story.js:1344 [故事配置] 检查存档摘要
data.js:48 [自动保存] 14:16:04 - 七元素-纯爱
