plugin.js:15 Plugin registered: inventory
plugin.js:15 Plugin registered: shop
plugin.js:15 Plugin registered: prompt-manager
plugin.js:15 Plugin registered: chat-plugin
plugin.js:15 Plugin registered: time-plugin
plugin.js:15 Plugin registered: achievement
plugin.js:15 Plugin registered: adult-tags
plugin.js:15 Plugin registered: simple-story
plugin.js:15 Plugin registered: character-editor
app.js:53 所有模块加载完成
index.js:6 Inventory plugin loaded
index.js:6 Shop plugin loaded
index.js:158 [提示词管理] 插件已加载
index.js:187 [提示词管理] 模板加载完成
index.js:7 Chat plugin loaded
index.js:1264 Time plugin loaded
index.js:6 Achievement plugin loaded
index.js:6 Adult-tags plugin loaded
index.js:83 Simple-story plugin loaded
index.js:7 Character editor plugin loaded
plugin.js:64 All plugins initialized
app.js:62 应用初始化完成
story.js:629 [兴奋值] 新故事开始，角色 陈洛 的 arousal/sexArousal/sexExcitement 已重置为0
story.js:633 [兴奋值] 新故事开始，兴奋值重置为0，冷却列表已清空
index.js:755 [成人标签] 场景未匹配到任何关键词
story.js:1450 [成人标签] 开头故事未触发关键词，跳过成人内容
ai.js:170 ========== [AI] 输入 ==========
ai.js:174 用户: 【世界背景】
人妻太太-后宫

【角色设定】
角色：陈洛、苏晚晴、林诗雅
[{"id":"mmrdxm12sa46ld2m8a.b","name":"陈洛","role":"男主/人夫","gender":"男","age":28,"profile":{"race":"人类","occupation":"公司职员/人夫","height":"180cm","appearance":"剑眉如成熟的男性般稳重，眸若深潭带着经历沧桑后的沉稳，面容成熟立体带着岁月沉淀的魅力，黑发短促利落梳成成熟的发型看起来就是典型的人夫形象，肌肤是成熟男性的古铜色带着长期锻炼的光泽看起来就是完美的丈夫人选，阴茎粗长约18cm颜色是成熟的深粉色，龟头圆润如成熟的果实散发诱人的气息，睾丸如两颗饱满的石榴大小适中，射精量充沛如成熟的男性般精力旺盛每次都能让妻子满足，颜色浓白如新鲜奶酪，体毛浓密胸毛明显手臂毛发旺盛整个人看起来就是安全感十足的完美人夫是所有女人理想的结婚对象","personality":"成熟稳重、温柔体贴、顾家爱妻、性格温和、善于照顾人、有了妻子后变得非常顾家、愿意为妻子付出一切","hobby"
ai.js:175 ===============================
ai.js:204 ========== [AI] 输出 ==========
ai.js:205 陈洛提着垃圾袋下楼时，正巧遇见苏晚晴在信箱前弯腰取信。她今天穿了件宽松的米色针织衫，领口随着俯身的动作微微敞开，露出一截雪白的锁骨和若隐若现的淡粉色蕾丝边。她似乎没注意到自己胸前的饱满弧度正轻轻压在信箱边缘，针织衫柔软的布料被压出柔软的凹陷。

“陈先生，出门啊？”她直起身，笑着打招呼，那件针织衫随着动作滑落回原位，但腰侧却意外地掀起一小片，露出纤细腰肢上系着的丝质睡裤系带——松松垮垮的，像是刚起床还没来得及整理。

陈洛移开视线点了点头，擦肩而过时闻到她发间淡淡的洗发水香，混合着一丝说不清的、像是刚沐浴后的温热湿气。
ai.js:206 ==============================
story.js:224 [时间] 开场白未指定时间变化，时间保持不变
ai.js:170 ========== [AI] 输入 ==========
ai.js:174 用户: 请用约100字总结以下场景：

陈洛提着垃圾袋下楼时，正巧遇见苏晚晴在信箱前弯腰取信。她今天穿了件宽松的米色针织衫，领口随着俯身的动作微微敞开，露出一截雪白的锁骨和若隐若现的淡粉色蕾丝边。她似乎没注意到自己胸前的饱满弧度正轻轻压在信箱边缘，针织衫柔软的布料被压出柔软的凹陷。

“陈先生，出门啊？”她直起身，笑着打招呼，那件针织衫随着动作滑落回原位，但腰侧却意外地掀起一小片，露出纤细腰肢上系着的丝质睡裤系带——松松垮垮的，像是刚起床还没来得及整理。

陈洛移开视线点了点头，擦肩而过时闻到她发间淡淡的洗发水香，混合着一丝说不清的、像是刚沐浴后的温热湿气。
ai.js:175 ===============================
ai.js:204 ========== [AI] 输出 ==========
ai.js:205 邻里偶遇间，苏晚晴取信时宽松衣着不经意泄出居家的慵懒与肌肤的温润细节，令陈洛在简短寒暄与气息交错间捕捉到一丝微妙的私人氛围。
ai.js:206 ==============================
ai.js:170 ========== [AI] 输入 ==========
ai.js:174 用户: 请根据以下故事内容生成4个选项。

【上下文信息】


【当前故事内容】
陈洛提着垃圾袋下楼时，正巧遇见苏晚晴在信箱前弯腰取信。她今天穿了件宽松的米色针织衫，领口随着俯身的动作微微敞开，露出一截雪白的锁骨和若隐若现的淡粉色蕾丝边。她似乎没注意到自己胸前的饱满弧度正轻轻压在信箱边缘，针织衫柔软的布料被压出柔软的凹陷。

“陈先生，出门啊？”她直起身，笑着打招呼，那件针织衫随着动作滑落回原位，但腰侧却意外地掀起一小片，露出纤细腰肢上系着的丝质睡裤系带——松松垮垮的，像是刚起床还没来得及整理。

陈洛移开视线点了点头，擦肩而过时闻到她发间淡淡的洗发水香，混合着一丝说不清的、像是刚沐浴后的温热湿气。

角色：陈洛、苏晚晴、林诗雅

【选项要求】
- 选项1（日常）：继续做自己的事、礼貌回应、和对方聊天等日常行为
- 选项2（日常）：轻微的身体接触、适当的距离保持、轻声交流等轻度互动
- 选项3（色色）：进一步靠近、抚摸头发或手臂、轻声暗示、亲吻脸颊等
- 选项4（淫荡）：直接的身体接触、性暗示、脱衣勾引、提出性请求等

【输出格式】每行一个选项：
选项1（日常）：xxx
选项2（日常）：xxx
ai.js:175 ===============================
ai.js:204 ========== [AI] 输出 ==========
ai.js:205 选项1（日常）：礼貌点头回应“是啊，苏小姐取信呢”，然后继续下楼扔垃圾  
选项2（日常）：停下脚步轻声问“需要帮忙吗”，同时自然地侧身保持适当距离  
选项3（色色）：靠近一步帮她整理腰侧掀起的衣角，手指若有若无擦过肌肤  
选项4（淫荡）：突然将她抵在信箱旁，手指勾住睡裤系带低声说“你穿成这样是故意的吗”
ai.js:206 ==============================
ai.js:170 ========== [AI] 输入 ==========
ai.js:174 用户: 请分析以下故事内容对角色属性的影响。

角色列表：陈洛、苏晚晴、林诗雅、王思雨
角色当前属性：陈洛: arousal:0, sexArousal:0, sexExcitement:0
苏晚晴: 
林诗雅: 
王思雨: 
故事内容：陈洛提着垃圾袋下楼时，正巧遇见苏晚晴在信箱前弯腰取信。她今天穿了件宽松的米色针织衫，领口随着俯身的动作微微敞开，露出一截雪白的锁骨和若隐若现的淡粉色蕾丝边。她似乎没注意到自己胸前的饱满弧度正轻轻压在信箱边缘，针织衫柔软的布料被压出柔软的凹陷。

“陈先生，出门啊？”她直起身，笑着打招呼，那件针织衫随着动作滑落回原位，但腰侧却意外地掀起一小片，露出纤细腰肢上系着的丝质睡裤系带——松松垮垮的，像是刚起床还没来得及整理。

陈洛移开视线点了点头，擦肩而过时闻到她发间淡淡的洗发水香，混合着一丝说不清的、像是刚沐浴后的温热湿气。

【基础属性】
- health (生命 0-200)
- charm (魅力 0-200)
- intelligence (智力 0-200)
- strength (力量 0-200)
- agility (敏捷 0-200)
- stam
ai.js:175 ===============================
ai.js:204 ========== [AI] 输出 ==========
ai.js:205 intimacy+2
arousal+3
sexArousal+2
ai.js:206 ==============================
index.js:32 [角色属性] AI分析结果: intimacy+2
arousal+3
sexArousal+2
index.js:65 [角色属性] 陈洛.arousal +3 = 3
index.js:65 [角色属性] 陈洛.sexArousal +2 = 2
ai.js:170 ========== [AI] 输入 ==========
ai.js:174 用户: 请从以下故事内容中提取出现的物品：

陈洛提着垃圾袋下楼时，正巧遇见苏晚晴在信箱前弯腰取信。她今天穿了件宽松的米色针织衫，领口随着俯身的动作微微敞开，露出一截雪白的锁骨和若隐若现的淡粉色蕾丝边。她似乎没注意到自己胸前的饱满弧度正轻轻压在信箱边缘，针织衫柔软的布料被压出柔软的凹陷。

“陈先生，出门啊？”她直起身，笑着打招呼，那件针织衫随着动作滑落回原位，但腰侧却意外地掀起一小片，露出纤细腰肢上系着的丝质睡裤系带——松松垮垮的，像是刚起床还没来得及整理。

陈洛移开视线点了点头，擦肩而过时闻到她发间淡淡的洗发水香，混合着一丝说不清的、像是刚沐浴后的温热湿气。

请列出所有物品名称。
ai.js:175 ===============================
data.js:48 [自动保存] 15:20:46 - 人妻太太-后宫
ai.js:204 ========== [AI] 输出 ==========
ai.js:205 根据故事内容提取的物品名称如下：  

1. 垃圾袋  
2. 信箱  
3. 米色针织衫  
4. 淡粉色蕾丝边（衣物装饰/内衣边）  
5. 丝质睡裤系带  
6. 洗发水（散发香气的物品）  

（注：故事中“锁骨”“腰肢”等属于身体部位，非物品；“温热湿气”属于气息描述，亦非物品。）
ai.js:206 ==============================
story.js:1306 [物品提取] AI分析结果: 根据故事内容提取的物品名称如下：  

1. 垃圾袋  
2. 信箱  
3. 米色针织衫  
4. 淡粉色蕾丝边（衣物装饰/内衣边）  
5. 丝质睡裤系带  
6. 洗发水（散发香气的物品）  

（注：故事中“锁骨”“腰肢”等属于身体部位，非物品；“温热湿气”属于气息描述，亦非物品。）
story.js:1348 [物品提取] 跳过非素材库物品: 根据故事内容提取的物品名称如下：
story.js:1348 [物品提取] 跳过非素材库物品: 1. 垃圾袋
story.js:1348 [物品提取] 跳过非素材库物品: 2. 信箱
story.js:1348 [物品提取] 跳过非素材库物品: 3. 米色针织衫
story.js:1348 [物品提取] 跳过非素材库物品: 4. 淡粉色蕾丝边（衣物装饰/内衣边）
story.js:1348 [物品提取] 跳过非素材库物品: 5. 丝质睡裤系带
story.js:1348 [物品提取] 跳过非素材库物品: 6. 洗发水（散发香气的物品）
story.js:1348 [物品提取] 跳过非素材库物品: 非物品；“温热湿气”属于气息描述
story.js:1348 [物品提取] 跳过非素材库物品: 亦非物品。）
story.js:1351 [物品提取] 完成，共添加 0 个物品
story.js:1356 [故事生成器] 更新角色关系
data.js:48 [自动保存] 15:21:17 - 人妻太太-后宫
index.js:710 [成人标签] 提取的关键词: (30) ['针织', '织衫', '针织衫', '陈洛', '在信', '信箱', '随着', '动作', '露出', '柔软', '软的', '的像', '像是', '是刚', '在信箱', '柔软的', '的像是', '像是刚', '的像是刚', '洛提', '提着', '着垃', '垃圾', '圾袋', '袋下', '下楼', '楼时', '时正', '正巧', '巧遇']
index.js:718 [成人标签] 阶段:1, 尺度:中, 标签数:1600
index.js:734 [成人标签] 匹配到标签: 闻到精液味就全身发软，被扶到床上时阴道已经湿透等待插入 触发条件: (4) ['精液', '软', '湿透', '插入']
index.js:789 [成人标签] 属性不足（阶段1需要：兴奋值≥10, 亲密度≥0, 经验值≥0, 意愿度≥0），当前：兴奋值3, 亲密度0, 经验值0, 意愿度0
story.js:1469 [成人标签] 场景未匹配关键词，跳过成人内容
ai.js:170 ========== [AI] 输入 ==========
ai.js:174 用户: 【世界背景】
[世界设定]

【角色设定】
角色：陈洛、苏晚晴、林诗雅、王思雨
[角色详情]

[剧情指令]

【核心风格：闷骚日常】
表面是日常情节，但在不经意间透出那么一点色气——像日常剧中突然闪过一个让人心跳加速的画面。
读者第一遍看：哦，日常情节
读者回味：卧糟刚才那个画面……

【闷骚写法要点】
1. 动作必须是日常的（起床、吃饭、出门、坐下、弯腰、转身等）
2. 但描写的重点放在"不小心展现出来的身体细节"
3. 要写得自然，像是在描述一件很正常的事
4. 每一个日常动作都可以是一个闷骚的切入点

【闷骚不是套公式】
不要每次都写固定的那几种描写。根据当下的情境，选择最合适的瞬间：
- 比如角色坐着时，衣物的情况
- 比如角色趴着时，身体的线条
- 比如角色伸懒腰时，衣物的变化
- 比如角色蹲下时，裤子的状态
- 比如角色转身时，侧面的线条
- 比如角色走路时，身姿的动态

关键：让读者觉得"这很正常啊"，但又"好像有哪里不对"

请生成100-250字的故事，表面是日常情节，但自然地融入闷骚的细节描写。
ai.js:175 ===============================
ai.js:204 ========== [AI] 输出 ==========
ai.js:205 陈洛正坐在沙发上看电视，苏晚晴端着果盘从厨房走出来。她今天穿了件宽松的米色针织衫，下摆垂到大腿中部。

“吃点水果。”她说着，很自然地在他身边坐下，双腿蜷缩到沙发上。

就在她侧身去够茶几上的遥控器时，针织衫的下摆被沙发面料轻轻勾住，向上滑了几寸。陈洛的余光里，她大腿后侧那片细腻的肌肤毫无征兆地展露出来——不是刻意的暴露，只是衣料被拉扯后形成的自然空隙，在客厅暖光下泛着柔和的象牙色光泽。

苏晚晴似乎毫无察觉，拿到遥控器后就靠回沙发，衣摆重新垂落遮住一切。她专注地调着频道，针织衫领口随着动作微微敞开，锁骨下方那道浅浅的阴影若隐若现。

“看这个台吧？”她转头问，眼睛里映着电视的蓝光。

陈洛点点头，目光回到屏幕上。刚才那两秒的画面像水面的涟漪，轻轻荡开又迅速平复，只留下若有若无的悸动在空气里。
ai.js:206 ==============================
story.js:516 [时间] AI未指定时间变化，时间保持不变
ai.js:170 ========== [AI] 输入 ==========
ai.js:174 用户: 请用约100字总结以下场景：

陈洛正坐在沙发上看电视，苏晚晴端着果盘从厨房走出来。她今天穿了件宽松的米色针织衫，下摆垂到大腿中部。

“吃点水果。”她说着，很自然地在他身边坐下，双腿蜷缩到沙发上。

就在她侧身去够茶几上的遥控器时，针织衫的下摆被沙发面料轻轻勾住，向上滑了几寸。陈洛的余光里，她大腿后侧那片细腻的肌肤毫无征兆地展露出来——不是刻意的暴露，只是衣料被拉扯后形成的自然空隙，在客厅暖光下泛着柔和的象牙色光泽。

苏晚晴似乎毫无察觉，拿到遥控器后就靠回沙发，衣摆重新垂落遮住一切。她专注地调着频道，针织衫领口随着动作微微敞开，锁骨下方那道浅浅的阴影若隐若现。

“看这个台吧？”她转头问，眼睛里映着电视的蓝光。

陈洛点点头，目光回到屏幕上。刚才那两秒的画面像水面的涟漪，轻轻荡开又迅速平复，只留下若有若无的悸动在空气里。
ai.js:175 ===============================
data.js:48 [自动保存] 15:21:46 - 人妻太太-后宫
ai.js:204 ========== [AI] 输出 ==========
ai.js:205 苏晚晴依坐身旁递果盘时，衣摆意外被勾滑，大腿后侧肌肤在暖光中倏忽一现。她未察觉地调着频道，领口微敞，自然流露的细微间隙在空气里漾起隐秘涟漪，又随衣摆垂落悄然掩回日常的平静之中。
ai.js:206 ==============================
ai.js:170 ========== [AI] 输入 ==========
ai.js:174 用户: 请根据以下故事内容生成4个选项。

【上下文信息】


【当前故事内容】
陈洛正坐在沙发上看电视，苏晚晴端着果盘从厨房走出来。她今天穿了件宽松的米色针织衫，下摆垂到大腿中部。

“吃点水果。”她说着，很自然地在他身边坐下，双腿蜷缩到沙发上。

就在她侧身去够茶几上的遥控器时，针织衫的下摆被沙发面料轻轻勾住，向上滑了几寸。陈洛的余光里，她大腿后侧那片细腻的肌肤毫无征兆地展露出来——不是刻意的暴露，只是衣料被拉扯后形成的自然空隙，在客厅暖光下泛着柔和的象牙色光泽。

苏晚晴似乎毫无察觉，拿到遥控器后就靠回沙发，衣摆重新垂落遮住一切。她专注地调着频道，针织衫领口随着动作微微敞开，锁骨下方那道浅浅的阴影若隐若现。

“看这个台吧？”她转头问，眼睛里映着电视的蓝光。

陈洛点点头，目光回到屏幕上。刚才那两秒的画面像水面的涟漪，轻轻荡开又迅速平复，只留下若有若无的悸动在空气里。

角色：陈洛、苏晚晴、林诗雅

【选项要求】
- 选项1（日常）：继续做自己的事、礼貌回应、和对方聊天等日常行为
- 选项2（日常）：轻微的身体接触、适当的距离保持、轻声交流等轻度互动
- 选项3（色色）：进一步靠近、抚摸
ai.js:175 ===============================
ai.js:204 ========== [AI] 输出 ==========
ai.js:205 选项1（日常）：“好，这个节目挺有意思的。” 陈洛自然地接过苏晚晴递来的水果，将注意力放回电视节目上，并随口聊起节目内容。
选项2（日常）：陈洛伸手帮她调整了一下靠垫，让两人坐得更舒适些，同时轻声询问：“要不要把空调温度调高一点？看你穿得有点单薄。”
选项3（色色）：陈洛靠近苏晚晴，手指轻轻将她脸颊旁的一缕发丝别到耳后，目光温柔地停留在她领口若隐若现的锁骨阴影处，低声说：“你今晚…特别好看。”
选项4（淫荡）：陈洛的手直接抚上苏晚晴的大腿，指尖在她刚才暴露的肌肤附近暧昧流连，同时贴近她耳边，气息灼热地低语：“衣服好像不太听话…要不要我帮你检查一下？”
ai.js:206 ==============================
ai.js:170 ========== [AI] 输入 ==========
ai.js:174 用户: 请分析以下故事内容对角色属性的影响。

角色列表：陈洛、苏晚晴、林诗雅、王思雨
角色当前属性：陈洛: arousal:3, sexArousal:2, sexExcitement:0
苏晚晴: 
林诗雅: 
王思雨: 
故事内容：陈洛正坐在沙发上看电视，苏晚晴端着果盘从厨房走出来。她今天穿了件宽松的米色针织衫，下摆垂到大腿中部。

“吃点水果。”她说着，很自然地在他身边坐下，双腿蜷缩到沙发上。

就在她侧身去够茶几上的遥控器时，针织衫的下摆被沙发面料轻轻勾住，向上滑了几寸。陈洛的余光里，她大腿后侧那片细腻的肌肤毫无征兆地展露出来——不是刻意的暴露，只是衣料被拉扯后形成的自然空隙，在客厅暖光下泛着柔和的象牙色光泽。

苏晚晴似乎毫无察觉，拿到遥控器后就靠回沙发，衣摆重新垂落遮住一切。她专注地调着频道，针织衫领口随着动作微微敞开，锁骨下方那道浅浅的阴影若隐若现。

“看这个台吧？”她转头问，眼睛里映着电视的蓝光。

陈洛点点头，目光回到屏幕上。刚才那两秒的画面像水面的涟漪，轻轻荡开又迅速平复，只留下若有若无的悸动在空气里。

【基础属性】
- health (生命 0-200)
- cha
ai.js:175 ===============================
ai.js:204 ========== [AI] 输出 ==========
ai.js:205 intimacy+2
arousal+1
ai.js:206 ==============================
index.js:32 [角色属性] AI分析结果: intimacy+2
arousal+1
index.js:65 [角色属性] 陈洛.arousal +1 = 4
ai.js:170 ========== [AI] 输入 ==========
ai.js:174 用户: 请从以下故事内容中提取出现的物品：

陈洛正坐在沙发上看电视，苏晚晴端着果盘从厨房走出来。她今天穿了件宽松的米色针织衫，下摆垂到大腿中部。

“吃点水果。”她说着，很自然地在他身边坐下，双腿蜷缩到沙发上。

就在她侧身去够茶几上的遥控器时，针织衫的下摆被沙发面料轻轻勾住，向上滑了几寸。陈洛的余光里，她大腿后侧那片细腻的肌肤毫无征兆地展露出来——不是刻意的暴露，只是衣料被拉扯后形成的自然空隙，在客厅暖光下泛着柔和的象牙色光泽。

苏晚晴似乎毫无察觉，拿到遥控器后就靠回沙发，衣摆重新垂落遮住一切。她专注地调着频道，针织衫领口随着动作微微敞开，锁骨下方那道浅浅的阴影若隐若现。

“看这个台吧？”她转头问，眼睛里映着电视的蓝光。

陈洛点点头，目光回到屏幕上。刚才那两秒的画面像水面的涟漪，轻轻荡开又迅速平复，只留下若有若无的悸动在空气里。

请列出所有物品名称。
ai.js:175 ===============================
ai.js:204 ========== [AI] 输出 ==========
ai.js:205 根据故事内容，提取出的物品名称如下：

1.  沙发
2.  电视
3.  果盘
4.  厨房
5.  米色针织衫（衣物）
6.  茶几
7.  遥控器
8.  客厅暖光（灯光）
9.  电视蓝光（光线）
ai.js:206 ==============================
story.js:1306 [物品提取] AI分析结果: 根据故事内容，提取出的物品名称如下：

1.  沙发
2.  电视
3.  果盘
4.  厨房
5.  米色针织衫（衣物）
6.  茶几
7.  遥控器
8.  客厅暖光（灯光）
9.  电视蓝光（光线）
story.js:1348 [物品提取] 跳过非素材库物品: 根据故事内容
story.js:1348 [物品提取] 跳过非素材库物品: 提取出的物品名称如下：
story.js:1348 [物品提取] 跳过非素材库物品: 1.  沙发
story.js:1348 [物品提取] 跳过非素材库物品: 2.  电视
story.js:1348 [物品提取] 跳过非素材库物品: 3.  果盘
story.js:1348 [物品提取] 跳过非素材库物品: 4.  厨房
story.js:1348 [物品提取] 跳过非素材库物品: 5.  米色针织衫（衣物）
story.js:1348 [物品提取] 跳过非素材库物品: 6.  茶几
story.js:1348 [物品提取] 跳过非素材库物品: 7.  遥控器
story.js:1348 [物品提取] 跳过非素材库物品: 8.  客厅暖光（灯光）
story.js:1348 [物品提取] 跳过非素材库物品: 9.  电视蓝光（光线）
story.js:1351 [物品提取] 完成，共添加 0 个物品
story.js:1356 [故事生成器] 更新角色关系
story.js:608 [兴奋值] 当前兴奋值: 4（由AI根据故事内容分析更新），插件兴奋值: 4
story.js:1426 [故事配置] 更新存档
story.js:1431 [故事配置] 检查存档摘要
data.js:48 [自动保存] 15:22:16 - 人妻太太-后宫
data.js:48 [自动保存] 15:22:46 - 人妻太太-后宫
data.js:48 [自动保存] 15:23:16 - 人妻太太-后宫
