plugin.js:15 Plugin registered: inventory
plugin.js:15 Plugin registered: shop
plugin.js:15 Plugin registered: prompt-manager
plugin.js:15 Plugin registered: chat-plugin
plugin.js:15 Plugin registered: time-plugin
plugin.js:15 Plugin registered: achievement
plugin.js:15 Plugin registered: adult-tags
plugin.js:15 Plugin registered: simple-story
plugin.js:15 Plugin registered: character-editor
app.js:53 所有模块加载完成
index.js:6 Inventory plugin loaded
index.js:6 Shop plugin loaded
index.js:182 [提示词管理] 插件已加载
index.js:211 [提示词管理] 模板加载完成
index.js:7 Chat plugin loaded
index.js:1264 Time plugin loaded
index.js:6 Achievement plugin loaded
index.js:6 Adult-tags plugin loaded
index.js:83 Simple-story plugin loaded
index.js:7 Character editor plugin loaded
plugin.js:64 All plugins initialized
app.js:62 应用初始化完成
story.js:633 [性欲] 新故事开始，所有角色的性欲已重置为0
story.js:637 [性欲] 新故事开始，冷却列表已清空
index.js:782 [成人标签] 场景未匹配到任何关键词
story.js:1455 [成人标签] 开头故事未触发关键词，跳过成人内容
ai.js:170 ========== [AI] 输入 ==========
ai.js:174 用户: 【世界背景】
修仙系统-后宫

【角色设定】
角色：陈凡、苏晚晴、林诗雨
[{"id":"mmrsgrpafl0ic8o13le.","name":"陈凡","role":"男主/系统宿主","gender":"男","age":18,"profile":{"race":"人类","occupation":"高中生/修仙者","height":"176cm","appearance":"剑眉如利剑出鞘般带着少年人的锐气，眸若星辰璀璨明亮眼神中带着少年人特有的清澈和朝气，面容清秀耐看越看越有味道，黑发略显凌乱的自然状态看起来就是普通的阳光大男孩，肌肤是健康的小麦色充满青春活力整个人看起来就是邻家大哥哥的亲切形象，阴茎粗长约17cm颜色是少年人特有的粉红色，龟头圆润可爱如少年人般充满活力，睾丸如两颗新鲜的桃子般饱满多汁，射精量充沛如少年人的精力一样旺盛每次都能持续很久，颜色浓白如新鲜牛奶，体毛略少四肢干净看起来清爽纯洁像刚升起的太阳充满希望","personality":"阳光开朗、积极向上、重情重义、对待朋友真诚、对待敌人果断、从系统获得力量后更加自信、内心深处有点自卑但被系统逐渐治愈"
ai.js:175 ===============================
ai.js:204 ========== [AI] 输出 ==========
ai.js:205 清晨的阳光透过窗帘缝隙洒进房间，陈凡打着哈欠从床上坐起。客厅里传来窸窸窣窣的声音，他揉着眼睛推开门，看见林诗雨正踮着脚尖在书架顶层找参考书。

她穿着宽松的居家T恤，因为抬手动作，衣摆被带起一截，露出一段白皙纤细的腰线。晨光恰好勾勒出她侧身的轮廓，薄薄的布料贴着身体的弧度，随着呼吸轻轻起伏。她似乎没注意到自己走光，专注地抽出一本书，转身时T恤下摆才缓缓落下。

“早啊。”陈凡若无其事地打招呼，目光却在她转身时不经意扫过那截消失的腰线。林诗雨推了推眼镜，抱着书露出腼腆的笑：“早，我吵醒你了吗？”
ai.js:206 ==============================
story.js:224 [时间] 开场白未指定时间变化，时间保持不变
ai.js:170 ========== [AI] 输入 ==========
ai.js:174 用户: 请用约100字总结以下场景：

清晨的阳光透过窗帘缝隙洒进房间，陈凡打着哈欠从床上坐起。客厅里传来窸窸窣窣的声音，他揉着眼睛推开门，看见林诗雨正踮着脚尖在书架顶层找参考书。

她穿着宽松的居家T恤，因为抬手动作，衣摆被带起一截，露出一段白皙纤细的腰线。晨光恰好勾勒出她侧身的轮廓，薄薄的布料贴着身体的弧度，随着呼吸轻轻起伏。她似乎没注意到自己走光，专注地抽出一本书，转身时T恤下摆才缓缓落下。

“早啊。”陈凡若无其事地打招呼，目光却在她转身时不经意扫过那截消失的腰线。林诗雨推了推眼镜，抱着书露出腼腆的笑：“早，我吵醒你了吗？”
ai.js:175 ===============================
ai.js:204 ========== [AI] 输出 ==========
ai.js:205 清晨，陈凡被客厅的声响唤醒，发现林诗雨正踮脚在书架顶层找书。晨光中，她抬手时衣摆微扬，露出一截腰线，薄衫下的身体轮廓随呼吸轻动。她专注取书未觉，转身时衣摆落下。陈凡如常道早，目光却掠过那抹乍现的春光；林诗雨扶镜腼腆一笑，轻声问是否惊扰了他。
ai.js:206 ==============================
ai.js:170 ========== [AI] 输入 ==========
ai.js:174 用户: 请根据以下故事内容和上下文生成4个选项。

【上下文】


【当前故事内容】
清晨的阳光透过窗帘缝隙洒进房间，陈凡打着哈欠从床上坐起。客厅里传来窸窸窣窣的声音，他揉着眼睛推开门，看见林诗雨正踮着脚尖在书架顶层找参考书。

她穿着宽松的居家T恤，因为抬手动作，衣摆被带起一截，露出一段白皙纤细的腰线。晨光恰好勾勒出她侧身的轮廓，薄薄的布料贴着身体的弧度，随着呼吸轻轻起伏。她似乎没注意到自己走光，专注地抽出一本书，转身时T恤下摆才缓缓落下。

“早啊。”陈凡若无其事地打招呼，目光却在她转身时不经意扫过那截消失的腰线。林诗雨推了推眼镜，抱着书露出腼腆的笑：“早，我吵醒你了吗？”

角色：陈凡、苏晚晴、林诗雨

【重要提示】
- 仔细分析当前故事内容的场景状态
- 如果角色已经离开、故事已结束、或场景发生变化，选项应该反映这种变化
- 选项要符合当前故事的逻辑发展，不要硬凑互动
- 选项1-2应该是日常/平和的行为
- 选项3-4可以逐渐增加亲密程度，但不要突兀

【选项要求】
- 选项1（日常）：继续做自己的事、思考、离开、休息等
- 选项2（日常）：轻微的动作、环境观察、轻度互动等
- 选项
ai.js:175 ===============================
ai.js:204 ========== [AI] 输出 ==========
ai.js:205 选项1（日常）：陈凡点点头说“没有”，然后转身去厨房准备早餐。  
选项2（日常）：陈凡走近书架，自然地帮她整理歪倒的几本书。  
选项3（色色）：陈凡从身后轻轻扶住她的腰，低声说“早上光线真好”。  
选项4（淫荡）：陈凡突然将她抵在书架旁，手指撩起T恤下摆摩挲她的腰侧。
ai.js:206 ==============================
ai.js:170 ========== [AI] 输入 ==========
ai.js:174 用户: 请分析以下故事内容对角色属性的影响。

【角色列表】
陈凡、苏晚晴、林诗雨、沈冰月

【角色当前属性】
陈凡: 性欲:0, sexArousal:0, sexExcitement:0
苏晚晴: 性欲:0, sexArousal:0, sexExcitement:0
林诗雨: 性欲:0, sexArousal:0, sexExcitement:0
沈冰月: 性欲:0, sexArousal:0, sexExcitement:0

【故事内容】
清晨的阳光透过窗帘缝隙洒进房间，陈凡打着哈欠从床上坐起。客厅里传来窸窸窣窣的声音，他揉着眼睛推开门，看见林诗雨正踮着脚尖在书架顶层找参考书。

她穿着宽松的居家T恤，因为抬手动作，衣摆被带起一截，露出一段白皙纤细的腰线。晨光恰好勾勒出她侧身的轮廓，薄薄的布料贴着身体的弧度，随着呼吸轻轻起伏。她似乎没注意到自己走光，专注地抽出一本书，转身时T恤下摆才缓缓落下。

“早啊。”陈凡若无其事地打招呼，目光却在她转身时不经意扫过那截消失的腰线。林诗雨推了推眼镜，抱着书露出腼腆的笑：“早，我吵醒你了吗？”

请分析故事内容中每个角色的情绪反应和互动结果，输出属
ai.js:175 ===============================
ai.js:204 ========== [AI] 输出 ==========
ai.js:205 陈凡: 性欲+1
陈凡: 亲密+1
ai.js:206 ==============================
index.js:40 [角色属性] AI分析结果: 陈凡: 性欲+1
陈凡: 亲密+1
index.js:121 [角色属性] 陈凡.arousal +1 = 1
index.js:121 [角色属性] 陈凡.intimacy +1 = 1
index.js:125 [角色属性] 共更新 2 个属性
data.js:48 [自动保存] 21:28:09 - 修仙系统-后宫
data.js:48 [自动保存] 21:28:16 - 修仙系统-后宫
