plugin.js:15 Plugin registered: inventory
plugin.js:15 Plugin registered: shop
plugin.js:15 Plugin registered: prompt-manager
plugin.js:15 Plugin registered: chat-plugin
plugin.js:15 Plugin registered: time-plugin
plugin.js:15 Plugin registered: achievement
plugin.js:15 Plugin registered: adult-tags
plugin.js:15 Plugin registered: simple-story
plugin.js:15 Plugin registered: character-editor
app.js:53 所有模块加载完成
index.js:6 Inventory plugin loaded
index.js:6 Shop plugin loaded
index.js:230 [提示词管理] 插件已加载
index.js:7 Chat plugin loaded
index.js:1264 Time plugin loaded
index.js:6 Achievement plugin loaded
index.js:6 Adult-tags plugin loaded
index.js:83 Simple-story plugin loaded
index.js:7 Character editor plugin loaded
plugin.js:64 All plugins initialized
app.js:62 应用初始化完成
story.js:617 [兴奋值] 新故事开始，角色 林逸 的 arousal/sexArousal/sexExcitement 已重置为0
story.js:621 [兴奋值] 新故事开始，兴奋值重置为0，冷却列表已清空
index.js:755 [成人标签] 场景未匹配到任何关键词
story.js:1393 [成人标签] 开头故事未触发关键词，跳过成人内容
ai.js:170 ========== [AI] 输入 ==========
ai.js:172 系统: 你是一个故事生成AI。请用故事的方式呈现内容。只输出故事正文内容，不要包含任何选项、后续发展、剧情走向、选择提示等信息。
ai.js:174 用户: 【世界背景】
七元素-纯爱

【角色设定】
角色：林逸、菲娅、炽羽
[{"id":"mmraffwx8cobszps525.","name":"林逸","role":"主角/元素共鸣者","gender":"男","age":20,"profile":{"race":"人类","occupation":"大学生/元素传承者","height":"178cm","appearance":"剑眉如远山般清雅，眸若秋水般澄澈带着一丝忧郁，面容清秀中带着书卷气看起来就是典型的文艺少年，黑发微卷略长戴着黑框眼镜整个人看起来文质彬彬像是漫画里走出来的温柔学长，肌肤是少见的冷白皮近乎透明可以看见淡淡的青色血管，整个人看起来有些脆弱易碎的感觉让人想要保护他，阴茎粗长约16cm颜色是柔和的淡粉色像他温柔的性格，龟头圆润可爱如小鹿般无害，睾丸如两颗小荔枝大小适中，射精量适中不会太多像他温柔的性子不会让人感到负担，体毛稀疏四肢干净看起来清爽纯洁像一张白纸等待被渲染","personality":"温柔内敛、忧郁敏感、善于倾听、内心柔软、喜欢独处思考、对外人温和有礼但保持距离、只有在爱的人面前才会展现真实的一
ai.js:175 ===============================
ai.js:204 ========== [AI] 输出 ==========
ai.js:205 清晨的阳光透过窗帘缝隙洒进房间，林逸刚坐起身，薄薄的睡衣领口就滑向了一侧，露出锁骨处若隐若现的青色血管。他推了推黑框眼镜，赤脚踩在木地板上，走向窗边拉开窗帘。

菲娅正飘浮在窗外的晨光里，金色的长发随着微风轻轻拂动，光编织的纱裙在阳光下近乎透明，勾勒出纤细腰肢的弧度。她转过身来时，裙摆扬起一个温柔的弧度，修长的小腿线条在光晕中一闪而过。

“早上好，林逸。”菲娅的声音像阳光般温暖。

厨房里传来炽羽哼歌的声音，林逸走过去时，看见她正踮脚够橱柜顶层的咖啡豆。火焰般的红发从肩头滑落，后背的纱裙因为伸展的动作微微绷紧，显露出脊椎凹陷的优美曲线。
ai.js:206 ==============================
story.js:220 [时间] 开场白未指定时间变化，时间保持不变
ai.js:170 ========== [AI] 输入 ==========
ai.js:172 系统: 你是一个故事生成AI。请用故事的方式呈现内容。只输出故事正文内容，不要包含任何选项、后续发展、剧情走向、选择提示等信息。
ai.js:174 用户: 请用约100字总结以下场景：

[场景内容]
ai.js:175 ===============================
ai.js:204 ========== [AI] 输出 ==========
ai.js:205 清晨的薄雾笼罩着小镇，面包店飘出刚出炉的香气。邮递员骑着自行车穿过石板路，车铃叮当作响。几个孩子背着书包追逐跑过，惊起了屋檐下的鸽子。杂货店老板正在卸货，和路过的邻居点头打招呼。街角的咖啡店刚开门，老板娘哼着歌擦拭玻璃窗。这个平凡的小镇早晨，在阳光穿透雾气时缓缓醒来。
ai.js:206 ==============================
ai.js:170 ========== [AI] 输入 ==========
ai.js:172 系统: 你是一个故事生成AI。请用故事的方式呈现内容。只输出故事正文内容，不要包含任何选项、后续发展、剧情走向、选择提示等信息。
ai.js:174 用户: 请根据以下故事内容生成4个选项。

【上下文信息】


【当前故事内容】
清晨的阳光透过窗帘缝隙洒进房间，林逸刚坐起身，薄薄的睡衣领口就滑向了一侧，露出锁骨处若隐若现的青色血管。他推了推黑框眼镜，赤脚踩在木地板上，走向窗边拉开窗帘。

菲娅正飘浮在窗外的晨光里，金色的长发随着微风轻轻拂动，光编织的纱裙在阳光下近乎透明，勾勒出纤细腰肢的弧度。她转过身来时，裙摆扬起一个温柔的弧度，修长的小腿线条在光晕中一闪而过。

“早上好，林逸。”菲娅的声音像阳光般温暖。

厨房里传来炽羽哼歌的声音，林逸走过去时，看见她正踮脚够橱柜顶层的咖啡豆。火焰般的红发从肩头滑落，后背的纱裙因为伸展的动作微微绷紧，显露出脊椎凹陷的优美曲线。

角色：林逸、菲娅、炽羽

【选项要求】
- 选项1（日常）：继续做自己的事、礼貌回应、和对方聊天等日常行为
- 选项2（日常）：轻微的身体接触、适当的距离保持、轻声交流等轻度互动
- 选项3（色色）：进一步靠近、抚摸头发或手臂、轻声暗示、亲吻脸颊等
- 选项4（淫荡）：直接的身体接触、性暗示、脱衣勾引、提出性请求等

【输出格式】每行一个选项：
选项1（日常）：xxx
选项2
ai.js:175 ===============================
ai.js:204 ========== [AI] 输出 ==========
ai.js:205 选项1（日常）：对菲娅微笑点头，然后走进厨房准备早餐  
选项2（日常）：轻轻整理睡衣领口，走到窗边和菲娅聊起今天的天气  
选项3（色色）：伸手触碰菲娅飘动的发梢，低声说“你的光芒比朝阳还动人”  
选项4（淫荡）：将菲娅拉进窗帘阴影里，手指抚过她纱裙下的腰线
ai.js:206 ==============================
story.js:1294 [故事生成器] 提取物品
story.js:1299 [故事生成器] 更新角色关系
data.js:48 [自动保存] 14:04:14 - 七元素-纯爱
data.js:48 [自动保存] 14:04:45 - 七元素-纯爱
data.js:48 [自动保存] 14:05:15 - 七元素-纯爱
data.js:48 [自动保存] 14:05:45 - 七元素-纯爱
data.js:48 [自动保存] 14:06:15 - 七元素-纯爱
data.js:48 [自动保存] 14:06:45 - 七元素-纯爱
ai.js:170 ========== [AI] 输入 ==========
ai.js:172 系统: 你是一个故事生成AI。请用故事的方式呈现内容。只输出故事正文内容，不要包含任何选项、后续发展、剧情走向、选择提示等信息。
ai.js:174 用户: 请根据以下故事内容生成一个简短的故事标题（5-15个字）：

清晨的阳光透过窗帘缝隙洒进房间，林逸刚坐起身，薄薄的睡衣领口就滑向了一侧，露出锁骨处若隐若现的青色血管。他推了推黑框眼镜，赤脚踩在木地板上，走向窗边拉开窗帘。

菲娅正飘浮在窗外的晨光里，金色的长发随着微风轻轻拂动，光编织的纱裙在阳光下近乎透明，勾勒出纤细腰肢的弧度。她转过身来时，裙摆扬起一个温柔的弧度，修长的小腿线条在光晕中一闪而过。

“早上好，林逸。”菲娅的声音像阳光般温暖。

厨房里传来炽羽哼歌的声音，林逸走过去时，看见她正踮脚够橱柜顶层的咖啡豆。火焰般的红发从肩头滑落，后背的纱裙因为伸展的动作微微绷紧，显露出脊椎凹陷的优美曲线。
ai.js:175 ===============================
ai.js:204 ========== [AI] 输出 ==========
ai.js:205 清晨的阳光透过窗帘缝隙洒进房间，林逸刚坐起身，薄薄的睡衣领口就滑向了一侧，露出锁骨处若隐若现的青色血管。他推了推黑框眼镜，赤脚踩在木
ai.js:206 ==============================
ai.js:170 ========== [AI] 输入 ==========
ai.js:172 系统: 你是一个故事生成AI。请用故事的方式呈现内容。只输出故事正文内容，不要包含任何选项、后续发展、剧情走向、选择提示等信息。
ai.js:174 用户: 请用约500字总结以下完整的故事内容。

[完整故事内容]
ai.js:175 ===============================
data.js:48 [自动保存] 14:07:14 - 七元素-纯爱
ai.js:204 ========== [AI] 输出 ==========
ai.js:205 在遥远的东方，有一座被云雾环绕的青山，名为“忘忧峰”。山脚下住着一个名叫阿竹的年轻樵夫，每日上山砍柴，奉养老母。

一日，阿竹在深山中发现一株会发光的紫竹。他好奇地触碰，紫竹竟化作一位紫衣仙子。仙子自称是山中竹灵，因百年前遭雷劫受损，需借人间至纯之心温养魂魄。阿竹心地善良，答应每日以山泉浇灌竹根。

七七四十九天后，竹灵恢复元气，欲赠阿竹金银珠宝。阿竹摇头：“我只要母亲安康，山中清泉常甜。”竹灵感动，赠他一枚竹叶：“若遇危难，吹响此叶，我必相助。”

那年大旱，河水干涸，村民陷入绝境。阿竹想起竹叶，登上忘忧峰吹响。竹灵现身，耗尽百年修为降下甘
ai.js:206 ==============================
ai.js:170 ========== [AI] 输入 ==========
ai.js:172 系统: 你是一个故事生成AI。请用故事的方式呈现内容。只输出故事正文内容，不要包含任何选项、后续发展、剧情走向、选择提示等信息。
ai.js:174 用户: 请用约300字总结以下故事内容。

清晨的阳光透过窗帘缝隙洒进房间，林逸刚坐起身，薄薄的睡衣领口就滑向了一侧，露出锁骨处若隐若现的青色血管。他推了推黑框眼镜，赤脚踩在木地板上，走向窗边拉开窗帘。

菲娅正飘浮在窗外的晨光里，金色的长发随着微风轻轻拂动，光编织的纱裙在阳光下近乎透明，勾勒出纤细腰肢的弧度。她转过身来时，裙摆扬起一个温柔的弧度，修长的小腿线条在光晕中一闪而过。

“早上好，林逸。”菲娅的声音像阳光般温暖。

厨房里传来炽羽哼歌的声音，林逸走过去时，看见她正踮脚够橱柜顶层的咖啡豆。火焰般的红发从肩头滑落，后背的纱裙因为伸展的动作微微绷紧，显露出脊椎凹陷的优美曲线。
ai.js:175 ===============================
ai.js:204 ========== [AI] 输出 ==========
ai.js:205 清晨的阳光洒进房间时，林逸刚坐起身，睡衣领口滑落，露出锁骨的线条。他推了推眼镜，赤脚走向窗边，拉开了窗帘。

窗外，菲娅正漂浮在晨光里。她金色的长发随风轻拂，光织的纱裙近乎透明，勾勒出纤细的腰肢。她转过身，裙摆扬起温柔的弧度，修长的小腿在光晕中一闪而过。“早上好，林逸。”她的声音
ai.js:206 ==============================
story.js:1374 [故事配置] 检查存档摘要
data.js:48 [自动保存] 14:07:44 - 七元素-纯爱
