plugin.js:15 Plugin registered: inventory
plugin.js:15 Plugin registered: shop
plugin.js:15 Plugin registered: prompt-manager
plugin.js:15 Plugin registered: chat-plugin
plugin.js:15 Plugin registered: time-plugin
plugin.js:15 Plugin registered: achievement
plugin.js:15 Plugin registered: adult-tags
plugin.js:15 Plugin registered: simple-story
plugin.js:15 Plugin registered: character-editor
app.js:53 所有模块加载完成
index.js:6 Inventory plugin loaded
index.js:6 Shop plugin loaded
index.js:158 [提示词管理] 插件已加载
index.js:187 [提示词管理] 模板加载完成
index.js:7 Chat plugin loaded
index.js:1264 Time plugin loaded
index.js:6 Achievement plugin loaded
index.js:6 Adult-tags plugin loaded
index.js:83 Simple-story plugin loaded
index.js:7 Character editor plugin loaded
plugin.js:64 All plugins initialized
app.js:62 应用初始化完成
story.js:629 [兴奋值] 新故事开始，角色 陈洛 的 arousal/sexArousal/sexExcitement 已重置为0
story.js:633 [兴奋值] 新故事开始，兴奋值重置为0，冷却列表已清空
index.js:755 [成人标签] 场景未匹配到任何关键词
story.js:1450 [成人标签] 开头故事未触发关键词，跳过成人内容
ai.js:170 ========== [AI] 输入 ==========
ai.js:174 用户: 【世界背景】
人妻太太-后宫

【角色设定】
角色：陈洛、苏晚晴、林诗雅
[{"id":"mmrdxm12sa46ld2m8a.b","name":"陈洛","role":"男主/人夫","gender":"男","age":28,"profile":{"race":"人类","occupation":"公司职员/人夫","height":"180cm","appearance":"剑眉如成熟的男性般稳重，眸若深潭带着经历沧桑后的沉稳，面容成熟立体带着岁月沉淀的魅力，黑发短促利落梳成成熟的发型看起来就是典型的人夫形象，肌肤是成熟男性的古铜色带着长期锻炼的光泽看起来就是完美的丈夫人选，阴茎粗长约18cm颜色是成熟的深粉色，龟头圆润如成熟的果实散发诱人的气息，睾丸如两颗饱满的石榴大小适中，射精量充沛如成熟的男性般精力旺盛每次都能让妻子满足，颜色浓白如新鲜奶酪，体毛浓密胸毛明显手臂毛发旺盛整个人看起来就是安全感十足的完美人夫是所有女人理想的结婚对象","personality":"成熟稳重、温柔体贴、顾家爱妻、性格温和、善于照顾人、有了妻子后变得非常顾家、愿意为妻子付出一切","hobby"
ai.js:175 ===============================
ai.js:204 ========== [AI] 输出 ==========
ai.js:205 清晨的阳光透过百叶窗，陈洛正弯腰从鞋柜里取出皮鞋。苏晚晴恰好从隔壁出来倒垃圾，穿着宽松的居家吊带裙，丝绸面料柔软地贴着身体曲线。她微微俯身将垃圾袋放在门边时，肩带不经意滑落一截，锁骨下方那片雪白的肌肤在晨光里泛着细腻光泽，深陷的乳沟阴影随着呼吸轻轻起伏。

“早啊。”她直起身，自然地拉回肩带，笑容温婉如常。

陈洛点头回应，目光却在她转身时掠过——裙摆因动作微微上提，大腿后侧那片柔腻的肌肤一闪而过，像夏日池塘里惊起的涟漪，很快又被垂落的裙摆妥帖覆盖。

楼道里只剩下电梯运行的轻微嗡鸣。
ai.js:206 ==============================
story.js:224 [时间] 开场白未指定时间变化，时间保持不变
ai.js:170 ========== [AI] 输入 ==========
ai.js:174 用户: 请用约100字总结以下场景：

清晨的阳光透过百叶窗，陈洛正弯腰从鞋柜里取出皮鞋。苏晚晴恰好从隔壁出来倒垃圾，穿着宽松的居家吊带裙，丝绸面料柔软地贴着身体曲线。她微微俯身将垃圾袋放在门边时，肩带不经意滑落一截，锁骨下方那片雪白的肌肤在晨光里泛着细腻光泽，深陷的乳沟阴影随着呼吸轻轻起伏。

“早啊。”她直起身，自然地拉回肩带，笑容温婉如常。

陈洛点头回应，目光却在她转身时掠过——裙摆因动作微微上提，大腿后侧那片柔腻的肌肤一闪而过，像夏日池塘里惊起的涟漪，很快又被垂落的裙摆妥帖覆盖。

楼道里只剩下电梯运行的轻微嗡鸣。
ai.js:175 ===============================
ai.js:204 ========== [AI] 输出 ==========
ai.js:205 晨光斜照的楼道，陈洛与邻居苏晚晴短暂相遇。她倒垃圾时吊带滑落，不经意露出锁骨与胸前的肌肤光影；转身时裙摆微扬，大腿后侧柔腻一闪而过。两人礼貌问早，一切细微的波动都掩于寻常笑容与电梯低鸣之下。
ai.js:206 ==============================
ai.js:170 ========== [AI] 输入 ==========
ai.js:174 用户: 请根据以下故事内容生成4个选项。

【上下文信息】


【当前故事内容】
清晨的阳光透过百叶窗，陈洛正弯腰从鞋柜里取出皮鞋。苏晚晴恰好从隔壁出来倒垃圾，穿着宽松的居家吊带裙，丝绸面料柔软地贴着身体曲线。她微微俯身将垃圾袋放在门边时，肩带不经意滑落一截，锁骨下方那片雪白的肌肤在晨光里泛着细腻光泽，深陷的乳沟阴影随着呼吸轻轻起伏。

“早啊。”她直起身，自然地拉回肩带，笑容温婉如常。

陈洛点头回应，目光却在她转身时掠过——裙摆因动作微微上提，大腿后侧那片柔腻的肌肤一闪而过，像夏日池塘里惊起的涟漪，很快又被垂落的裙摆妥帖覆盖。

楼道里只剩下电梯运行的轻微嗡鸣。

角色：陈洛、苏晚晴、林诗雅

【选项要求】
- 选项1（日常）：继续做自己的事、礼貌回应、和对方聊天等日常行为
- 选项2（日常）：轻微的身体接触、适当的距离保持、轻声交流等轻度互动
- 选项3（色色）：进一步靠近、抚摸头发或手臂、轻声暗示、亲吻脸颊等
- 选项4（淫荡）：直接的身体接触、性暗示、脱衣勾引、提出性请求等

【输出格式】每行一个选项：
选项1（日常）：xxx
选项2（日常）：xxx
选项3（色色）：xxx
选项4（
ai.js:175 ===============================
ai.js:204 ========== [AI] 输出 ==========
ai.js:205 选项1（日常）：礼貌点头后转身整理鞋带，自然地提起今天的工作安排。
选项2（日常）：上前半步帮她扶稳晃动的垃圾袋，指尖轻触时微笑提醒“肩带松了”。
选项3（色色）：伸手将她滑落的肩带轻轻勾回原处，指尖若有若无擦过锁骨，低声说“晨光很适合你”。
选项4（淫荡）：突然将她抵在门边，手指探入裙摆抚过大腿，在耳边吐息“每次见你都穿这么少”。
ai.js:206 ==============================
ai.js:170 ========== [AI] 输入 ==========
ai.js:174 用户: 请分析以下故事内容对角色属性的影响。

角色列表：陈洛、苏晚晴、林诗雅、王思雨
角色当前属性：陈洛: arousal:0, sexArousal:0, sexExcitement:0
苏晚晴: 
林诗雅: 
王思雨: 
故事内容：清晨的阳光透过百叶窗，陈洛正弯腰从鞋柜里取出皮鞋。苏晚晴恰好从隔壁出来倒垃圾，穿着宽松的居家吊带裙，丝绸面料柔软地贴着身体曲线。她微微俯身将垃圾袋放在门边时，肩带不经意滑落一截，锁骨下方那片雪白的肌肤在晨光里泛着细腻光泽，深陷的乳沟阴影随着呼吸轻轻起伏。

“早啊。”她直起身，自然地拉回肩带，笑容温婉如常。

陈洛点头回应，目光却在她转身时掠过——裙摆因动作微微上提，大腿后侧那片柔腻的肌肤一闪而过，像夏日池塘里惊起的涟漪，很快又被垂落的裙摆妥帖覆盖。

楼道里只剩下电梯运行的轻微嗡鸣。

【基础属性】
- health (生命 0-200)
- charm (魅力 0-200)
- intelligence (智力 0-200)
- strength (力量 0-200)
- agility (敏捷 0-200)
- stamina (体力 0-200)

【
ai.js:175 ===============================
ai.js:204 ========== [AI] 输出 ==========
ai.js:205 亲密+2  
兴奋+3  
堕落+1
ai.js:206 ==============================
index.js:73 [角色属性] AI分析结果: 亲密+2  
兴奋+3  
堕落+1
index.js:149 [角色属性] 陈洛.arousal +3 = 3
index.js:153 [角色属性] 共更新 1 个属性
ai.js:170 ========== [AI] 输入 ==========
ai.js:174 用户: 请从以下故事内容中提取出现的物品：

清晨的阳光透过百叶窗，陈洛正弯腰从鞋柜里取出皮鞋。苏晚晴恰好从隔壁出来倒垃圾，穿着宽松的居家吊带裙，丝绸面料柔软地贴着身体曲线。她微微俯身将垃圾袋放在门边时，肩带不经意滑落一截，锁骨下方那片雪白的肌肤在晨光里泛着细腻光泽，深陷的乳沟阴影随着呼吸轻轻起伏。

“早啊。”她直起身，自然地拉回肩带，笑容温婉如常。

陈洛点头回应，目光却在她转身时掠过——裙摆因动作微微上提，大腿后侧那片柔腻的肌肤一闪而过，像夏日池塘里惊起的涟漪，很快又被垂落的裙摆妥帖覆盖。

楼道里只剩下电梯运行的轻微嗡鸣。

请列出所有物品名称。
ai.js:175 ===============================
data.js:48 [自动保存] 15:26:27 - 人妻太太-后宫
ai.js:204 ========== [AI] 输出 ==========
ai.js:205 根据故事内容，提取出的物品名称如下：

1.  百叶窗
2.  鞋柜
3.  皮鞋
4.  垃圾（垃圾袋）
5.  居家吊带裙（丝绸面料）
6.  肩带（吊带裙的组成部分）
7.  电梯
ai.js:206 ==============================
story.js:1306 [物品提取] AI分析结果: 根据故事内容，提取出的物品名称如下：

1.  百叶窗
2.  鞋柜
3.  皮鞋
4.  垃圾（垃圾袋）
5.  居家吊带裙（丝绸面料）
6.  肩带（吊带裙的组成部分）
7.  电梯
story.js:1348 [物品提取] 跳过非素材库物品: 根据故事内容
story.js:1348 [物品提取] 跳过非素材库物品: 提取出的物品名称如下：
story.js:1348 [物品提取] 跳过非素材库物品: 1.  百叶窗
story.js:1348 [物品提取] 跳过非素材库物品: 2.  鞋柜
story.js:1348 [物品提取] 跳过非素材库物品: 3.  皮鞋
story.js:1348 [物品提取] 跳过非素材库物品: 4.  垃圾（垃圾袋）
story.js:1348 [物品提取] 跳过非素材库物品: 5.  居家吊带裙（丝绸面料）
story.js:1348 [物品提取] 跳过非素材库物品: 6.  肩带（吊带裙的组成部分）
story.js:1348 [物品提取] 跳过非素材库物品: 7.  电梯
story.js:1351 [物品提取] 完成，共添加 0 个物品
story.js:1356 [故事生成器] 更新角色关系
index.js:710 [成人标签] 提取的关键词: (30) ['陈洛', '垃圾', '微微', '肩带', '那片', '的肌', '肌肤', '裙摆', '的肌肤', '清晨', '晨的', '的阳', '阳光', '光透', '透过', '过百', '百叶', '叶窗', '窗陈', '洛正', '正弯', '弯腰', '腰从', '从鞋', '鞋柜', '柜里', '里取', '取出', '出皮', '皮鞋']
index.js:718 [成人标签] 阶段:1, 尺度:中, 标签数:1600
index.js:734 [成人标签] 匹配到标签: 在电梯里偷偷脱掉内裤，脱掉内裤后用裙摆挡住等待被插入 触发条件: (4) ['电梯', '脱内', '裙摆', '等待']
index.js:789 [成人标签] 属性不足（阶段1需要：兴奋值≥10, 亲密度≥0, 经验值≥0, 意愿度≥0），当前：兴奋值3, 亲密度0, 经验值0, 意愿度0
story.js:1469 [成人标签] 场景未匹配关键词，跳过成人内容
ai.js:170 ========== [AI] 输入 ==========
ai.js:174 用户: 【世界背景】
[世界设定]

【角色设定】
角色：陈洛、苏晚晴、林诗雅、王思雨
[角色详情]

[剧情指令]

【核心风格：闷骚日常】
表面是日常情节，但在不经意间透出那么一点色气——像日常剧中突然闪过一个让人心跳加速的画面。
读者第一遍看：哦，日常情节
读者回味：卧糟刚才那个画面……

【闷骚写法要点】
1. 动作必须是日常的（起床、吃饭、出门、坐下、弯腰、转身等）
2. 但描写的重点放在"不小心展现出来的身体细节"
3. 要写得自然，像是在描述一件很正常的事
4. 每一个日常动作都可以是一个闷骚的切入点

【闷骚不是套公式】
不要每次都写固定的那几种描写。根据当下的情境，选择最合适的瞬间：
- 比如角色坐着时，衣物的情况
- 比如角色趴着时，身体的线条
- 比如角色伸懒腰时，衣物的变化
- 比如角色蹲下时，裤子的状态
- 比如角色转身时，侧面的线条
- 比如角色走路时，身姿的动态

关键：让读者觉得"这很正常啊"，但又"好像有哪里不对"

请生成100-250字的故事，表面是日常情节，但自然地融入闷骚的细节描写。
ai.js:175 ===============================
ai.js:204 ========== [AI] 输出 ==========
ai.js:205 清晨的阳光透过百叶窗，陈洛正弯腰从冰箱里取牛奶。苏晚晴打着哈欠走进厨房，睡裙的吊带滑到肩头，她浑然不觉地踮起脚尖去够高处的咖啡豆。棉质裙摆随着动作微微上提，露出大腿后侧一道浅浅的睡痕，在晨光里泛着柔和的肉色。

“早啊。”她含糊地说，转身时睡裙布料轻轻贴过腰臀的曲线，像水痕掠过沙地般自然。陈洛移开视线，牛奶盒在手里发出轻微的咔嗒声。

窗台上，林诗雅养的多肉植物挂着露珠。厨房里飘起咖啡香，一切都平常得像昨日的复刻——除了那道转瞬即逝的、被晨光温柔勾勒的弧线，还留在视网膜的余像里，比咖啡因更让人清醒。
ai.js:206 ==============================
story.js:516 [时间] AI未指定时间变化，时间保持不变
ai.js:170 ========== [AI] 输入 ==========
ai.js:174 用户: 请用约100字总结以下场景：

清晨的阳光透过百叶窗，陈洛正弯腰从冰箱里取牛奶。苏晚晴打着哈欠走进厨房，睡裙的吊带滑到肩头，她浑然不觉地踮起脚尖去够高处的咖啡豆。棉质裙摆随着动作微微上提，露出大腿后侧一道浅浅的睡痕，在晨光里泛着柔和的肉色。

“早啊。”她含糊地说，转身时睡裙布料轻轻贴过腰臀的曲线，像水痕掠过沙地般自然。陈洛移开视线，牛奶盒在手里发出轻微的咔嗒声。

窗台上，林诗雅养的多肉植物挂着露珠。厨房里飘起咖啡香，一切都平常得像昨日的复刻——除了那道转瞬即逝的、被晨光温柔勾勒的弧线，还留在视网膜的余像里，比咖啡因更让人清醒。
ai.js:175 ===============================
data.js:48 [自动保存] 15:26:57 - 人妻太太-后宫
ai.js:204 ========== [AI] 输出 ==========
ai.js:205 晨光中的厨房，睡意未消的苏晚晴踮脚取咖啡豆，吊带滑落、裙摆微扬，露出大腿上浅浅的睡痕。陈洛移开视线，牛奶盒轻响。咖啡香氤氲如昨日，唯有那抹被晨光勾勒的腰臀曲线，如余像般烙在眼底，比清晨的咖啡更醒神。
ai.js:206 ==============================
ai.js:170 ========== [AI] 输入 ==========
ai.js:174 用户: 请根据以下故事内容生成4个选项。

【上下文信息】


【当前故事内容】
清晨的阳光透过百叶窗，陈洛正弯腰从冰箱里取牛奶。苏晚晴打着哈欠走进厨房，睡裙的吊带滑到肩头，她浑然不觉地踮起脚尖去够高处的咖啡豆。棉质裙摆随着动作微微上提，露出大腿后侧一道浅浅的睡痕，在晨光里泛着柔和的肉色。

“早啊。”她含糊地说，转身时睡裙布料轻轻贴过腰臀的曲线，像水痕掠过沙地般自然。陈洛移开视线，牛奶盒在手里发出轻微的咔嗒声。

窗台上，林诗雅养的多肉植物挂着露珠。厨房里飘起咖啡香，一切都平常得像昨日的复刻——除了那道转瞬即逝的、被晨光温柔勾勒的弧线，还留在视网膜的余像里，比咖啡因更让人清醒。

角色：陈洛、苏晚晴、林诗雅

【选项要求】
- 选项1（日常）：继续做自己的事、礼貌回应、和对方聊天等日常行为
- 选项2（日常）：轻微的身体接触、适当的距离保持、轻声交流等轻度互动
- 选项3（色色）：进一步靠近、抚摸头发或手臂、轻声暗示、亲吻脸颊等
- 选项4（淫荡）：直接的身体接触、性暗示、脱衣勾引、提出性请求等

【输出格式】每行一个选项：
选项1（日常）：xxx
选项2（日常）：xxx
选项3（色色）：x
ai.js:175 ===============================
ai.js:204 ========== [AI] 输出 ==========
ai.js:205 选项1（日常）：自然地回应“早”，然后转身准备早餐，同时询问她昨晚睡得如何。
选项2（日常）：轻轻扶住她的肩膀帮她站稳，顺手将咖啡豆罐子递给她，并提醒她吊带滑落了。
选项3（色色）：走近她身后，伸手帮她取下咖啡豆，手指若有若无地拂过她的手臂，在她耳边低声说“早上好”。
选项4（淫荡）：从背后贴近她，一手环住她的腰，另一只手轻抚她大腿的睡痕，低声提议回卧室“再休息一会儿”。
ai.js:206 ==============================
ai.js:170 ========== [AI] 输入 ==========
ai.js:174 用户: 请分析以下故事内容对角色属性的影响。

角色列表：陈洛、苏晚晴、林诗雅、王思雨
角色当前属性：陈洛: arousal:3, sexArousal:0, sexExcitement:0
苏晚晴: 
林诗雅: 
王思雨: 
故事内容：清晨的阳光透过百叶窗，陈洛正弯腰从冰箱里取牛奶。苏晚晴打着哈欠走进厨房，睡裙的吊带滑到肩头，她浑然不觉地踮起脚尖去够高处的咖啡豆。棉质裙摆随着动作微微上提，露出大腿后侧一道浅浅的睡痕，在晨光里泛着柔和的肉色。

“早啊。”她含糊地说，转身时睡裙布料轻轻贴过腰臀的曲线，像水痕掠过沙地般自然。陈洛移开视线，牛奶盒在手里发出轻微的咔嗒声。

窗台上，林诗雅养的多肉植物挂着露珠。厨房里飘起咖啡香，一切都平常得像昨日的复刻——除了那道转瞬即逝的、被晨光温柔勾勒的弧线，还留在视网膜的余像里，比咖啡因更让人清醒。

【基础属性】
- health (生命 0-200)
- charm (魅力 0-200)
- intelligence (智力 0-200)
- strength (力量 0-200)
- agility (敏捷 0-200)
- stamina (体力 0-
ai.js:175 ===============================
ai.js:204 ========== [AI] 输出 ==========
ai.js:205 亲密+2
兴奋+1
羞耻+1
ai.js:206 ==============================
index.js:73 [角色属性] AI分析结果: 亲密+2
兴奋+1
羞耻+1
index.js:149 [角色属性] 陈洛.arousal +1 = 4
index.js:153 [角色属性] 共更新 1 个属性
ai.js:170 ========== [AI] 输入 ==========
ai.js:174 用户: 请从以下故事内容中提取出现的物品：

清晨的阳光透过百叶窗，陈洛正弯腰从冰箱里取牛奶。苏晚晴打着哈欠走进厨房，睡裙的吊带滑到肩头，她浑然不觉地踮起脚尖去够高处的咖啡豆。棉质裙摆随着动作微微上提，露出大腿后侧一道浅浅的睡痕，在晨光里泛着柔和的肉色。

“早啊。”她含糊地说，转身时睡裙布料轻轻贴过腰臀的曲线，像水痕掠过沙地般自然。陈洛移开视线，牛奶盒在手里发出轻微的咔嗒声。

窗台上，林诗雅养的多肉植物挂着露珠。厨房里飘起咖啡香，一切都平常得像昨日的复刻——除了那道转瞬即逝的、被晨光温柔勾勒的弧线，还留在视网膜的余像里，比咖啡因更让人清醒。

请列出所有物品名称。
ai.js:175 ===============================
ai.js:204 ========== [AI] 输出 ==========
ai.js:205 根据故事内容，提取出的物品名称如下：

1.  **百叶窗**
2.  **冰箱**
3.  **牛奶**（牛奶盒）
4.  **睡裙**（包括其**吊带**和**棉质裙摆**）
5.  **咖啡豆**
6.  **多肉植物**
7.  **露珠**
8.  **窗台**（物品所处的平台）
9.  **厨房**（故事发生的场景
ai.js:206 ==============================
story.js:1306 [物品提取] AI分析结果: 根据故事内容，提取出的物品名称如下：

1.  **百叶窗**
2.  **冰箱**
3.  **牛奶**（牛奶盒）
4.  **睡裙**（包括其**吊带**和**棉质裙摆**）
5.  **咖啡豆**
6.  **多肉植物**
7.  **露珠**
8.  **窗台**（物品所处的平台）
9.  **厨房**（故事发生的场景
story.js:1348 [物品提取] 跳过非素材库物品: 根据故事内容
story.js:1348 [物品提取] 跳过非素材库物品: 提取出的物品名称如下：
story.js:1348 [物品提取] 跳过非素材库物品: 1.  **百叶窗**
story.js:1348 [物品提取] 跳过非素材库物品: 2.  **冰箱**
story.js:1348 [物品提取] 跳过非素材库物品: 3.  **牛奶**（牛奶盒）
story.js:1348 [物品提取] 跳过非素材库物品: 5.  **咖啡豆**
story.js:1348 [物品提取] 跳过非素材库物品: 6.  **多肉植物**
story.js:1348 [物品提取] 跳过非素材库物品: 7.  **露珠**
story.js:1348 [物品提取] 跳过非素材库物品: 8.  **窗台**（物品所处的平台）
story.js:1348 [物品提取] 跳过非素材库物品: 9.  **厨房**（故事发生的场景
story.js:1351 [物品提取] 完成，共添加 0 个物品
story.js:1356 [故事生成器] 更新角色关系
story.js:608 [兴奋值] 当前兴奋值: 4（由AI根据故事内容分析更新），插件兴奋值: 4
story.js:1426 [故事配置] 更新存档
story.js:1431 [故事配置] 检查存档摘要
data.js:48 [自动保存] 15:27:27 - 人妻太太-后宫
data.js:48 [自动保存] 15:27:57 - 人妻太太-后宫
