plugin.js:15 Plugin registered: inventory
plugin.js:15 Plugin registered: shop
plugin.js:15 Plugin registered: prompt-manager
plugin.js:15 Plugin registered: chat-plugin
plugin.js:15 Plugin registered: time-plugin
plugin.js:15 Plugin registered: achievement
plugin.js:15 Plugin registered: adult-tags
plugin.js:15 Plugin registered: simple-story
plugin.js:15 Plugin registered: character-editor
app.js:53 所有模块加载完成
index.js:6 Inventory plugin loaded
index.js:6 Shop plugin loaded
index.js:158 [提示词管理] 插件已加载
index.js:187 [提示词管理] 模板加载完成
index.js:7 Chat plugin loaded
index.js:1264 Time plugin loaded
index.js:6 Achievement plugin loaded
index.js:6 Adult-tags plugin loaded
index.js:83 Simple-story plugin loaded
index.js:7 Character editor plugin loaded
plugin.js:64 All plugins initialized
app.js:62 应用初始化完成
index.js:246 Preset library scanned: 30 worlds
story.js:630 [兴奋值] 新故事开始，角色 陈洛 的 arousal/sexArousal/sexExcitement 已重置为0
story.js:634 [兴奋值] 新故事开始，兴奋值重置为0，冷却列表已清空
index.js:755 [成人标签] 场景未匹配到任何关键词
story.js:1428 [成人标签] 开头故事未触发关键词，跳过成人内容
story.js:630 [兴奋值] 新故事开始，角色 陈洛 的 arousal/sexArousal/sexExcitement 已重置为0
story.js:634 [兴奋值] 新故事开始，兴奋值重置为0，冷却列表已清空
index.js:755 [成人标签] 场景未匹配到任何关键词
story.js:1428 [成人标签] 开头故事未触发关键词，跳过成人内容
ai.js:170 ========== [AI] 输入 ==========
ai.js:174 用户: 【世界背景】
人妻太太-后宫

【角色设定】
角色：陈洛、苏晚晴、林诗雅
[{"id":"mmrdxm12sa46ld2m8a.b","name":"陈洛","role":"男主/人夫","gender":"男","age":28,"profile":{"race":"人类","occupation":"公司职员/人夫","height":"180cm","appearance":"剑眉如成熟的男性般稳重，眸若深潭带着经历沧桑后的沉稳，面容成熟立体带着岁月沉淀的魅力，黑发短促利落梳成成熟的发型看起来就是典型的人夫形象，肌肤是成熟男性的古铜色带着长期锻炼的光泽看起来就是完美的丈夫人选，阴茎粗长约18cm颜色是成熟的深粉色，龟头圆润如成熟的果实散发诱人的气息，睾丸如两颗饱满的石榴大小适中，射精量充沛如成熟的男性般精力旺盛每次都能让妻子满足，颜色浓白如新鲜奶酪，体毛浓密胸毛明显手臂毛发旺盛整个人看起来就是安全感十足的完美人夫是所有女人理想的结婚对象","personality":"成熟稳重、温柔体贴、顾家爱妻、性格温和、善于照顾人、有了妻子后变得非常顾家、愿意为妻子付出一切","hobby"
ai.js:175 ===============================
data.js:48 [自动保存] 14:40:33 - 人妻太太-后宫
data.js:48 [自动保存] 14:41:03 - 人妻太太-后宫
ai.js:204 ========== [AI] 输出 ==========
ai.js:205 # 晨间偶遇

清晨七点半，陈洛提着公文包走出家门。

电梯门即将关闭时，一只手伸了进来。

“请等一下——”

苏晚晴小跑着进了电梯，微微喘着气。她今天穿了件米白色的针织连衣裙，领口是宽松的V字设计，随着呼吸起伏，锁骨下方那片雪白的肌肤若隐若现。她似乎刚洗过澡，黑发还带着湿气，几缕发丝黏在颈侧，散发着淡淡的茉莉花香。

“陈先生，早啊。”她笑着打招呼，顺手将一缕头发别到耳后。

这个动作让连衣裙的领口又往下滑了一点点，陈洛的视线不自觉地被吸引——那V领的边缘正好停在乳沟上方一寸的位置，再往下一点就能看见更多风景，但偏偏就停在那里，让人忍不住想象被布料遮盖的部分是什么模样。

“早，苏太太。”陈洛礼貌地点头，目光移向电梯的数字面板。

电梯开始下行。

苏晚晴从手提包里拿出手机，低头查看消息。她站得离陈洛很近，近到陈洛能闻到她身上沐浴露的香气，还有一丝若有若无的女性体香。

她抬起手臂整理头发时，针织面料的袖子滑到手肘，露出一截白皙的小臂。连衣裙的腰线收得很紧，勾勒出纤细的腰身，而臀部则被柔软的布料包裹出饱满的弧度。当她侧身去按一楼按钮时，陈洛注意到她裙摆下的小腿线条优美，脚踝纤细，穿...
ai.js:206 ==============================
story.js:225 [时间] 开场白未指定时间变化，时间保持不变
ai.js:170 ========== [AI] 输入 ==========
ai.js:174 用户: 请用约100字总结以下场景：

# 晨间偶遇

清晨七点半，陈洛提着公文包走出家门。

电梯门即将关闭时，一只手伸了进来。

“请等一下——”

苏晚晴小跑着进了电梯，微微喘着气。她今天穿了件米白色的针织连衣裙，领口是宽松的V字设计，随着呼吸起伏，锁骨下方那片雪白的肌肤若隐若现。她似乎刚洗过澡，黑发还带着湿气，几缕发丝黏在颈侧，散发着淡淡的茉莉花香。

“陈先生，早啊。”她笑着打招呼，顺手将一缕头发别到耳后。

这个动作让连衣裙的领口又往下滑了一点点，陈洛的视线不自觉地被吸引——那V领的边缘正好停在乳沟上方一寸的位置，再往下一点就能看见更多风景，但偏偏就停在那里，让人忍不住想象被布料遮盖的部分是什么模样。

“早，苏太太。”陈洛礼貌地点头，目光移向电梯的数字面板。

电梯开始下行。

苏晚晴从手提包里拿出手机，低头查看消息。她站得离陈洛很近，近到陈洛能闻到她身上沐浴露的香气，还有一丝若有若无的女性体香。

她抬起手臂整理头发时，针织面料的袖子滑到手肘，露出一截白皙的小臂。连衣裙的腰线收得很紧，勾勒出纤细的腰身，而臀部则被柔软的布料包裹出饱满的弧度。当她侧身去按一楼按钮时，陈洛注意到她裙
ai.js:175 ===============================
ai.js:204 ========== [AI] 输出 ==========
ai.js:205 清晨，陈洛在电梯中偶遇邻居苏晚晴。她身着米白针织裙，微湿的发梢散发茉莉香，V领与贴身剪裁不经意展露身体曲线。陈洛礼貌回应，目光却难移开。电梯下行间，苏晚晴提及丈夫出差，姿态亲近。抵达大堂时，又遇妆容精致、身着真丝套装的林诗雅，干练中透着一丝性感。三人短暂寒暄，晨光中的
ai.js:206 ==============================
ai.js:170 ========== [AI] 输入 ==========
ai.js:174 用户: 请根据以下故事内容生成4个选项。

【上下文信息】


【当前故事内容】
# 晨间偶遇

清晨七点半，陈洛提着公文包走出家门。

电梯门即将关闭时，一只手伸了进来。

“请等一下——”

苏晚晴小跑着进了电梯，微微喘着气。她今天穿了件米白色的针织连衣裙，领口是宽松的V字设计，随着呼吸起伏，锁骨下方那片雪白的肌肤若隐若现。她似乎刚洗过澡，黑发还带着湿气，几缕发丝黏在颈侧，散发着淡淡的茉莉花香。

“陈先生，早啊。”她笑着打招呼，顺手将一缕头发别到耳后。

这个动作让连衣裙的领口又往下滑了一点点，陈洛的视线不自觉地被吸引——那V领的边缘正好停在乳沟上方一寸的位置，再往下一点就能看见更多风景，但偏偏就停在那里，让人忍不住想象被布料遮盖的部分是什么模样。

“早，苏太太。”陈洛礼貌地点头，目光移向电梯的数字面板。

电梯开始下行。

苏晚晴从手提包里拿出手机，低头查看消息。她站得离陈洛很近，近到陈洛能闻到她身上沐浴露的香气，还有一丝若有若无的女性体香。

她抬起手臂整理头发时，针织面料的袖子滑到手肘，露出一截白皙的小臂。连衣裙的腰线收得很紧，勾勒出纤细的腰身，而臀部则被柔软的布料包裹出饱满的弧
ai.js:175 ===============================
ai.js:204 ========== [AI] 输出 ==========
ai.js:205 选项1（日常）：礼貌地向两位女士点头道别，径直走向停车场准备上班。
选项2（日常）：停下脚步与林诗雅寒暄几句，询问她是否也需要去往某个方向。
选项3（色色）：在靠近林诗雅取信时，借着晨光低声赞叹她今天的装扮格外迷人。
选项4（淫荡）：趁大堂无人，直接贴近林诗雅身后，手指轻抚她的后腰并提议上楼“坐坐”。
ai.js:206 ==============================
ai.js:170 ========== [AI] 输入 ==========
ai.js:174 用户: 请从以下故事内容中提取出现的物品：

# 晨间偶遇

清晨七点半，陈洛提着公文包走出家门。

电梯门即将关闭时，一只手伸了进来。

“请等一下——”

苏晚晴小跑着进了电梯，微微喘着气。她今天穿了件米白色的针织连衣裙，领口是宽松的V字设计，随着呼吸起伏，锁骨下方那片雪白的肌肤若隐若现。她似乎刚洗过澡，黑发还带着湿气，几缕发丝黏在颈侧，散发着淡淡的茉莉花香。

“陈先生，早啊。”她笑着打招呼，顺手将一缕头发别到耳后。

这个动作让连衣裙的领口又往下滑了一点点，陈洛的视线不自觉地被吸引——那V领的边缘正好停在乳沟上方一寸的位置，再往下一点就能看见更多风景，但偏偏就停在那里，让人忍不住想象被布料遮盖的部分是什么模样。

“早，苏太太。”陈洛礼貌地点头，目光移向电梯的数字面板。

电梯开始下行。

苏晚晴从手提包里拿出手机，低头查看消息。她站得离陈洛很近，近到陈洛能闻到她身上沐浴露的香气，还有一丝若有若无的女性体香。

她抬起手臂整理头发时，针织面料的袖子滑到手肘，露出一截白皙的小臂。连衣裙的腰线收得很紧，勾勒出纤细的腰身，而臀部则被柔软的布料包裹出饱满的弧度。当她侧身去按一楼按钮时，陈洛注意
ai.js:175 ===============================
ai.js:204 ========== [AI] 输出 ==========
ai.js:205 根据故事内容提取的物品名称如下：

1. 公文包  
2. 电梯  
3. 米白色针织连衣裙  
4. 手机  
5. 手提包  
6. 浅口平底鞋  
7. 香槟色真丝套装（包括短款上衣和阔腿裤）  
8. 高跟鞋  
9. 信箱  
10. 信  
11. 手提包（林诗雅的）  

注：故事中提到的“内衣
ai.js:206 ==============================
story.js:1308 [物品提取] AI分析结果: 根据故事内容提取的物品名称如下：

1. 公文包  
2. 电梯  
3. 米白色针织连衣裙  
4. 手机  
5. 手提包  
6. 浅口平底鞋  
7. 香槟色真丝套装（包括短款上衣和阔腿裤）  
8. 高跟鞋  
9. 信箱  
10. 信  
11. 手提包（林诗雅的）  

注：故事中提到的“内衣
story.js:1327  [物品提取] 添加失败: 根据故事内容提取的物品名称如下： TypeError: Data.addItem is not a function
    at Object._applyExtractedItems (story.js:1324:30)
    at Object.extractItemsFromStory (story.js:1311:26)
    at async Object._processGeneratedStory (story.js:279:9)
    at async Object.start (story.js:365:13)
    at async Object.startStory (story-controller.js:18:13)
_applyExtractedItems @ story.js:1327
extractItemsFromStory @ story.js:1311
await in extractItemsFromStory
_processGeneratedStory @ story.js:279
await in _processGeneratedStory
start @ story.js:365
await in start
startStory @ story-controller.js:18
window.startStory @ story-controller.js:422
onclick @ 14.0/:1
story.js:1327  [物品提取] 添加失败: 1. 公文包 TypeError: Data.addItem is not a function
    at Object._applyExtractedItems (story.js:1324:30)
    at Object.extractItemsFromStory (story.js:1311:26)
    at async Object._processGeneratedStory (story.js:279:9)
    at async Object.start (story.js:365:13)
    at async Object.startStory (story-controller.js:18:13)
_applyExtractedItems @ story.js:1327
extractItemsFromStory @ story.js:1311
await in extractItemsFromStory
_processGeneratedStory @ story.js:279
await in _processGeneratedStory
start @ story.js:365
await in start
startStory @ story-controller.js:18
window.startStory @ story-controller.js:422
onclick @ 14.0/:1
story.js:1327  [物品提取] 添加失败: 2. 电梯 TypeError: Data.addItem is not a function
    at Object._applyExtractedItems (story.js:1324:30)
    at Object.extractItemsFromStory (story.js:1311:26)
    at async Object._processGeneratedStory (story.js:279:9)
    at async Object.start (story.js:365:13)
    at async Object.startStory (story-controller.js:18:13)
_applyExtractedItems @ story.js:1327
extractItemsFromStory @ story.js:1311
await in extractItemsFromStory
_processGeneratedStory @ story.js:279
await in _processGeneratedStory
start @ story.js:365
await in start
startStory @ story-controller.js:18
window.startStory @ story-controller.js:422
onclick @ 14.0/:1
story.js:1327  [物品提取] 添加失败: 3. 米白色针织连衣裙 TypeError: Data.addItem is not a function
    at Object._applyExtractedItems (story.js:1324:30)
    at Object.extractItemsFromStory (story.js:1311:26)
    at async Object._processGeneratedStory (story.js:279:9)
    at async Object.start (story.js:365:13)
    at async Object.startStory (story-controller.js:18:13)
_applyExtractedItems @ story.js:1327
extractItemsFromStory @ story.js:1311
await in extractItemsFromStory
_processGeneratedStory @ story.js:279
await in _processGeneratedStory
start @ story.js:365
await in start
startStory @ story-controller.js:18
window.startStory @ story-controller.js:422
onclick @ 14.0/:1
story.js:1327  [物品提取] 添加失败: 4. 手机 TypeError: Data.addItem is not a function
    at Object._applyExtractedItems (story.js:1324:30)
    at Object.extractItemsFromStory (story.js:1311:26)
    at async Object._processGeneratedStory (story.js:279:9)
    at async Object.start (story.js:365:13)
    at async Object.startStory (story-controller.js:18:13)
_applyExtractedItems @ story.js:1327
extractItemsFromStory @ story.js:1311
await in extractItemsFromStory
_processGeneratedStory @ story.js:279
await in _processGeneratedStory
start @ story.js:365
await in start
startStory @ story-controller.js:18
window.startStory @ story-controller.js:422
onclick @ 14.0/:1
story.js:1327  [物品提取] 添加失败: 5. 手提包 TypeError: Data.addItem is not a function
    at Object._applyExtractedItems (story.js:1324:30)
    at Object.extractItemsFromStory (story.js:1311:26)
    at async Object._processGeneratedStory (story.js:279:9)
    at async Object.start (story.js:365:13)
    at async Object.startStory (story-controller.js:18:13)
_applyExtractedItems @ story.js:1327
extractItemsFromStory @ story.js:1311
await in extractItemsFromStory
_processGeneratedStory @ story.js:279
await in _processGeneratedStory
start @ story.js:365
await in start
startStory @ story-controller.js:18
window.startStory @ story-controller.js:422
onclick @ 14.0/:1
story.js:1327  [物品提取] 添加失败: 6. 浅口平底鞋 TypeError: Data.addItem is not a function
    at Object._applyExtractedItems (story.js:1324:30)
    at Object.extractItemsFromStory (story.js:1311:26)
    at async Object._processGeneratedStory (story.js:279:9)
    at async Object.start (story.js:365:13)
    at async Object.startStory (story-controller.js:18:13)
_applyExtractedItems @ story.js:1327
extractItemsFromStory @ story.js:1311
await in extractItemsFromStory
_processGeneratedStory @ story.js:279
await in _processGeneratedStory
start @ story.js:365
await in start
startStory @ story-controller.js:18
window.startStory @ story-controller.js:422
onclick @ 14.0/:1
story.js:1327  [物品提取] 添加失败: 8. 高跟鞋 TypeError: Data.addItem is not a function
    at Object._applyExtractedItems (story.js:1324:30)
    at Object.extractItemsFromStory (story.js:1311:26)
    at async Object._processGeneratedStory (story.js:279:9)
    at async Object.start (story.js:365:13)
    at async Object.startStory (story-controller.js:18:13)
_applyExtractedItems @ story.js:1327
extractItemsFromStory @ story.js:1311
await in extractItemsFromStory
_processGeneratedStory @ story.js:279
await in _processGeneratedStory
start @ story.js:365
await in start
startStory @ story-controller.js:18
window.startStory @ story-controller.js:422
onclick @ 14.0/:1
story.js:1327  [物品提取] 添加失败: 9. 信箱 TypeError: Data.addItem is not a function
    at Object._applyExtractedItems (story.js:1324:30)
    at Object.extractItemsFromStory (story.js:1311:26)
    at async Object._processGeneratedStory (story.js:279:9)
    at async Object.start (story.js:365:13)
    at async Object.startStory (story-controller.js:18:13)
_applyExtractedItems @ story.js:1327
extractItemsFromStory @ story.js:1311
await in extractItemsFromStory
_processGeneratedStory @ story.js:279
await in _processGeneratedStory
start @ story.js:365
await in start
startStory @ story-controller.js:18
window.startStory @ story-controller.js:422
onclick @ 14.0/:1
story.js:1327  [物品提取] 添加失败: 10. 信 TypeError: Data.addItem is not a function
    at Object._applyExtractedItems (story.js:1324:30)
    at Object.extractItemsFromStory (story.js:1311:26)
    at async Object._processGeneratedStory (story.js:279:9)
    at async Object.start (story.js:365:13)
    at async Object.startStory (story-controller.js:18:13)
_applyExtractedItems @ story.js:1327
extractItemsFromStory @ story.js:1311
await in extractItemsFromStory
_processGeneratedStory @ story.js:279
await in _processGeneratedStory
start @ story.js:365
await in start
startStory @ story-controller.js:18
window.startStory @ story-controller.js:422
onclick @ 14.0/:1
story.js:1327  [物品提取] 添加失败: 11. 手提包（林诗雅的） TypeError: Data.addItem is not a function
    at Object._applyExtractedItems (story.js:1324:30)
    at Object.extractItemsFromStory (story.js:1311:26)
    at async Object._processGeneratedStory (story.js:279:9)
    at async Object.start (story.js:365:13)
    at async Object.startStory (story-controller.js:18:13)
_applyExtractedItems @ story.js:1327
extractItemsFromStory @ story.js:1311
await in extractItemsFromStory
_processGeneratedStory @ story.js:279
await in _processGeneratedStory
start @ story.js:365
await in start
startStory @ story-controller.js:18
window.startStory @ story-controller.js:422
onclick @ 14.0/:1
story.js:1327  [物品提取] 添加失败: 注：故事中提到的“内衣 TypeError: Data.addItem is not a function
    at Object._applyExtractedItems (story.js:1324:30)
    at Object.extractItemsFromStory (story.js:1311:26)
    at async Object._processGeneratedStory (story.js:279:9)
    at async Object.start (story.js:365:13)
    at async Object.startStory (story-controller.js:18:13)
_applyExtractedItems @ story.js:1327
extractItemsFromStory @ story.js:1311
await in extractItemsFromStory
_processGeneratedStory @ story.js:279
await in _processGeneratedStory
start @ story.js:365
await in start
startStory @ story-controller.js:18
window.startStory @ story-controller.js:422
onclick @ 14.0/:1
story.js:1334 [故事生成器] 更新角色关系
data.js:48 [自动保存] 14:41:33 - 人妻太太-后宫
