plugin.js:15 Plugin registered: inventory
plugin.js:15 Plugin registered: shop
plugin.js:15 Plugin registered: prompt-manager
plugin.js:15 Plugin registered: chat-plugin
plugin.js:15 Plugin registered: time-plugin
plugin.js:15 Plugin registered: achievement
plugin.js:15 Plugin registered: adult-tags
plugin.js:15 Plugin registered: simple-story
plugin.js:15 Plugin registered: character-editor
app.js:53 所有模块加载完成
index.js:6 Inventory plugin loaded
index.js:6 Shop plugin loaded
index.js:182 [提示词管理] 插件已加载
index.js:211 [提示词管理] 模板加载完成
index.js:7 Chat plugin loaded
index.js:1264 Time plugin loaded
index.js:6 Achievement plugin loaded
index.js:6 Adult-tags plugin loaded
index.js:83 Simple-story plugin loaded
index.js:7 Character editor plugin loaded
plugin.js:64 All plugins initialized
app.js:62 应用初始化完成
index.html?page=plugins:1 [DOM] Password field is not contained in a form: (More info: https://www.chromium.org/developers/design-documents/create-amazing-password-forms) <input type=​"password" id=​"apiKey" value placeholder=​"请输入API Key" autocomplete=​"off">​
story.js:633 [性欲] 新故事开始，所有角色的性欲已重置为0
story.js:637 [性欲] 新故事开始，冷却列表已清空
index.js:782 [成人标签] 场景未匹配到任何关键词
story.js:1466 [成人标签] 开头故事未触发关键词，跳过成人内容
ai.js:170 ========== [AI] 输入 ==========
ai.js:174 用户: 【世界背景】
巨龙-纯爱

【角色设定】
角色：陈风、艾露西亚
[{"id":"mmrts1fj7m77uur373s.","name":"陈风","role":"主角/穿越冒险者","gender":"男","age":25,"profile":{"race":"人类（穿越者）","occupation":"新手冒险者/前米其林厨师","height":"178cm","appearance":"面容清秀温和像邻家大哥哥，剑眉下的桃花眼总是带着懒散的笑意，黑发略长略显凌乱带着几根呆毛看起来就是普通青年的样子，嘴角常带温和的笑容让人如沐春风，肌肤是现代人的白净看起来就是温室里的花朵完全不像冒险者，整个人看起来人畜无害就是普通的宅男穿越到异世界，但做起饭来瞬间像变了个人双眼发光整个人都在发光，阴茎粗长约16cm颜色是干净的肉粉色透着他现代人的干净清爽，龟头圆润如他做的料理般精致可爱，睾丸如两颗小笼包大小适中不会太重，射精量充足如他的厨艺般恰到好处不会太多也不会太少刚刚好，体毛适中四肢干净看起来清爽纯洁像刚出社会的年轻人是标准的小鲜肉类型","personality":"温和懒散、有点逗比
ai.js:175 ===============================
ai.js:204 ========== [AI] 输出 ==========
ai.js:205 清晨的阳光透过树梢洒在营地，艾露西亚正蹲在溪边洗漱。她俯身掬水时，宽松的睡袍领口自然垂落，露出一片雪白的肩颈曲线，晨光在那片肌肤上镀了层柔和的淡金。银白色长发从耳侧滑落，发梢轻轻扫过水面，荡开一圈涟漪。

“陈风，早饭呢？”她转头问道，紫罗兰色的眼眸还带着刚睡醒的朦胧。起身时睡袍下摆被溪边的石头勾了一下，修长的小腿线条一闪而过，脚踝处细腻的皮肤上还沾着几颗晶莹的水珠。

陈风正在火堆旁翻烤着鱼，抬头时恰好看见她赤足踩在青苔上的模样，脚趾微微蜷起像是怕冷。他轻咳一声移开视线：“马上就好，你先擦擦脚，别着凉了。”
ai.js:206 ==============================
story.js:224 [时间] 开场白未指定时间变化，时间保持不变
ai.js:170 ========== [AI] 输入 ==========
ai.js:174 用户: 请用约100字总结以下场景：

清晨的阳光透过树梢洒在营地，艾露西亚正蹲在溪边洗漱。她俯身掬水时，宽松的睡袍领口自然垂落，露出一片雪白的肩颈曲线，晨光在那片肌肤上镀了层柔和的淡金。银白色长发从耳侧滑落，发梢轻轻扫过水面，荡开一圈涟漪。

“陈风，早饭呢？”她转头问道，紫罗兰色的眼眸还带着刚睡醒的朦胧。起身时睡袍下摆被溪边的石头勾了一下，修长的小腿线条一闪而过，脚踝处细腻的皮肤上还沾着几颗晶莹的水珠。

陈风正在火堆旁翻烤着鱼，抬头时恰好看见她赤足踩在青苔上的模样，脚趾微微蜷起像是怕冷。他轻咳一声移开视线：“马上就好，你先擦擦脚，别着凉了。”
ai.js:175 ===============================
ai.js:204 ========== [AI] 输出 ==========
ai.js:205 晨光溪畔，艾露西亚洗漱时睡袍松垂，露出镀金的肩颈与小腿。她睡眼朦胧地催问早餐，赤足踩苔，脚踝沾珠。陈风烤鱼时瞥见，轻咳移目，叮嘱她擦脚防寒。
ai.js:206 ==============================
ai.js:170 ========== [AI] 输入 ==========
ai.js:174 用户: 请根据以下故事内容和上下文生成4个选项。

【上下文】


【当前故事内容】
清晨的阳光透过树梢洒在营地，艾露西亚正蹲在溪边洗漱。她俯身掬水时，宽松的睡袍领口自然垂落，露出一片雪白的肩颈曲线，晨光在那片肌肤上镀了层柔和的淡金。银白色长发从耳侧滑落，发梢轻轻扫过水面，荡开一圈涟漪。

“陈风，早饭呢？”她转头问道，紫罗兰色的眼眸还带着刚睡醒的朦胧。起身时睡袍下摆被溪边的石头勾了一下，修长的小腿线条一闪而过，脚踝处细腻的皮肤上还沾着几颗晶莹的水珠。

陈风正在火堆旁翻烤着鱼，抬头时恰好看见她赤足踩在青苔上的模样，脚趾微微蜷起像是怕冷。他轻咳一声移开视线：“马上就好，你先擦擦脚，别着凉了。”

角色：陈风、艾露西亚

【重要提示】
- 仔细分析当前故事内容的场景状态
- 如果角色已经离开、故事已结束、或场景发生变化，选项应该反映这种变化
- 选项要符合当前故事的逻辑发展，不要硬凑互动
- 选项1-2应该是日常/平和的行为
- 选项3-4可以逐渐增加亲密程度，但不要突兀

【选项要求】
- 选项1（日常）：继续做自己的事、思考、离开、休息等
- 选项2（日常）：轻微的动作、环境观察、轻度互动等
ai.js:175 ===============================
data.js:48 [自动保存] 22:04:19 - 巨龙-纯爱
ai.js:204 ========== [AI] 输出 ==========
ai.js:205 选项1（日常）：继续翻烤鱼肉，同时提醒她溪边石头湿滑，注意别摔倒。  
选项2（日常）：从行囊里取出干净的布巾递过去，让她擦干脚上的水珠。  
选项3（色色）：走到她身边蹲下，用布巾轻轻裹住她的脚踝擦拭，手指似有若无地抚过皮肤。  
选项4（淫荡）：伸手将她拉近，低头吻了吻她的肩膀，低声说“早饭不急……先让我尝尝别的地方”。
ai.js:206 ==============================
ai.js:170 ========== [AI] 输入 ==========
ai.js:174 用户: 请分析以下故事内容对角色属性的影响。

【角色列表】
陈风、艾露西亚

【角色当前属性】
陈风: 性欲:0, sexArousal:0, sexExcitement:0
艾露西亚: 性欲:0, sexArousal:0, sexExcitement:0

【故事内容】
清晨的阳光透过树梢洒在营地，艾露西亚正蹲在溪边洗漱。她俯身掬水时，宽松的睡袍领口自然垂落，露出一片雪白的肩颈曲线，晨光在那片肌肤上镀了层柔和的淡金。银白色长发从耳侧滑落，发梢轻轻扫过水面，荡开一圈涟漪。

“陈风，早饭呢？”她转头问道，紫罗兰色的眼眸还带着刚睡醒的朦胧。起身时睡袍下摆被溪边的石头勾了一下，修长的小腿线条一闪而过，脚踝处细腻的皮肤上还沾着几颗晶莹的水珠。

陈风正在火堆旁翻烤着鱼，抬头时恰好看见她赤足踩在青苔上的模样，脚趾微微蜷起像是怕冷。他轻咳一声移开视线：“马上就好，你先擦擦脚，别着凉了。”

请分析故事内容中每个角色的情绪反应和互动结果，输出属性变化。

【可用属性】（仅使用以下5个属性，使用中文名称）：
- 性欲：看到性感场面或亲密互动时的兴奋程度
- 亲密：对角色的好感度和亲密程度
- 经验：性经
ai.js:175 ===============================
ai.js:204 ========== [AI] 输出 ==========
ai.js:205 陈风: 亲密+1
艾露西亚: 亲密+1
ai.js:206 ==============================
index.js:40 [角色属性] AI分析结果: 陈风: 亲密+1
艾露西亚: 亲密+1
index.js:121 [角色属性] 陈风.intimacy +1 = 1
index.js:121 [角色属性] 艾露西亚.intimacy +1 = 1
index.js:125 [角色属性] 共更新 2 个属性
data.js:48 [自动保存] 22:04:49 - 巨龙-纯爱
data.js:48 [自动保存] 22:05:19 - 巨龙-纯爱
